#
# A fatal error has been detected by the Java Runtime Environment:
#
#  EXCEPTION_ACCESS_VIOLATION (0xc0000005) at pc=0x00007ffedaacef27, pid=14892, tid=2368
#
# JRE version: OpenJDK Runtime Environment Corretto-21.0.4.7.1 (21.0.4+7) (build 21.0.4+7-LTS)
# Java VM: OpenJDK 64-Bit Server VM Corretto-21.0.4.7.1 (21.0.4+7-LTS, mixed mode, sharing, tiered, compressed oops, compressed class ptrs, g1 gc, windows-amd64)
# Problematic frame:
# C  [lwjgl_opengl.dll+0xef27]
#
# No core dump will be written. Minidumps are not enabled by default on client versions of Windows
#
# If you would like to submit a bug report, please visit:
#   https://github.com/corretto/corretto-21/issues/
# The crash happened outside the Java Virtual Machine in native code.
# See problematic frame for where to report the bug.
#

---------------  S U M M A R Y ------------

Command Line: -javaagent:C:\Program Files\JetBrains\IntelliJ IDEA 2024.1.5\lib\idea_rt.jar=62508:C:\Program Files\JetBrains\IntelliJ IDEA 2024.1.5\bin -Dfile.encoding=UTF-8 -Dsun.stdout.encoding=UTF-8 -Dsun.stderr.encoding=UTF-8 tk.ff0044.lwkglTutorial.game.MainKt

Host: 11th Gen Intel(R) Core(TM) i7-1165G7 @ 2.80GHz, 8 cores, 31G,  Windows 11 , 64 bit Build 22621 (10.0.22621.4000)
Time: Mon Oct 21 15:07:38 2024 AUS Eastern Summer Time elapsed time: 0.709823 seconds (0d 0h 0m 0s)

---------------  T H R E A D  ---------------

Current thread (0x000001dafef4cf40):  JavaThread "main"             [_thread_in_native, id=2368, stack(0x0000001d58b00000,0x0000001d58c00000) (1024K)]

Stack: [0x0000001d58b00000,0x0000001d58c00000],  sp=0x0000001d58bff3e8,  free space=1020k
Native frames: (J=compiled Java code, j=interpreted, Vv=VM code, C=native code)
C  [lwjgl_opengl.dll+0xef27]

Java frames: (J=compiled Java code, j=interpreted, Vv=VM code)
j  org.lwjgl.opengl.GL20C.glCreateProgram()I+0
j  org.lwjgl.opengl.GL20.glCreateProgram()I+0
j  tk.ff0044.lwkglTutorial.engine.graph.ShaderProgram.<init>()V+5
j  tk.ff0044.lwkglTutorial.game.Renderer.<init>()V+9
j  tk.ff0044.lwkglTutorial.game.DummyGame.<init>()V+9
j  tk.ff0044.lwkglTutorial.game.MainKt.main([Ljava/lang/String;)V+368
v  ~StubRoutines::call_stub 0x000001da90f610e7

siginfo: EXCEPTION_ACCESS_VIOLATION (0xc0000005), reading address 0x0000000000000e20


Registers:
RAX=0x0000000000000000, RBX=0x000001dae7533c88, RCX=0x000001dafef4d2f8, RDX=0x0000001d58bff470
RSP=0x0000001d58bff3e8, RBP=0x0000001d58bff460, RSI=0x0000000000000001, RDI=0x0000000000001a64
R8 =0x0000000000000002, R9 =0x0000000000000002, R10=0x000001da90f6cf1c, R11=0x0000000621b5aa50
R12=0x0000000000000000, R13=0x000001dae7533c80, R14=0x0000001d58bff478, R15=0x000001dafef4cf40
RIP=0x00007ffedaacef27, EFLAGS=0x0000000000010206


Register to memory mapping:

RAX=0x0 is null
RBX={method} {0x000001dae7533c90} 'glCreateProgram' '()I' in 'org/lwjgl/opengl/GL20C'
RCX=0x000001dafef4d2f8 points into unknown readable memory: 0x000001daeb35e020 | 20 e0 35 eb da 01 00 00
RDX=0x0000001d58bff470 is pointing into the stack for thread: 0x000001dafef4cf40
RSP=0x0000001d58bff3e8 is pointing into the stack for thread: 0x000001dafef4cf40
RBP=0x0000001d58bff460 is pointing into the stack for thread: 0x000001dafef4cf40
RSI=0x0000000000000001 is an unknown value
RDI=0x0000000000001a64 is an unknown value
R8 =0x0000000000000002 is an unknown value
R9 =0x0000000000000002 is an unknown value
R10=0x000001da90f6cf1c is at code_begin+1020 in an Interpreter codelet
native method entry point (kind = native)  [0x000001da90f6cb20, 0x000001da90f6d748]  3112 bytes
R11=0x0000000621b5aa50 is an oop: java.lang.Class 
{0x0000000621b5aa50} - klass: 'java/lang/Class'
 - ---- fields (total size 54 words):
 - private volatile transient 'classRedefinedCount' 'I' @12  0 (0x00000000)
 - injected 'klass' 'J' @16  2038616844376 (0x000001daa7086858)
 - injected 'array_klass' 'J' @24  0 (0x0000000000000000)
 - injected 'oop_size' 'I' @32  54 (0x00000036)
 - injected 'static_oop_field_count' 'I' @36  0 (0x00000000)
 - private volatile transient 'cachedConstructor' 'Ljava/lang/reflect/Constructor;' @40  null (0x00000000)
 - private transient 'name' 'Ljava/lang/String;' @44  "org.lwjgl.opengl.GL20C"{0x0000000621b5ac00} (0xc436b580)
 - private transient 'module' 'Ljava/lang/Module;' @48  a 'java/lang/Module'{0x0000000622073640} (0xc440e6c8)
 - private final 'classLoader' 'Ljava/lang/ClassLoader;' @52  a 'jdk/internal/loader/ClassLoaders$AppClassLoader'{0x0000000622073480} (0xc440e690)
 - private transient 'classData' 'Ljava/lang/Object;' @56  null (0x00000000)
 - private transient 'packageName' 'Ljava/lang/String;' @60  "org.lwjgl.opengl"{0x0000000621817728} (0xc4302ee5)
 - private final 'componentType' 'Ljava/lang/Class;' @64  null (0x00000000)
 - private volatile transient 'reflectionData' 'Ljava/lang/ref/SoftReference;' @68  null (0x00000000)
 - private volatile transient 'genericInfo' 'Lsun/reflect/generics/repository/ClassRepository;' @72  null (0x00000000)
 - private volatile transient 'enumConstants' '[Ljava/lang/Object;' @76  null (0x00000000)
 - private volatile transient 'enumConstantDirectory' 'Ljava/util/Map;' @80  null (0x00000000)
 - private volatile transient 'annotationData' 'Ljava/lang/Class$AnnotationData;' @84  null (0x00000000)
 - private volatile transient 'annotationType' 'Lsun/reflect/annotation/AnnotationType;' @88  null (0x00000000)
 - transient 'classValueMap' 'Ljava/lang/ClassValue$ClassValueMap;' @92  null (0x00000000)
 - injected 'protection_domain' 'Ljava/lang/Object;' @96  a 'java/security/ProtectionDomain'{0x000000062183aa98} (0xc4307553)
 - injected 'signers_name' 'Ljava/lang/Object;' @100  null (0x00000000)
 - injected 'source_file' 'Ljava/lang/Object;' @104  null (0x00000000)
 - signature: Lorg/lwjgl/opengl/GL20C;
 - ---- static fields (0):
 - public static final 'GL_SHADING_LANGUAGE_VERSION' 'I' @112  35724 (0x00008b8c)
 - public static final 'GL_CURRENT_PROGRAM' 'I' @116  35725 (0x00008b8d)
 - public static final 'GL_SHADER_TYPE' 'I' @120  35663 (0x00008b4f)
 - public static final 'GL_DELETE_STATUS' 'I' @124  35712 (0x00008b80)
 - public static final 'GL_COMPILE_STATUS' 'I' @128  35713 (0x00008b81)
 - public static final 'GL_LINK_STATUS' 'I' @132  35714 (0x00008b82)
 - public static final 'GL_VALIDATE_STATUS' 'I' @136  35715 (0x00008b83)
 - public static final 'GL_INFO_LOG_LENGTH' 'I' @140  35716 (0x00008b84)
 - public static final 'GL_ATTACHED_SHADERS' 'I' @144  35717 (0x00008b85)
 - public static final 'GL_ACTIVE_UNIFORMS' 'I' @148  35718 (0x00008b86)
 - public static final 'GL_ACTIVE_UNIFORM_MAX_LENGTH' 'I' @152  35719 (0x00008b87)
 - public static final 'GL_ACTIVE_ATTRIBUTES' 'I' @156  35721 (0x00008b89)
 - public static final 'GL_ACTIVE_ATTRIBUTE_MAX_LENGTH' 'I' @160  35722 (0x00008b8a)
 - public static final 'GL_SHADER_SOURCE_LENGTH' 'I' @164  35720 (0x00008b88)
 - public static final 'GL_FLOAT_VEC2' 'I' @168  35664 (0x00008b50)
 - public static final 'GL_FLOAT_VEC3' 'I' @172  35665 (0x00008b51)
 - public static final 'GL_FLOAT_VEC4' 'I' @176  35666 (0x00008b52)
 - public static final 'GL_INT_VEC2' 'I' @180  35667 (0x00008b53)
 - public static final 'GL_INT_VEC3' 'I' @184  35668 (0x00008b54)
 - public static final 'GL_INT_VEC4' 'I' @188  35669 (0x00008b55)
 - public static final 'GL_BOOL' 'I' @192  35670 (0x00008b56)
 - public static final 'GL_BOOL_VEC2' 'I' @196  35671 (0x00008b57)
 - public static final 'GL_BOOL_VEC3' 'I' @200  35672 (0x00008b58)
 - public static final 'GL_BOOL_VEC4' 'I' @204  35673 (0x00008b59)
 - public static final 'GL_FLOAT_MAT2' 'I' @208  35674 (0x00008b5a)
 - public static final 'GL_FLOAT_MAT3' 'I' @212  35675 (0x00008b5b)
 - public static final 'GL_FLOAT_MAT4' 'I' @216  35676 (0x00008b5c)
 - public static final 'GL_SAMPLER_1D' 'I' @220  35677 (0x00008b5d)
 - public static final 'GL_SAMPLER_2D' 'I' @224  35678 (0x00008b5e)
 - public static final 'GL_SAMPLER_3D' 'I' @228  35679 (0x00008b5f)
 - public static final 'GL_SAMPLER_CUBE' 'I' @232  35680 (0x00008b60)
 - public static final 'GL_SAMPLER_1D_SHADOW' 'I' @236  35681 (0x00008b61)
 - public static final 'GL_SAMPLER_2D_SHADOW' 'I' @240  35682 (0x00008b62)
 - public static final 'GL_VERTEX_SHADER' 'I' @244  35633 (0x00008b31)
 - public static final 'GL_MAX_VERTEX_UNIFORM_COMPONENTS' 'I' @248  35658 (0x00008b4a)
 - public static final 'GL_MAX_VARYING_FLOATS' 'I' @252  35659 (0x00008b4b)
 - public static final 'GL_MAX_VERTEX_ATTRIBS' 'I' @256  34921 (0x00008869)
 - public static final 'GL_MAX_TEXTURE_IMAGE_UNITS' 'I' @260  34930 (0x00008872)
 - public static final 'GL_MAX_VERTEX_TEXTURE_IMAGE_UNITS' 'I' @264  35660 (0x00008b4c)
 - public static final 'GL_MAX_COMBINED_TEXTURE_IMAGE_UNITS' 'I' @268  35661 (0x00008b4d)
 - public static final 'GL_VERTEX_PROGRAM_POINT_SIZE' 'I' @272  34370 (0x00008642)
 - public static final 'GL_VERTEX_ATTRIB_ARRAY_ENABLED' 'I' @276  34338 (0x00008622)
 - public static final 'GL_VERTEX_ATTRIB_ARRAY_SIZE' 'I' @280  34339 (0x00008623)
 - public static final 'GL_VERTEX_ATTRIB_ARRAY_STRIDE' 'I' @284  34340 (0x00008624)
 - public static final 'GL_VERTEX_ATTRIB_ARRAY_TYPE' 'I' @288  34341 (0x00008625)
 - public static final 'GL_VERTEX_ATTRIB_ARRAY_NORMALIZED' 'I' @292  34922 (0x0000886a)
 - public static final 'GL_CURRENT_VERTEX_ATTRIB' 'I' @296  34342 (0x00008626)
 - public static final 'GL_VERTEX_ATTRIB_ARRAY_POINTER' 'I' @300  34373 (0x00008645)
 - public static final 'GL_FRAGMENT_SHADER' 'I' @304  35632 (0x00008b30)
 - public static final 'GL_MAX_FRAGMENT_UNIFORM_COMPONENTS' 'I' @308  35657 (0x00008b49)
 - public static final 'GL_FRAGMENT_SHADER_DERIVATIVE_HINT' 'I' @312  35723 (0x00008b8b)
 - public static final 'GL_MAX_DRAW_BUFFERS' 'I' @316  34852 (0x00008824)
 - public static final 'GL_DRAW_BUFFER0' 'I' @320  34853 (0x00008825)
 - public static final 'GL_DRAW_BUFFER1' 'I' @324  34854 (0x00008826)
 - public static final 'GL_DRAW_BUFFER2' 'I' @328  34855 (0x00008827)
 - public static final 'GL_DRAW_BUFFER3' 'I' @332  34856 (0x00008828)
 - public static final 'GL_DRAW_BUFFER4' 'I' @336  34857 (0x00008829)
 - public static final 'GL_DRAW_BUFFER5' 'I' @340  34858 (0x0000882a)
 - public static final 'GL_DRAW_BUFFER6' 'I' @344  34859 (0x0000882b)
 - public static final 'GL_DRAW_BUFFER7' 'I' @348  34860 (0x0000882c)
 - public static final 'GL_DRAW_BUFFER8' 'I' @352  34861 (0x0000882d)
 - public static final 'GL_DRAW_BUFFER9' 'I' @356  34862 (0x0000882e)
 - public static final 'GL_DRAW_BUFFER10' 'I' @360  34863 (0x0000882f)
 - public static final 'GL_DRAW_BUFFER11' 'I' @364  34864 (0x00008830)
 - public static final 'GL_DRAW_BUFFER12' 'I' @368  34865 (0x00008831)
 - public static final 'GL_DRAW_BUFFER13' 'I' @372  34866 (0x00008832)
 - public static final 'GL_DRAW_BUFFER14' 'I' @376  34867 (0x00008833)
 - public static final 'GL_DRAW_BUFFER15' 'I' @380  34868 (0x00008834)
 - public static final 'GL_POINT_SPRITE_COORD_ORIGIN' 'I' @384  36000 (0x00008ca0)
 - public static final 'GL_LOWER_LEFT' 'I' @388  36001 (0x00008ca1)
 - public static final 'GL_UPPER_LEFT' 'I' @392  36002 (0x00008ca2)
 - public static final 'GL_BLEND_EQUATION_RGB' 'I' @396  32777 (0x00008009)
 - public static final 'GL_BLEND_EQUATION_ALPHA' 'I' @400  34877 (0x0000883d)
 - public static final 'GL_STENCIL_BACK_FUNC' 'I' @404  34816 (0x00008800)
 - public static final 'GL_STENCIL_BACK_FAIL' 'I' @408  34817 (0x00008801)
 - public static final 'GL_STENCIL_BACK_PASS_DEPTH_FAIL' 'I' @412  34818 (0x00008802)
 - public static final 'GL_STENCIL_BACK_PASS_DEPTH_PASS' 'I' @416  34819 (0x00008803)
 - public static final 'GL_STENCIL_BACK_REF' 'I' @420  36003 (0x00008ca3)
 - public static final 'GL_STENCIL_BACK_VALUE_MASK' 'I' @424  36004 (0x00008ca4)
 - public static final 'GL_STENCIL_BACK_WRITEMASK' 'I' @428  36005 (0x00008ca5)
R12=0x0 is null
R13=0x000001dae7533c80 is pointing into metadata
R14=0x0000001d58bff478 is pointing into the stack for thread: 0x000001dafef4cf40
R15=0x000001dafef4cf40 is a thread

Top of Stack: (sp=0x0000001d58bff3e8)
0x0000001d58bff3e8:   000001da90f6cf4b 000001dae7533c88
0x0000001d58bff3f8:   0000000000000001 000001dae7456948
0x0000001d58bff408:   000001dafef4cf40 000001da90f6cbdf
0x0000001d58bff418:   0000001d58bff418 000001dae7533c80
0x0000001d58bff428:   0000000000000003 000001dae7560920
0x0000001d58bff438:   0000000000000000 0000000621b5aa50
0x0000001d58bff448:   000001dae7533c88 0000000000000000
0x0000001d58bff458:   0000001d58bff480 0000001d58bff4c8
0x0000001d58bff468:   000001da90f68988 0000000621b5aa50
0x0000001d58bff478:   000001da90f6a3d5 0000001d58bff480
0x0000001d58bff488:   000001dae7456930 0000000000000001
0x0000001d58bff498:   000001dae74b8000 0000000000000000
0x0000001d58bff4a8:   0000000621879428 000001dae7456948
0x0000001d58bff4b8:   0000001d58bff480 0000001d58bff4d8
0x0000001d58bff4c8:   0000001d58bff528 000001da90f68988
0x0000001d58bff4d8:   00000006218163c0 0000001d58bff4e0
0x0000001d58bff4e8:   000001dae7453405 0000000000000002
0x0000001d58bff4f8:   000001dae7453be8 0000000000000000
0x0000001d58bff508:   0000000621816268 000001dae7453438
0x0000001d58bff518:   0000001d58bff4d8 0000001d58bff538
0x0000001d58bff528:   0000001d58bff598 000001da90f68860
0x0000001d58bff538:   00000006218163c0 00000006218163c0
0x0000001d58bff548:   0000000621813b40 0000001d58bff550
0x0000001d58bff558:   000001dae7450fc9 0000000000000003
0x0000001d58bff568:   000001dae7452408 0000000000000000
0x0000001d58bff578:   0000000621813930 000001dae744ff78
0x0000001d58bff588:   0000001d58bff538 0000001d58bff5b0
0x0000001d58bff598:   0000001d58bff610 000001da90f68860
0x0000001d58bff5a8:   0000000000000000 0000000621813b40
0x0000001d58bff5b8:   0000000621813b40 000000062180e140
0x0000001d58bff5c8:   0000001d58bff5c8 000001dae744be61
0x0000001d58bff5d8:   0000000000000002 000001dae744fc10 

Instructions: (pc=0x00007ffedaacef27)
0x00007ffedaacee27:   8b 40 18 48 8b 80 e0 0d 00 00 44 89 c1 48 ff e0
0x00007ffedaacee37:   cc cc cc cc cc cc cc cc cc 4c 89 ca 48 8b 01 48
0x00007ffedaacee47:   8b 40 18 48 8b 80 e8 0d 00 00 44 89 c1 48 ff e0
0x00007ffedaacee57:   cc cc cc cc cc cc cc cc cc 48 8b 01 48 8b 40 18
0x00007ffedaacee67:   44 89 c1 48 ff a0 f0 0d 00 00 cc cc cc cc cc cc
0x00007ffedaacee77:   cc cc cc cc cc cc cc cc cc 44 89 ca 48 8b 01 48
0x00007ffedaacee87:   8b 40 18 48 8b 80 f8 0d 00 00 44 89 c1 48 ff e0
0x00007ffedaacee97:   cc cc cc cc cc cc cc cc cc 48 8b 01 48 8b 40 18
0x00007ffedaaceea7:   44 89 c1 48 ff a0 00 0e 00 00 cc cc cc cc cc cc
0x00007ffedaaceeb7:   cc cc cc cc cc cc cc cc cc 44 89 ca 44 89 c0 4c
0x00007ffedaaceec7:   8b 44 24 28 48 8b 09 48 8b 49 18 4c 8b 89 08 0e
0x00007ffedaaceed7:   00 00 89 c1 49 ff e1 cc cc 44 89 ca 44 89 c0 4c
0x00007ffedaaceee7:   8b 44 24 28 48 8b 09 48 8b 49 18 4c 8b 89 10 0e
0x00007ffedaaceef7:   00 00 89 c1 49 ff e1 cc cc 44 89 ca 44 89 c0 4c
0x00007ffedaacef07:   8b 44 24 28 48 8b 09 48 8b 49 18 4c 8b 89 18 0e
0x00007ffedaacef17:   00 00 89 c1 49 ff e1 cc cc 48 8b 01 48 8b 40 18
0x00007ffedaacef27:   48 ff a0 20 0e 00 00 cc cc 48 8b 01 48 8b 40 18
0x00007ffedaacef37:   44 89 c1 48 ff a0 28 0e 00 00 cc cc cc cc cc cc
0x00007ffedaacef47:   cc cc cc cc cc cc cc cc cc 48 8b 01 48 8b 40 18
0x00007ffedaacef57:   44 89 c1 48 ff a0 30 0e 00 00 cc cc cc cc cc cc
0x00007ffedaacef67:   cc cc cc cc cc cc cc cc cc 48 8b 01 48 8b 40 18
0x00007ffedaacef77:   44 89 c1 48 ff a0 38 0e 00 00 cc cc cc cc cc cc
0x00007ffedaacef87:   cc cc cc cc cc cc cc cc cc 48 8b 01 48 8b 40 18
0x00007ffedaacef97:   44 89 c1 48 ff a0 40 0e 00 00 cc cc cc cc cc cc
0x00007ffedaacefa7:   cc cc cc cc cc cc cc cc cc 48 8b 01 48 8b 40 18
0x00007ffedaacefb7:   44 89 c1 48 ff a0 48 0e 00 00 cc cc cc cc cc cc
0x00007ffedaacefc7:   cc cc cc cc cc cc cc cc cc 44 89 ca 48 8b 01 48
0x00007ffedaacefd7:   8b 40 18 48 8b 80 50 0e 00 00 44 89 c1 48 ff e0
0x00007ffedaacefe7:   cc cc cc cc cc cc cc cc cc 44 89 ca 48 8b 01 48
0x00007ffedaaceff7:   8b 40 18 48 8b 80 58 0e 00 00 44 89 c1 48 ff e0
0x00007ffedaacf007:   cc cc cc cc cc cc cc cc cc 44 89 ca 44 89 c0 4c
0x00007ffedaacf017:   8b 44 24 28 4c 8b 4c 24 30 48 8b 09 48 8b 49 18 


Stack slot to memory mapping:

stack at sp + 0 slots: 0x000001da90f6cf4b is at code_begin+1067 in an Interpreter codelet
native method entry point (kind = native)  [0x000001da90f6cb20, 0x000001da90f6d748]  3112 bytes
stack at sp + 1 slots: {method} {0x000001dae7533c90} 'glCreateProgram' '()I' in 'org/lwjgl/opengl/GL20C'
stack at sp + 2 slots: 0x0000000000000001 is an unknown value
stack at sp + 3 slots: {method} {0x000001dae7456950} 'glCreateProgram' '()I' in 'org/lwjgl/opengl/GL20'
stack at sp + 4 slots: 0x000001dafef4cf40 is a thread
stack at sp + 5 slots: 0x000001da90f6cbdf is at code_begin+191 in an Interpreter codelet
native method entry point (kind = native)  [0x000001da90f6cb20, 0x000001da90f6d748]  3112 bytes
stack at sp + 6 slots: 0x0000001d58bff418 is pointing into the stack for thread: 0x000001dafef4cf40
stack at sp + 7 slots: 0x000001dae7533c80 is pointing into metadata


---------------  P R O C E S S  ---------------

Threads class SMR info:
_java_thread_list=0x000001daa576b110, length=13, elements={
0x000001dafef4cf40, 0x000001daa2c50630, 0x000001daa2c52190, 0x000001daa2c58640,
0x000001daa2c59190, 0x000001daa2c5c450, 0x000001daa2c5cfa0, 0x000001daa2c68d60,
0x000001daa2c6cd10, 0x000001daa2c19e60, 0x000001daa5824840, 0x000001daa590d430,
0x000001daa590daa0
}

Java Threads: ( => current thread )
=>0x000001dafef4cf40 JavaThread "main"                              [_thread_in_native, id=2368, stack(0x0000001d58b00000,0x0000001d58c00000) (1024K)]
  0x000001daa2c50630 JavaThread "Reference Handler"          daemon [_thread_blocked, id=24372, stack(0x0000001d59300000,0x0000001d59400000) (1024K)]
  0x000001daa2c52190 JavaThread "Finalizer"                  daemon [_thread_blocked, id=23832, stack(0x0000001d59400000,0x0000001d59500000) (1024K)]
  0x000001daa2c58640 JavaThread "Signal Dispatcher"          daemon [_thread_blocked, id=18060, stack(0x0000001d59500000,0x0000001d59600000) (1024K)]
  0x000001daa2c59190 JavaThread "Attach Listener"            daemon [_thread_blocked, id=4424, stack(0x0000001d59600000,0x0000001d59700000) (1024K)]
  0x000001daa2c5c450 JavaThread "Service Thread"             daemon [_thread_blocked, id=21728, stack(0x0000001d59700000,0x0000001d59800000) (1024K)]
  0x000001daa2c5cfa0 JavaThread "Monitor Deflation Thread"   daemon [_thread_blocked, id=19024, stack(0x0000001d59800000,0x0000001d59900000) (1024K)]
  0x000001daa2c68d60 JavaThread "C2 CompilerThread0"         daemon [_thread_blocked, id=24956, stack(0x0000001d59900000,0x0000001d59a00000) (1024K)]
  0x000001daa2c6cd10 JavaThread "C1 CompilerThread0"         daemon [_thread_blocked, id=23876, stack(0x0000001d59a00000,0x0000001d59b00000) (1024K)]
  0x000001daa2c19e60 JavaThread "Common-Cleaner"             daemon [_thread_blocked, id=24600, stack(0x0000001d59b00000,0x0000001d59c00000) (1024K)]
  0x000001daa5824840 JavaThread "C2 CompilerThread1"         daemon [_thread_blocked, id=6268, stack(0x0000001d59c00000,0x0000001d59d00000) (1024K)]
  0x000001daa590d430 JavaThread "Monitor Ctrl-Break"         daemon [_thread_in_native, id=23808, stack(0x0000001d59d00000,0x0000001d59e00000) (1024K)]
  0x000001daa590daa0 JavaThread "Notification Thread"        daemon [_thread_blocked, id=22408, stack(0x0000001d59e00000,0x0000001d59f00000) (1024K)]
Total: 13

Other Threads:
  0x000001daa2c32970 VMThread "VM Thread"                           [id=19832, stack(0x0000001d59200000,0x0000001d59300000) (1024K)]
  0x000001daa55917b0 WatcherThread "VM Periodic Task Thread"        [id=856, stack(0x0000001d59100000,0x0000001d59200000) (1024K)]
  0x000001daffceb600 WorkerThread "GC Thread#0"                     [id=20108, stack(0x0000001d58c00000,0x0000001d58d00000) (1024K)]
  0x000001daffcfc2c0 ConcurrentGCThread "G1 Main Marker"            [id=25552, stack(0x0000001d58d00000,0x0000001d58e00000) (1024K)]
  0x000001daffcfce80 WorkerThread "G1 Conc#0"                       [id=8332, stack(0x0000001d58e00000,0x0000001d58f00000) (1024K)]
  0x000001daa2b61050 ConcurrentGCThread "G1 Refine#0"               [id=5372, stack(0x0000001d58f00000,0x0000001d59000000) (1024K)]
  0x000001daa2b62880 ConcurrentGCThread "G1 Service"                [id=19240, stack(0x0000001d59000000,0x0000001d59100000) (1024K)]
Total: 7

Threads with active compile tasks:
Total: 0

VM state: not at safepoint (normal execution)

VM Mutex/Monitor currently owned by a thread: None

Heap address: 0x0000000602400000, size: 8156 MB, Compressed Oops mode: Zero based, Oop shift amount: 3

CDS archive(s) mapped at: [0x000001daa6000000-0x000001daa6c90000-0x000001daa6c90000), size 13172736, SharedBaseAddress: 0x000001daa6000000, ArchiveRelocationMode: 1.
Compressed class space mapped at: 0x000001daa7000000-0x000001dae7000000, reserved size: 1073741824
Narrow klass base: 0x000001daa6000000, Narrow klass shift: 0, Narrow klass range: 0x100000000

GC Precious Log:
 CardTable entry size: 512
 Card Set container configuration: InlinePtr #cards 4 size 8 Array Of Cards #cards 32 size 80 Howl #buckets 8 coarsen threshold 7372 Howl Bitmap #cards 1024 size 144 coarsen threshold 921 Card regions per heap region 1 cards per card region 8192
 CPUs: 8 total, 8 available
 Memory: 32610M
 Large Page Support: Disabled
 NUMA Support: Disabled
 Compressed Oops: Enabled (Zero based)
 Heap Region Size: 4M
 Heap Min Capacity: 8M
 Heap Initial Capacity: 512M
 Heap Max Capacity: 8156M
 Pre-touch: Disabled
 Parallel Workers: 8
 Concurrent Workers: 2
 Concurrent Refinement Workers: 8
 Periodic GC: Disabled

Heap:
 garbage-first heap   total 524288K, used 4096K [0x0000000602400000, 0x0000000800000000)
  region size 4096K, 3 young (12288K), 0 survivors (0K)
 Metaspace       used 4407K, committed 4672K, reserved 1114112K
  class space    used 378K, committed 512K, reserved 1048576K

Heap Regions: E=young(eden), S=young(survivor), O=old, HS=humongous(starts), HC=humongous(continues), CS=collection set, F=free, TAMS=top-at-mark-start, PB=parsable bottom
|   0|0x0000000602400000, 0x0000000602400000, 0x0000000602800000|  0%| F|  |TAMS 0x0000000602400000| PB 0x0000000602400000| Untracked 
|   1|0x0000000602800000, 0x0000000602800000, 0x0000000602c00000|  0%| F|  |TAMS 0x0000000602800000| PB 0x0000000602800000| Untracked 
|   2|0x0000000602c00000, 0x0000000602c00000, 0x0000000603000000|  0%| F|  |TAMS 0x0000000602c00000| PB 0x0000000602c00000| Untracked 
|   3|0x0000000603000000, 0x0000000603000000, 0x0000000603400000|  0%| F|  |TAMS 0x0000000603000000| PB 0x0000000603000000| Untracked 
|   4|0x0000000603400000, 0x0000000603400000, 0x0000000603800000|  0%| F|  |TAMS 0x0000000603400000| PB 0x0000000603400000| Untracked 
|   5|0x0000000603800000, 0x0000000603800000, 0x0000000603c00000|  0%| F|  |TAMS 0x0000000603800000| PB 0x0000000603800000| Untracked 
|   6|0x0000000603c00000, 0x0000000603c00000, 0x0000000604000000|  0%| F|  |TAMS 0x0000000603c00000| PB 0x0000000603c00000| Untracked 
|   7|0x0000000604000000, 0x0000000604000000, 0x0000000604400000|  0%| F|  |TAMS 0x0000000604000000| PB 0x0000000604000000| Untracked 
|   8|0x0000000604400000, 0x0000000604400000, 0x0000000604800000|  0%| F|  |TAMS 0x0000000604400000| PB 0x0000000604400000| Untracked 
|   9|0x0000000604800000, 0x0000000604800000, 0x0000000604c00000|  0%| F|  |TAMS 0x0000000604800000| PB 0x0000000604800000| Untracked 
|  10|0x0000000604c00000, 0x0000000604c00000, 0x0000000605000000|  0%| F|  |TAMS 0x0000000604c00000| PB 0x0000000604c00000| Untracked 
|  11|0x0000000605000000, 0x0000000605000000, 0x0000000605400000|  0%| F|  |TAMS 0x0000000605000000| PB 0x0000000605000000| Untracked 
|  12|0x0000000605400000, 0x0000000605400000, 0x0000000605800000|  0%| F|  |TAMS 0x0000000605400000| PB 0x0000000605400000| Untracked 
|  13|0x0000000605800000, 0x0000000605800000, 0x0000000605c00000|  0%| F|  |TAMS 0x0000000605800000| PB 0x0000000605800000| Untracked 
|  14|0x0000000605c00000, 0x0000000605c00000, 0x0000000606000000|  0%| F|  |TAMS 0x0000000605c00000| PB 0x0000000605c00000| Untracked 
|  15|0x0000000606000000, 0x0000000606000000, 0x0000000606400000|  0%| F|  |TAMS 0x0000000606000000| PB 0x0000000606000000| Untracked 
|  16|0x0000000606400000, 0x0000000606400000, 0x0000000606800000|  0%| F|  |TAMS 0x0000000606400000| PB 0x0000000606400000| Untracked 
|  17|0x0000000606800000, 0x0000000606800000, 0x0000000606c00000|  0%| F|  |TAMS 0x0000000606800000| PB 0x0000000606800000| Untracked 
|  18|0x0000000606c00000, 0x0000000606c00000, 0x0000000607000000|  0%| F|  |TAMS 0x0000000606c00000| PB 0x0000000606c00000| Untracked 
|  19|0x0000000607000000, 0x0000000607000000, 0x0000000607400000|  0%| F|  |TAMS 0x0000000607000000| PB 0x0000000607000000| Untracked 
|  20|0x0000000607400000, 0x0000000607400000, 0x0000000607800000|  0%| F|  |TAMS 0x0000000607400000| PB 0x0000000607400000| Untracked 
|  21|0x0000000607800000, 0x0000000607800000, 0x0000000607c00000|  0%| F|  |TAMS 0x0000000607800000| PB 0x0000000607800000| Untracked 
|  22|0x0000000607c00000, 0x0000000607c00000, 0x0000000608000000|  0%| F|  |TAMS 0x0000000607c00000| PB 0x0000000607c00000| Untracked 
|  23|0x0000000608000000, 0x0000000608000000, 0x0000000608400000|  0%| F|  |TAMS 0x0000000608000000| PB 0x0000000608000000| Untracked 
|  24|0x0000000608400000, 0x0000000608400000, 0x0000000608800000|  0%| F|  |TAMS 0x0000000608400000| PB 0x0000000608400000| Untracked 
|  25|0x0000000608800000, 0x0000000608800000, 0x0000000608c00000|  0%| F|  |TAMS 0x0000000608800000| PB 0x0000000608800000| Untracked 
|  26|0x0000000608c00000, 0x0000000608c00000, 0x0000000609000000|  0%| F|  |TAMS 0x0000000608c00000| PB 0x0000000608c00000| Untracked 
|  27|0x0000000609000000, 0x0000000609000000, 0x0000000609400000|  0%| F|  |TAMS 0x0000000609000000| PB 0x0000000609000000| Untracked 
|  28|0x0000000609400000, 0x0000000609400000, 0x0000000609800000|  0%| F|  |TAMS 0x0000000609400000| PB 0x0000000609400000| Untracked 
|  29|0x0000000609800000, 0x0000000609800000, 0x0000000609c00000|  0%| F|  |TAMS 0x0000000609800000| PB 0x0000000609800000| Untracked 
|  30|0x0000000609c00000, 0x0000000609c00000, 0x000000060a000000|  0%| F|  |TAMS 0x0000000609c00000| PB 0x0000000609c00000| Untracked 
|  31|0x000000060a000000, 0x000000060a000000, 0x000000060a400000|  0%| F|  |TAMS 0x000000060a000000| PB 0x000000060a000000| Untracked 
|  32|0x000000060a400000, 0x000000060a400000, 0x000000060a800000|  0%| F|  |TAMS 0x000000060a400000| PB 0x000000060a400000| Untracked 
|  33|0x000000060a800000, 0x000000060a800000, 0x000000060ac00000|  0%| F|  |TAMS 0x000000060a800000| PB 0x000000060a800000| Untracked 
|  34|0x000000060ac00000, 0x000000060ac00000, 0x000000060b000000|  0%| F|  |TAMS 0x000000060ac00000| PB 0x000000060ac00000| Untracked 
|  35|0x000000060b000000, 0x000000060b000000, 0x000000060b400000|  0%| F|  |TAMS 0x000000060b000000| PB 0x000000060b000000| Untracked 
|  36|0x000000060b400000, 0x000000060b400000, 0x000000060b800000|  0%| F|  |TAMS 0x000000060b400000| PB 0x000000060b400000| Untracked 
|  37|0x000000060b800000, 0x000000060b800000, 0x000000060bc00000|  0%| F|  |TAMS 0x000000060b800000| PB 0x000000060b800000| Untracked 
|  38|0x000000060bc00000, 0x000000060bc00000, 0x000000060c000000|  0%| F|  |TAMS 0x000000060bc00000| PB 0x000000060bc00000| Untracked 
|  39|0x000000060c000000, 0x000000060c000000, 0x000000060c400000|  0%| F|  |TAMS 0x000000060c000000| PB 0x000000060c000000| Untracked 
|  40|0x000000060c400000, 0x000000060c400000, 0x000000060c800000|  0%| F|  |TAMS 0x000000060c400000| PB 0x000000060c400000| Untracked 
|  41|0x000000060c800000, 0x000000060c800000, 0x000000060cc00000|  0%| F|  |TAMS 0x000000060c800000| PB 0x000000060c800000| Untracked 
|  42|0x000000060cc00000, 0x000000060cc00000, 0x000000060d000000|  0%| F|  |TAMS 0x000000060cc00000| PB 0x000000060cc00000| Untracked 
|  43|0x000000060d000000, 0x000000060d000000, 0x000000060d400000|  0%| F|  |TAMS 0x000000060d000000| PB 0x000000060d000000| Untracked 
|  44|0x000000060d400000, 0x000000060d400000, 0x000000060d800000|  0%| F|  |TAMS 0x000000060d400000| PB 0x000000060d400000| Untracked 
|  45|0x000000060d800000, 0x000000060d800000, 0x000000060dc00000|  0%| F|  |TAMS 0x000000060d800000| PB 0x000000060d800000| Untracked 
|  46|0x000000060dc00000, 0x000000060dc00000, 0x000000060e000000|  0%| F|  |TAMS 0x000000060dc00000| PB 0x000000060dc00000| Untracked 
|  47|0x000000060e000000, 0x000000060e000000, 0x000000060e400000|  0%| F|  |TAMS 0x000000060e000000| PB 0x000000060e000000| Untracked 
|  48|0x000000060e400000, 0x000000060e400000, 0x000000060e800000|  0%| F|  |TAMS 0x000000060e400000| PB 0x000000060e400000| Untracked 
|  49|0x000000060e800000, 0x000000060e800000, 0x000000060ec00000|  0%| F|  |TAMS 0x000000060e800000| PB 0x000000060e800000| Untracked 
|  50|0x000000060ec00000, 0x000000060ec00000, 0x000000060f000000|  0%| F|  |TAMS 0x000000060ec00000| PB 0x000000060ec00000| Untracked 
|  51|0x000000060f000000, 0x000000060f000000, 0x000000060f400000|  0%| F|  |TAMS 0x000000060f000000| PB 0x000000060f000000| Untracked 
|  52|0x000000060f400000, 0x000000060f400000, 0x000000060f800000|  0%| F|  |TAMS 0x000000060f400000| PB 0x000000060f400000| Untracked 
|  53|0x000000060f800000, 0x000000060f800000, 0x000000060fc00000|  0%| F|  |TAMS 0x000000060f800000| PB 0x000000060f800000| Untracked 
|  54|0x000000060fc00000, 0x000000060fc00000, 0x0000000610000000|  0%| F|  |TAMS 0x000000060fc00000| PB 0x000000060fc00000| Untracked 
|  55|0x0000000610000000, 0x0000000610000000, 0x0000000610400000|  0%| F|  |TAMS 0x0000000610000000| PB 0x0000000610000000| Untracked 
|  56|0x0000000610400000, 0x0000000610400000, 0x0000000610800000|  0%| F|  |TAMS 0x0000000610400000| PB 0x0000000610400000| Untracked 
|  57|0x0000000610800000, 0x0000000610800000, 0x0000000610c00000|  0%| F|  |TAMS 0x0000000610800000| PB 0x0000000610800000| Untracked 
|  58|0x0000000610c00000, 0x0000000610c00000, 0x0000000611000000|  0%| F|  |TAMS 0x0000000610c00000| PB 0x0000000610c00000| Untracked 
|  59|0x0000000611000000, 0x0000000611000000, 0x0000000611400000|  0%| F|  |TAMS 0x0000000611000000| PB 0x0000000611000000| Untracked 
|  60|0x0000000611400000, 0x0000000611400000, 0x0000000611800000|  0%| F|  |TAMS 0x0000000611400000| PB 0x0000000611400000| Untracked 
|  61|0x0000000611800000, 0x0000000611800000, 0x0000000611c00000|  0%| F|  |TAMS 0x0000000611800000| PB 0x0000000611800000| Untracked 
|  62|0x0000000611c00000, 0x0000000611c00000, 0x0000000612000000|  0%| F|  |TAMS 0x0000000611c00000| PB 0x0000000611c00000| Untracked 
|  63|0x0000000612000000, 0x0000000612000000, 0x0000000612400000|  0%| F|  |TAMS 0x0000000612000000| PB 0x0000000612000000| Untracked 
|  64|0x0000000612400000, 0x0000000612400000, 0x0000000612800000|  0%| F|  |TAMS 0x0000000612400000| PB 0x0000000612400000| Untracked 
|  65|0x0000000612800000, 0x0000000612800000, 0x0000000612c00000|  0%| F|  |TAMS 0x0000000612800000| PB 0x0000000612800000| Untracked 
|  66|0x0000000612c00000, 0x0000000612c00000, 0x0000000613000000|  0%| F|  |TAMS 0x0000000612c00000| PB 0x0000000612c00000| Untracked 
|  67|0x0000000613000000, 0x0000000613000000, 0x0000000613400000|  0%| F|  |TAMS 0x0000000613000000| PB 0x0000000613000000| Untracked 
|  68|0x0000000613400000, 0x0000000613400000, 0x0000000613800000|  0%| F|  |TAMS 0x0000000613400000| PB 0x0000000613400000| Untracked 
|  69|0x0000000613800000, 0x0000000613800000, 0x0000000613c00000|  0%| F|  |TAMS 0x0000000613800000| PB 0x0000000613800000| Untracked 
|  70|0x0000000613c00000, 0x0000000613c00000, 0x0000000614000000|  0%| F|  |TAMS 0x0000000613c00000| PB 0x0000000613c00000| Untracked 
|  71|0x0000000614000000, 0x0000000614000000, 0x0000000614400000|  0%| F|  |TAMS 0x0000000614000000| PB 0x0000000614000000| Untracked 
|  72|0x0000000614400000, 0x0000000614400000, 0x0000000614800000|  0%| F|  |TAMS 0x0000000614400000| PB 0x0000000614400000| Untracked 
|  73|0x0000000614800000, 0x0000000614800000, 0x0000000614c00000|  0%| F|  |TAMS 0x0000000614800000| PB 0x0000000614800000| Untracked 
|  74|0x0000000614c00000, 0x0000000614c00000, 0x0000000615000000|  0%| F|  |TAMS 0x0000000614c00000| PB 0x0000000614c00000| Untracked 
|  75|0x0000000615000000, 0x0000000615000000, 0x0000000615400000|  0%| F|  |TAMS 0x0000000615000000| PB 0x0000000615000000| Untracked 
|  76|0x0000000615400000, 0x0000000615400000, 0x0000000615800000|  0%| F|  |TAMS 0x0000000615400000| PB 0x0000000615400000| Untracked 
|  77|0x0000000615800000, 0x0000000615800000, 0x0000000615c00000|  0%| F|  |TAMS 0x0000000615800000| PB 0x0000000615800000| Untracked 
|  78|0x0000000615c00000, 0x0000000615c00000, 0x0000000616000000|  0%| F|  |TAMS 0x0000000615c00000| PB 0x0000000615c00000| Untracked 
|  79|0x0000000616000000, 0x0000000616000000, 0x0000000616400000|  0%| F|  |TAMS 0x0000000616000000| PB 0x0000000616000000| Untracked 
|  80|0x0000000616400000, 0x0000000616400000, 0x0000000616800000|  0%| F|  |TAMS 0x0000000616400000| PB 0x0000000616400000| Untracked 
|  81|0x0000000616800000, 0x0000000616800000, 0x0000000616c00000|  0%| F|  |TAMS 0x0000000616800000| PB 0x0000000616800000| Untracked 
|  82|0x0000000616c00000, 0x0000000616c00000, 0x0000000617000000|  0%| F|  |TAMS 0x0000000616c00000| PB 0x0000000616c00000| Untracked 
|  83|0x0000000617000000, 0x0000000617000000, 0x0000000617400000|  0%| F|  |TAMS 0x0000000617000000| PB 0x0000000617000000| Untracked 
|  84|0x0000000617400000, 0x0000000617400000, 0x0000000617800000|  0%| F|  |TAMS 0x0000000617400000| PB 0x0000000617400000| Untracked 
|  85|0x0000000617800000, 0x0000000617800000, 0x0000000617c00000|  0%| F|  |TAMS 0x0000000617800000| PB 0x0000000617800000| Untracked 
|  86|0x0000000617c00000, 0x0000000617c00000, 0x0000000618000000|  0%| F|  |TAMS 0x0000000617c00000| PB 0x0000000617c00000| Untracked 
|  87|0x0000000618000000, 0x0000000618000000, 0x0000000618400000|  0%| F|  |TAMS 0x0000000618000000| PB 0x0000000618000000| Untracked 
|  88|0x0000000618400000, 0x0000000618400000, 0x0000000618800000|  0%| F|  |TAMS 0x0000000618400000| PB 0x0000000618400000| Untracked 
|  89|0x0000000618800000, 0x0000000618800000, 0x0000000618c00000|  0%| F|  |TAMS 0x0000000618800000| PB 0x0000000618800000| Untracked 
|  90|0x0000000618c00000, 0x0000000618c00000, 0x0000000619000000|  0%| F|  |TAMS 0x0000000618c00000| PB 0x0000000618c00000| Untracked 
|  91|0x0000000619000000, 0x0000000619000000, 0x0000000619400000|  0%| F|  |TAMS 0x0000000619000000| PB 0x0000000619000000| Untracked 
|  92|0x0000000619400000, 0x0000000619400000, 0x0000000619800000|  0%| F|  |TAMS 0x0000000619400000| PB 0x0000000619400000| Untracked 
|  93|0x0000000619800000, 0x0000000619800000, 0x0000000619c00000|  0%| F|  |TAMS 0x0000000619800000| PB 0x0000000619800000| Untracked 
|  94|0x0000000619c00000, 0x0000000619c00000, 0x000000061a000000|  0%| F|  |TAMS 0x0000000619c00000| PB 0x0000000619c00000| Untracked 
|  95|0x000000061a000000, 0x000000061a000000, 0x000000061a400000|  0%| F|  |TAMS 0x000000061a000000| PB 0x000000061a000000| Untracked 
|  96|0x000000061a400000, 0x000000061a400000, 0x000000061a800000|  0%| F|  |TAMS 0x000000061a400000| PB 0x000000061a400000| Untracked 
|  97|0x000000061a800000, 0x000000061a800000, 0x000000061ac00000|  0%| F|  |TAMS 0x000000061a800000| PB 0x000000061a800000| Untracked 
|  98|0x000000061ac00000, 0x000000061ac00000, 0x000000061b000000|  0%| F|  |TAMS 0x000000061ac00000| PB 0x000000061ac00000| Untracked 
|  99|0x000000061b000000, 0x000000061b000000, 0x000000061b400000|  0%| F|  |TAMS 0x000000061b000000| PB 0x000000061b000000| Untracked 
| 100|0x000000061b400000, 0x000000061b400000, 0x000000061b800000|  0%| F|  |TAMS 0x000000061b400000| PB 0x000000061b400000| Untracked 
| 101|0x000000061b800000, 0x000000061b800000, 0x000000061bc00000|  0%| F|  |TAMS 0x000000061b800000| PB 0x000000061b800000| Untracked 
| 102|0x000000061bc00000, 0x000000061bc00000, 0x000000061c000000|  0%| F|  |TAMS 0x000000061bc00000| PB 0x000000061bc00000| Untracked 
| 103|0x000000061c000000, 0x000000061c000000, 0x000000061c400000|  0%| F|  |TAMS 0x000000061c000000| PB 0x000000061c000000| Untracked 
| 104|0x000000061c400000, 0x000000061c400000, 0x000000061c800000|  0%| F|  |TAMS 0x000000061c400000| PB 0x000000061c400000| Untracked 
| 105|0x000000061c800000, 0x000000061c800000, 0x000000061cc00000|  0%| F|  |TAMS 0x000000061c800000| PB 0x000000061c800000| Untracked 
| 106|0x000000061cc00000, 0x000000061cc00000, 0x000000061d000000|  0%| F|  |TAMS 0x000000061cc00000| PB 0x000000061cc00000| Untracked 
| 107|0x000000061d000000, 0x000000061d000000, 0x000000061d400000|  0%| F|  |TAMS 0x000000061d000000| PB 0x000000061d000000| Untracked 
| 108|0x000000061d400000, 0x000000061d400000, 0x000000061d800000|  0%| F|  |TAMS 0x000000061d400000| PB 0x000000061d400000| Untracked 
| 109|0x000000061d800000, 0x000000061d800000, 0x000000061dc00000|  0%| F|  |TAMS 0x000000061d800000| PB 0x000000061d800000| Untracked 
| 110|0x000000061dc00000, 0x000000061dc00000, 0x000000061e000000|  0%| F|  |TAMS 0x000000061dc00000| PB 0x000000061dc00000| Untracked 
| 111|0x000000061e000000, 0x000000061e000000, 0x000000061e400000|  0%| F|  |TAMS 0x000000061e000000| PB 0x000000061e000000| Untracked 
| 112|0x000000061e400000, 0x000000061e400000, 0x000000061e800000|  0%| F|  |TAMS 0x000000061e400000| PB 0x000000061e400000| Untracked 
| 113|0x000000061e800000, 0x000000061e800000, 0x000000061ec00000|  0%| F|  |TAMS 0x000000061e800000| PB 0x000000061e800000| Untracked 
| 114|0x000000061ec00000, 0x000000061ec00000, 0x000000061f000000|  0%| F|  |TAMS 0x000000061ec00000| PB 0x000000061ec00000| Untracked 
| 115|0x000000061f000000, 0x000000061f000000, 0x000000061f400000|  0%| F|  |TAMS 0x000000061f000000| PB 0x000000061f000000| Untracked 
| 116|0x000000061f400000, 0x000000061f400000, 0x000000061f800000|  0%| F|  |TAMS 0x000000061f400000| PB 0x000000061f400000| Untracked 
| 117|0x000000061f800000, 0x000000061f800000, 0x000000061fc00000|  0%| F|  |TAMS 0x000000061f800000| PB 0x000000061f800000| Untracked 
| 118|0x000000061fc00000, 0x000000061fc00000, 0x0000000620000000|  0%| F|  |TAMS 0x000000061fc00000| PB 0x000000061fc00000| Untracked 
| 119|0x0000000620000000, 0x0000000620000000, 0x0000000620400000|  0%| F|  |TAMS 0x0000000620000000| PB 0x0000000620000000| Untracked 
| 120|0x0000000620400000, 0x0000000620400000, 0x0000000620800000|  0%| F|  |TAMS 0x0000000620400000| PB 0x0000000620400000| Untracked 
| 121|0x0000000620800000, 0x0000000620800000, 0x0000000620c00000|  0%| F|  |TAMS 0x0000000620800000| PB 0x0000000620800000| Untracked 
| 122|0x0000000620c00000, 0x0000000620c00000, 0x0000000621000000|  0%| F|  |TAMS 0x0000000620c00000| PB 0x0000000620c00000| Untracked 
| 123|0x0000000621000000, 0x0000000621000000, 0x0000000621400000|  0%| F|  |TAMS 0x0000000621000000| PB 0x0000000621000000| Untracked 
| 124|0x0000000621400000, 0x0000000621400000, 0x0000000621800000|  0%| F|  |TAMS 0x0000000621400000| PB 0x0000000621400000| Untracked 
| 125|0x0000000621800000, 0x0000000621ba7d60, 0x0000000621c00000| 91%| E|  |TAMS 0x0000000621800000| PB 0x0000000621800000| Complete 
| 126|0x0000000621c00000, 0x0000000622000000, 0x0000000622000000|100%| E|CS|TAMS 0x0000000621c00000| PB 0x0000000621c00000| Complete 
| 127|0x0000000622000000, 0x0000000622400000, 0x0000000622400000|100%| E|  |TAMS 0x0000000622000000| PB 0x0000000622000000| Complete 

Card table byte_map: [0x000001da99b30000,0x000001da9ab20000] _byte_map_base: 0x000001da96b1e000

Marking Bits: (CMBitMap*) 0x000001daffcebb10
 Bits: [0x000001da9ab20000, 0x000001daa2a90000)

Polling page: 0x000001daff440000

Metaspace:

Usage:
  Non-class:      3.93 MB used.
      Class:    378.87 KB used.
       Both:      4.30 MB used.

Virtual space:
  Non-class space:       64.00 MB reserved,       4.06 MB (  6%) committed,  1 nodes.
      Class space:        1.00 GB reserved,     512.00 KB ( <1%) committed,  1 nodes.
             Both:        1.06 GB reserved,       4.56 MB ( <1%) committed. 

Chunk freelists:
   Non-Class:  10.61 MB
       Class:  15.48 MB
        Both:  26.09 MB

MaxMetaspaceSize: unlimited
CompressedClassSpaceSize: 1.00 GB
Initial GC threshold: 21.00 MB
Current GC threshold: 21.00 MB
CDS: on
 - commit_granule_bytes: 65536.
 - commit_granule_words: 8192.
 - virtual_space_node_default_size: 8388608.
 - enlarge_chunks_in_place: 1.
 - use_allocation_guard: 0.


Internal statistics:

num_allocs_failed_limit: 0.
num_arena_births: 110.
num_arena_deaths: 0.
num_vsnodes_births: 2.
num_vsnodes_deaths: 0.
num_space_committed: 73.
num_space_uncommitted: 0.
num_chunks_returned_to_freelist: 0.
num_chunks_taken_from_freelist: 191.
num_chunk_merges: 0.
num_chunk_splits: 121.
num_chunks_enlarged: 80.
num_inconsistent_stats: 0.

CodeHeap 'non-profiled nmethods': size=120000Kb used=304Kb max_used=304Kb free=119695Kb
 bounds [0x000001da91500000, 0x000001da91770000, 0x000001da98a30000]
CodeHeap 'profiled nmethods': size=120000Kb used=1441Kb max_used=1441Kb free=118558Kb
 bounds [0x000001da89a30000, 0x000001da89ca0000, 0x000001da90f60000]
CodeHeap 'non-nmethods': size=5760Kb used=1593Kb max_used=1607Kb free=4166Kb
 bounds [0x000001da90f60000, 0x000001da911d0000, 0x000001da91500000]
 total_blobs=1423 nmethods=893 adapters=435
 compilation: enabled
              stopped_count=0, restarted_count=0
 full_count=0

Compilation events (20 events):
Event: 0.674 Thread 0x000001daa2c6cd10 nmethod 876 0x000001da89b81b90 code [0x000001da89b81d60, 0x000001da89b82060]
Event: 0.674 Thread 0x000001daa2c6cd10  877       3       jdk.internal.org.objectweb.asm.AnnotationWriter::computeAnnotationsSize (66 bytes)
Event: 0.674 Thread 0x000001daa2c6cd10 nmethod 877 0x000001da89b82210 code [0x000001da89b823e0, 0x000001da89b826e0]
Event: 0.675 Thread 0x000001daa2c6cd10  880       3       sun.net.www.protocol.file.Handler::parseURL (18 bytes)
Event: 0.675 Thread 0x000001daa2c6cd10 nmethod 880 0x000001da89b82890 code [0x000001da89b82a40, 0x000001da89b82c00]
Event: 0.675 Thread 0x000001daa2c6cd10  881       3       java.net.URLStreamHandler::parseURL (1124 bytes)
Event: 0.684 Thread 0x000001daa2c68d60  885       4       java.util.zip.ZipFile::ensureOpen (40 bytes)
Event: 0.685 Thread 0x000001daa2c68d60 nmethod 885 0x000001da9154ad10 code [0x000001da9154aea0, 0x000001da9154af80]
Event: 0.690 Thread 0x000001daa5824840  892       4       java.lang.AbstractStringBuilder::newCapacity (59 bytes)
Event: 0.692 Thread 0x000001daa5824840 nmethod 892 0x000001da9154bb90 code [0x000001da9154bd20, 0x000001da9154be38]
Event: 0.694 Thread 0x000001daa2c6cd10 nmethod 881 0x000001da89b82d10 code [0x000001da89b840a0, 0x000001da89b906a8]
Event: 0.694 Thread 0x000001daa2c6cd10  889       3       java.lang.Integer::toUnsignedLong (7 bytes)
Event: 0.695 Thread 0x000001daa2c6cd10 nmethod 889 0x000001da89b95390 code [0x000001da89b95520, 0x000001da89b95620]
Event: 0.695 Thread 0x000001daa2c6cd10  890       3       sun.misc.Unsafe::putLong (11 bytes)
Event: 0.695 Thread 0x000001daa2c6cd10 nmethod 890 0x000001da89b95690 code [0x000001da89b95820, 0x000001da89b95930]
Event: 0.695 Thread 0x000001daa2c6cd10  891       3       org.lwjgl.system.MemoryUtil::memPutAddress (29 bytes)
Event: 0.695 Thread 0x000001daa2c6cd10 nmethod 891 0x000001da89b95a10 code [0x000001da89b95bc0, 0x000001da89b95db8]
Event: 0.695 Thread 0x000001daa2c6cd10  884   !   3       java.net.URL::set (114 bytes)
Event: 0.695 Thread 0x000001daa2c6cd10 nmethod 884 0x000001da89b95e90 code [0x000001da89b960e0, 0x000001da89b96b60]
Event: 0.695 Thread 0x000001daa2c6cd10  887       3       jdk.internal.loader.BuiltinClassLoader::findLoadedModule (33 bytes)

GC Heap History (0 events):
No events

Dll operation events (14 events):
Event: 0.013 Loaded shared library C:\Users\thrib\.jdks\corretto-21.0.4\bin\java.dll
Event: 0.086 Loaded shared library C:\Users\thrib\.jdks\corretto-21.0.4\bin\jsvml.dll
Event: 0.167 Loaded shared library C:\Users\thrib\.jdks\corretto-21.0.4\bin\zip.dll
Event: 0.172 Loaded shared library C:\Users\thrib\.jdks\corretto-21.0.4\bin\instrument.dll
Event: 0.179 Loaded shared library C:\Users\thrib\.jdks\corretto-21.0.4\bin\net.dll
Event: 0.182 Loaded shared library C:\Users\thrib\.jdks\corretto-21.0.4\bin\nio.dll
Event: 0.187 Loaded shared library C:\Users\thrib\.jdks\corretto-21.0.4\bin\zip.dll
Event: 0.246 Loaded shared library C:\Program Files\JetBrains\IntelliJ IDEA 2024.1.5\bin\breakgen64.dll
Event: 0.261 Loaded shared library C:\Users\thrib\.jdks\corretto-21.0.4\bin\extnet.dll
Event: 0.289 Loaded shared library C:\Users\thrib\.jdks\corretto-21.0.4\bin\management.dll
Event: 0.295 Loaded shared library C:\Users\thrib\.jdks\corretto-21.0.4\bin\management_ext.dll
Event: 0.318 Loaded shared library C:\Users\thrib\.jdks\corretto-21.0.4\bin\jimage.dll
Event: 0.543 Loaded shared library C:\Users\thrib\AppData\Local\Temp\lwjgl_thrib\3.3.4+7\x64\lwjgl.dll
Event: 0.643 Loaded shared library C:\Users\thrib\AppData\Local\Temp\lwjgl_thrib\3.3.4+7\x64\lwjgl_opengl.dll

Deoptimization events (20 events):
Event: 0.324 Thread 0x000001dafef4cf40 DEOPT PACKING pc=0x000001da91513d70 sp=0x0000001d58bfd5a0
Event: 0.324 Thread 0x000001dafef4cf40 DEOPT UNPACKING pc=0x000001da90fb7da2 sp=0x0000001d58bfd528 mode 2
Event: 0.365 Thread 0x000001dafef4cf40 Uncommon trap: trap_request=0xffffff45 fr.pc=0x000001da9152b510 relative=0x0000000000000670
Event: 0.365 Thread 0x000001dafef4cf40 Uncommon trap: reason=unstable_if action=reinterpret pc=0x000001da9152b510 method=java.util.regex.Matcher.search(I)Z @ 30 c2
Event: 0.365 Thread 0x000001dafef4cf40 DEOPT PACKING pc=0x000001da9152b510 sp=0x0000001d58bfd3c0
Event: 0.365 Thread 0x000001dafef4cf40 DEOPT UNPACKING pc=0x000001da90fb7da2 sp=0x0000001d58bfd3b0 mode 2
Event: 0.444 Thread 0x000001dafef4cf40 Uncommon trap: trap_request=0xffffff45 fr.pc=0x000001da91531580 relative=0x0000000000000160
Event: 0.444 Thread 0x000001dafef4cf40 Uncommon trap: reason=unstable_if action=reinterpret pc=0x000001da91531580 method=java.util.concurrent.locks.ReentrantLock$NonfairSync.initialTryLock()Z @ 10 c2
Event: 0.444 Thread 0x000001dafef4cf40 DEOPT PACKING pc=0x000001da91531580 sp=0x0000001d58bfef80
Event: 0.444 Thread 0x000001dafef4cf40 DEOPT UNPACKING pc=0x000001da90fb7da2 sp=0x0000001d58bfef28 mode 2
Event: 0.444 Thread 0x000001dafef4cf40 Uncommon trap: trap_request=0xffffff45 fr.pc=0x000001da915318f4 relative=0x00000000000000d4
Event: 0.444 Thread 0x000001dafef4cf40 Uncommon trap: reason=unstable_if action=reinterpret pc=0x000001da915318f4 method=java.util.concurrent.locks.ReentrantLock$Sync.tryRelease(I)Z @ 26 c2
Event: 0.444 Thread 0x000001dafef4cf40 DEOPT PACKING pc=0x000001da915318f4 sp=0x0000001d58bfef80
Event: 0.444 Thread 0x000001dafef4cf40 DEOPT UNPACKING pc=0x000001da90fb7da2 sp=0x0000001d58bfef20 mode 2
Event: 0.549 Thread 0x000001dafef4cf40 Uncommon trap: trap_request=0xffffff45 fr.pc=0x000001da9154114c relative=0x000000000000004c
Event: 0.549 Thread 0x000001dafef4cf40 Uncommon trap: reason=unstable_if action=reinterpret pc=0x000001da9154114c method=sun.nio.fs.WindowsPathParser.isSlash(C)Z @ 9 c2
Event: 0.549 Thread 0x000001dafef4cf40 DEOPT PACKING pc=0x000001da9154114c sp=0x0000001d58bfbe00
Event: 0.549 Thread 0x000001dafef4cf40 DEOPT UNPACKING pc=0x000001da90fb7da2 sp=0x0000001d58bfbd88 mode 2
Event: 0.644 Thread 0x000001dafef4cf40 DEOPT PACKING pc=0x000001da89a91557 sp=0x0000001d58bfcb50
Event: 0.644 Thread 0x000001dafef4cf40 DEOPT UNPACKING pc=0x000001da90fb88e2 sp=0x0000001d58bfbfa0 mode 0

Classes loaded (20 events):
Event: 0.665 Loading class java/nio/DirectFloatBufferU
Event: 0.665 Loading class java/nio/DirectFloatBufferU done
Event: 0.665 Loading class java/nio/DirectDoubleBufferU
Event: 0.665 Loading class java/nio/DirectDoubleBufferU done
Event: 0.665 Loading class sun/misc/Unsafe
Event: 0.665 Loading class sun/misc/Unsafe done
Event: 0.665 Loading class java/lang/invoke/DirectMethodHandle$StaticAccessor
Event: 0.666 Loading class java/lang/invoke/DirectMethodHandle$StaticAccessor done
Event: 0.667 Loading class java/util/function/LongPredicate
Event: 0.667 Loading class java/util/function/LongPredicate done
Event: 0.669 Loading class java/lang/foreign/MemorySegment
Event: 0.669 Loading class java/lang/foreign/MemorySegment done
Event: 0.673 Loading class java/nio/InvalidMarkException
Event: 0.673 Loading class java/nio/InvalidMarkException done
Event: 0.673 Loading class java/nio/BufferUnderflowException
Event: 0.673 Loading class java/nio/BufferUnderflowException done
Event: 0.675 Loading class java/lang/IndexOutOfBoundsException
Event: 0.675 Loading class java/lang/IndexOutOfBoundsException done
Event: 0.684 Loading class java/util/Formatter$FixedString
Event: 0.684 Loading class java/util/Formatter$FixedString done

Classes unloaded (0 events):
No events

Classes redefined (0 events):
No events

Internal exceptions (20 events):
Event: 0.442 Thread 0x000001dafef4cf40 Exception <a 'java/lang/NoSuchMethodError'{0x0000000621805668}: 'java.lang.Object java.lang.invoke.DirectMethodHandle$Holder.invokeStatic(java.lang.Object, int, java.lang.Object)'> (0x0000000621805668) 
thrown [s\src\hotspot\share\interpreter\linkResolver.cpp, line 773]
Event: 0.466 Thread 0x000001dafef4cf40 Exception <a 'java/lang/NoSuchMethodError'{0x00000006218e2a20}: 'void java.lang.System.load(java.lang.String, java.lang.Class)'> (0x00000006218e2a20) 
thrown [s\src\hotspot\share\interpreter\linkResolver.cpp, line 773]
Event: 0.466 Thread 0x000001dafef4cf40 Exception <a 'java/lang/NoSuchMethodError'{0x00000006218e3450}: 'void java.lang.invoke.DirectMethodHandle$Holder.invokeSpecial(java.lang.Object, java.lang.Object, java.lang.Object)'> (0x00000006218e3450) 
thrown [s\src\hotspot\share\interpreter\linkResolver.cpp, line 773]
Event: 0.468 Thread 0x000001dafef4cf40 Exception <a 'java/lang/NoSuchMethodError'{0x00000006218f0bf0}: 'java.lang.Object java.lang.invoke.DirectMethodHandle$Holder.invokeStatic(java.lang.Object, java.lang.Object, int)'> (0x00000006218f0bf0) 
thrown [s\src\hotspot\share\interpreter\linkResolver.cpp, line 773]
Event: 0.470 Thread 0x000001dafef4cf40 Exception <a 'java/lang/NoSuchMethodError'{0x00000006218fc370}: 'void java.lang.invoke.DelegatingMethodHandle$Holder.delegate(java.lang.Object, java.lang.Object, int, java.lang.Object)'> (0x00000006218fc370) 
thrown [s\src\hotspot\share\interpreter\linkResolver.cpp, line 773]
Event: 0.480 Thread 0x000001dafef4cf40 Exception <a 'java/lang/NoSuchMethodError'{0x0000000621915c38}: 'void java.lang.System.loadLibrary(java.lang.String, java.lang.Class)'> (0x0000000621915c38) 
thrown [s\src\hotspot\share\interpreter\linkResolver.cpp, line 773]
Event: 0.508 Thread 0x000001dafef4cf40 Exception <a 'java/lang/NoSuchMethodError'{0x000000062196c6a8}: 'void java.lang.System.load(java.lang.String, java.lang.Class)'> (0x000000062196c6a8) 
thrown [s\src\hotspot\share\interpreter\linkResolver.cpp, line 773]
Event: 0.509 Thread 0x000001dafef4cf40 Exception <a 'java/lang/NoSuchMethodError'{0x000000062196f110}: 'void java.lang.System.loadLibrary(java.lang.String, java.lang.Class)'> (0x000000062196f110) 
thrown [s\src\hotspot\share\interpreter\linkResolver.cpp, line 773]
Event: 0.549 Thread 0x000001dafef4cf40 Exception <a 'sun/nio/fs/WindowsException'{0x00000006219a5970}> (0x00000006219a5970) 
thrown [s\src\hotspot\share\prims\jni.cpp, line 520]
Event: 0.550 Thread 0x000001dafef4cf40 Exception <a 'sun/nio/fs/WindowsException'{0x00000006219a5ea0}> (0x00000006219a5ea0) 
thrown [s\src\hotspot\share\prims\jni.cpp, line 520]
Event: 0.642 Thread 0x000001dafef4cf40 Exception <a 'sun/nio/fs/WindowsException'{0x0000000621a18bb0}> (0x0000000621a18bb0) 
thrown [s\src\hotspot\share\prims\jni.cpp, line 520]
Event: 0.642 Thread 0x000001dafef4cf40 Exception <a 'sun/nio/fs/WindowsException'{0x0000000621a18f50}> (0x0000000621a18f50) 
thrown [s\src\hotspot\share\prims\jni.cpp, line 520]
Event: 0.649 Thread 0x000001dafef4cf40 Exception <a 'sun/nio/fs/WindowsException'{0x0000000621a232e0}> (0x0000000621a232e0) 
thrown [s\src\hotspot\share\prims\jni.cpp, line 520]
Event: 0.649 Thread 0x000001dafef4cf40 Exception <a 'sun/nio/fs/WindowsException'{0x0000000621a235b0}> (0x0000000621a235b0) 
thrown [s\src\hotspot\share\prims\jni.cpp, line 520]
Event: 0.668 Thread 0x000001dafef4cf40 Exception <a 'java/lang/NoSuchMethodError'{0x0000000621a74898}: 'int java.lang.invoke.DirectMethodHandle$Holder.invokeStaticInit(java.lang.Object, java.lang.Object, int, long)'> (0x0000000621a74898) 
thrown [s\src\hotspot\share\interpreter\linkResolver.cpp, line 773]
Event: 0.669 Thread 0x000001dafef4cf40 Exception <a 'java/lang/NoSuchMethodError'{0x0000000621a79c50}: 'java.lang.Object java.lang.invoke.DirectMethodHandle$Holder.newInvokeSpecial(java.lang.Object, java.lang.Object, int)'> (0x0000000621a79c50) 
thrown [s\src\hotspot\share\interpreter\linkResolver.cpp, line 773]
Event: 0.671 Thread 0x000001dafef4cf40 Exception <a 'java/lang/NoSuchMethodError'{0x0000000621a89568}: 'int java.lang.invoke.DirectMethodHandle$Holder.invokeStaticInit(java.lang.Object, java.lang.Object, long, long)'> (0x0000000621a89568) 
thrown [s\src\hotspot\share\interpreter\linkResolver.cpp, line 773]
Event: 0.672 Thread 0x000001dafef4cf40 Exception <a 'java/lang/NoSuchMethodError'{0x0000000621a8ee48}: 'java.lang.Object java.lang.invoke.DirectMethodHandle$Holder.newInvokeSpecial(java.lang.Object, java.lang.Object, long)'> (0x0000000621a8ee48) 
thrown [s\src\hotspot\share\interpreter\linkResolver.cpp, line 773]
Event: 0.672 Thread 0x000001dafef4cf40 Exception <a 'java/lang/NoSuchMethodError'{0x0000000621a92790}: 'java.lang.Object java.lang.invoke.Invokers$Holder.linkToTargetMethod(java.lang.Object, long, java.lang.Object)'> (0x0000000621a92790) 
thrown [s\src\hotspot\share\interpreter\linkResolver.cpp, line 773]
Event: 0.673 Thread 0x000001dafef4cf40 Exception <a 'java/lang/NoSuchMethodError'{0x0000000621a99888}: 'int java.lang.invoke.DirectMethodHandle$Holder.invokeStaticInit(java.lang.Object, java.lang.Object, java.lang.Object, long)'> (0x0000000621a99888) 
thrown [s\src\hotspot\share\interpreter\linkResolver.cpp, line 773]

ZGC Phase Switch (0 events):
No events

VM Operations (4 events):
Event: 0.151 Executing VM operation: HandshakeAllThreads (Deoptimize)
Event: 0.151 Executing VM operation: HandshakeAllThreads (Deoptimize) done
Event: 0.323 Executing VM operation: HandshakeAllThreads (Deoptimize)
Event: 0.323 Executing VM operation: HandshakeAllThreads (Deoptimize) done

Memory protections (0 events):
No events

Nmethod flushes (0 events):
No events

Events (13 events):
Event: 0.059 Thread 0x000001dafef4cf40 Thread added: 0x000001dafef4cf40
Event: 0.081 Thread 0x000001dafef4cf40 Thread added: 0x000001daa2c50630
Event: 0.081 Thread 0x000001dafef4cf40 Thread added: 0x000001daa2c52190
Event: 0.081 Thread 0x000001dafef4cf40 Thread added: 0x000001daa2c58640
Event: 0.082 Thread 0x000001dafef4cf40 Thread added: 0x000001daa2c59190
Event: 0.082 Thread 0x000001dafef4cf40 Thread added: 0x000001daa2c5c450
Event: 0.082 Thread 0x000001dafef4cf40 Thread added: 0x000001daa2c5cfa0
Event: 0.082 Thread 0x000001dafef4cf40 Thread added: 0x000001daa2c68d60
Event: 0.082 Thread 0x000001dafef4cf40 Thread added: 0x000001daa2c6cd10
Event: 0.141 Thread 0x000001dafef4cf40 Thread added: 0x000001daa2c19e60
Event: 0.223 Thread 0x000001daa2c6cd10 Thread added: 0x000001daa5824840
Event: 0.247 Thread 0x000001dafef4cf40 Thread added: 0x000001daa590d430
Event: 0.247 Thread 0x000001dafef4cf40 Thread added: 0x000001daa590daa0


Dynamic libraries:
0x00007ff67c0f0000 - 0x00007ff67c0fe000 	C:\Users\thrib\.jdks\corretto-21.0.4\bin\java.exe
0x00007fff386d0000 - 0x00007fff388e7000 	C:\WINDOWS\SYSTEM32\ntdll.dll
0x00007fff378b0000 - 0x00007fff37974000 	C:\WINDOWS\System32\KERNEL32.DLL
0x00007fff35a90000 - 0x00007fff35e49000 	C:\WINDOWS\System32\KERNELBASE.dll
0x00007fff362d0000 - 0x00007fff363e1000 	C:\WINDOWS\System32\ucrtbase.dll
0x00007fff0fba0000 - 0x00007fff0fbbb000 	C:\Users\thrib\.jdks\corretto-21.0.4\bin\VCRUNTIME140.dll
0x00007fff2b830000 - 0x00007fff2b848000 	C:\Users\thrib\.jdks\corretto-21.0.4\bin\jli.dll
0x00007fff36e90000 - 0x00007fff3703f000 	C:\WINDOWS\System32\USER32.dll
0x00007fff2aaa0000 - 0x00007fff2ad32000 	C:\WINDOWS\WinSxS\amd64_microsoft.windows.common-controls_6595b64144ccf1df_6.0.22621.4291_none_2715d3a373803e45\COMCTL32.dll
0x00007fff37320000 - 0x00007fff373c7000 	C:\WINDOWS\System32\msvcrt.dll
0x00007fff38130000 - 0x00007fff38159000 	C:\WINDOWS\System32\GDI32.dll
0x00007fff36150000 - 0x00007fff36176000 	C:\WINDOWS\System32\win32u.dll
0x00007fff36030000 - 0x00007fff3614b000 	C:\WINDOWS\System32\gdi32full.dll
0x00007fff36180000 - 0x00007fff3621a000 	C:\WINDOWS\System32\msvcp_win.dll
0x00007fff37860000 - 0x00007fff37891000 	C:\WINDOWS\System32\IMM32.DLL
0x00007fff2ead0000 - 0x00007fff2eadc000 	C:\Users\thrib\.jdks\corretto-21.0.4\bin\vcruntime140_1.dll
0x00007ffedae00000 - 0x00007ffedae8d000 	C:\Users\thrib\.jdks\corretto-21.0.4\bin\msvcp140.dll
0x00007ffe69c10000 - 0x00007ffe6a9a6000 	C:\Users\thrib\.jdks\corretto-21.0.4\bin\server\jvm.dll
0x00007fff37d20000 - 0x00007fff37dd2000 	C:\WINDOWS\System32\ADVAPI32.dll
0x00007fff37e00000 - 0x00007fff37ea8000 	C:\WINDOWS\System32\sechost.dll
0x00007fff362a0000 - 0x00007fff362c8000 	C:\WINDOWS\System32\bcrypt.dll
0x00007fff37200000 - 0x00007fff37314000 	C:\WINDOWS\System32\RPCRT4.dll
0x00007fff36530000 - 0x00007fff365a1000 	C:\WINDOWS\System32\WS2_32.dll
0x00007fff348e0000 - 0x00007fff3492d000 	C:\WINDOWS\SYSTEM32\POWRPROF.dll
0x00007fff2fc20000 - 0x00007fff2fc54000 	C:\WINDOWS\SYSTEM32\WINMM.dll
0x00007fff2c9e0000 - 0x00007fff2c9ea000 	C:\WINDOWS\SYSTEM32\VERSION.dll
0x00007fff34840000 - 0x00007fff34853000 	C:\WINDOWS\SYSTEM32\UMPDC.dll
0x00007fff34ad0000 - 0x00007fff34ae8000 	C:\WINDOWS\SYSTEM32\kernel.appcore.dll
0x00007fff2b810000 - 0x00007fff2b81a000 	C:\Users\thrib\.jdks\corretto-21.0.4\bin\jimage.dll
0x00007fff31570000 - 0x00007fff317a2000 	C:\WINDOWS\SYSTEM32\DBGHELP.DLL
0x00007fff373d0000 - 0x00007fff3775f000 	C:\WINDOWS\System32\combase.dll
0x00007fff37a80000 - 0x00007fff37b57000 	C:\WINDOWS\System32\OLEAUT32.dll
0x00007fff1c2e0000 - 0x00007fff1c312000 	C:\WINDOWS\SYSTEM32\dbgcore.DLL
0x00007fff36220000 - 0x00007fff3629b000 	C:\WINDOWS\System32\bcryptPrimitives.dll
0x00007fff29e10000 - 0x00007fff29e1e000 	C:\Users\thrib\.jdks\corretto-21.0.4\bin\instrument.dll
0x00007fff01ee0000 - 0x00007fff01eff000 	C:\Users\thrib\.jdks\corretto-21.0.4\bin\java.dll
0x00007fff36610000 - 0x00007fff36e8b000 	C:\WINDOWS\System32\SHELL32.dll
0x00007fff338e0000 - 0x00007fff341e9000 	C:\WINDOWS\SYSTEM32\windows.storage.dll
0x00007fff337a0000 - 0x00007fff338df000 	C:\WINDOWS\SYSTEM32\wintypes.dll
0x00007fff37980000 - 0x00007fff37a79000 	C:\WINDOWS\System32\SHCORE.dll
0x00007fff365b0000 - 0x00007fff3660e000 	C:\WINDOWS\System32\shlwapi.dll
0x00007fff35900000 - 0x00007fff3592b000 	C:\WINDOWS\SYSTEM32\profapi.dll
0x00007ffedad20000 - 0x00007ffedadf7000 	C:\Users\thrib\.jdks\corretto-21.0.4\bin\jsvml.dll
0x00007ffefef10000 - 0x00007ffefef28000 	C:\Users\thrib\.jdks\corretto-21.0.4\bin\zip.dll
0x00007fff29be0000 - 0x00007fff29bf0000 	C:\Users\thrib\.jdks\corretto-21.0.4\bin\net.dll
0x00007fff317b0000 - 0x00007fff318e6000 	C:\WINDOWS\SYSTEM32\WINHTTP.dll
0x00007fff34f30000 - 0x00007fff34f99000 	C:\WINDOWS\system32\mswsock.dll
0x00007ffefeaa0000 - 0x00007ffefeab6000 	C:\Users\thrib\.jdks\corretto-21.0.4\bin\nio.dll
0x00007fff2e230000 - 0x00007fff2e24a000 	C:\Program Files\JetBrains\IntelliJ IDEA 2024.1.5\bin\breakgen64.dll
0x00007fff28ea0000 - 0x00007fff28ea9000 	C:\Users\thrib\.jdks\corretto-21.0.4\bin\extnet.dll
0x00007fff29840000 - 0x00007fff29849000 	C:\Users\thrib\.jdks\corretto-21.0.4\bin\management.dll
0x00007fff290a0000 - 0x00007fff290ab000 	C:\Users\thrib\.jdks\corretto-21.0.4\bin\management_ext.dll
0x00007fff36520000 - 0x00007fff36528000 	C:\WINDOWS\System32\PSAPI.DLL
0x00007ffedab30000 - 0x00007ffedabab000 	C:\Users\thrib\AppData\Local\Temp\lwjgl_thrib\3.3.4+7\x64\lwjgl.dll
0x00007ffedaac0000 - 0x00007ffedab21000 	C:\Users\thrib\AppData\Local\Temp\lwjgl_thrib\3.3.4+7\x64\lwjgl_opengl.dll
0x00007fff1d0d0000 - 0x00007fff1d1d0000 	C:\WINDOWS\SYSTEM32\opengl32.dll
0x00007fff1e5d0000 - 0x00007fff1e5fd000 	C:\WINDOWS\SYSTEM32\GLU32.dll
0x00007fff32f90000 - 0x00007fff32fc7000 	C:\WINDOWS\SYSTEM32\dxcore.dll

dbghelp: loaded successfully - version: 4.0.5 - missing functions: none
symbol engine: initialized successfully - sym options: 0x614 - pdb path: .;C:\Users\thrib\.jdks\corretto-21.0.4\bin;C:\WINDOWS\SYSTEM32;C:\WINDOWS\WinSxS\amd64_microsoft.windows.common-controls_6595b64144ccf1df_6.0.22621.4291_none_2715d3a373803e45;C:\Users\thrib\.jdks\corretto-21.0.4\bin\server;C:\Program Files\JetBrains\IntelliJ IDEA 2024.1.5\bin;C:\Users\thrib\AppData\Local\Temp\lwjgl_thrib\3.3.4+7\x64

VM Arguments:
jvm_args: -javaagent:C:\Program Files\JetBrains\IntelliJ IDEA 2024.1.5\lib\idea_rt.jar=62508:C:\Program Files\JetBrains\IntelliJ IDEA 2024.1.5\bin -Dfile.encoding=UTF-8 -Dsun.stdout.encoding=UTF-8 -Dsun.stderr.encoding=UTF-8 
java_command: tk.ff0044.lwkglTutorial.game.MainKt
java_class_path (initial): C:\Users\thrib\code\Java\LWJGLTutorial\build\classes\kotlin\main;C:\Users\thrib\code\Java\LWJGLTutorial\build\resources\main;C:\Users\thrib\.gradle\caches\modules-2\files-2.1\org.joml\joml-primitives\1.10.0\b3ae3ae0dfee0bf5aef9f7964205cca0f3c6ea07\joml-primitives-1.10.0.jar;C:\Users\thrib\.gradle\caches\modules-2\files-2.1\org.joml\joml\1.10.7\f8c3f2e7db281bde099342dd36133de4bbba390c\joml-1.10.7.jar;C:\Users\thrib\.gradle\caches\modules-2\files-2.1\org.jetbrains.kotlin\kotlin-stdlib\2.0.0\b48df2c4aede9586cc931ead433bc02d6fd7879e\kotlin-stdlib-2.0.0.jar;C:\Users\thrib\.gradle\caches\modules-2\files-2.1\org.lwjgl\lwjgl-assimp\3.3.4\4651577de25afb21511c4b39e1ee3002ab1cad5d\lwjgl-assimp-3.3.4.jar;C:\Users\thrib\.gradle\caches\modules-2\files-2.1\org.lwjgl\lwjgl-bgfx\3.3.4\6a1a1c3a909b0d9213426a9ccaf25c5d3809d248\lwjgl-bgfx-3.3.4.jar;C:\Users\thrib\.gradle\caches\modules-2\files-2.1\org.lwjgl\lwjgl-glfw\3.3.4\7e46ecdec85db8738053cfde1414352cd62dab74\lwjgl-glfw-3.3.4.jar;C:\Users\thrib\.gradle\caches\modules-2\files-2.1\org.lwjgl\lwjgl-nanovg\3.3.4\4bf3cb1a4f5265b9c739d427bbb019ec5b3f3864\lwjgl-nanovg-3.3.4.jar;C:\Users\thrib\.gradle\caches\modules-2\files-2.1\org.lwjgl\lwjgl-nuklear\3.3.4\6f28233021581c9a1c303a3b2f361c734529eb69\lwjgl-nuklear-3.3.4.jar;C:\Users\thrib\.gradle\caches\modules-2\files-2.1\org.lwjgl\lwjgl-openal\3.3.4\9b74d3ea380c83353d42af43ad9659e04dabe84a\lwjgl-openal-3.3.4.jar;C:\Users\thrib\.gradle\caches\modules-2\files-2.1\org.lwjgl\lwjgl-opengl\3.3.4\2852ac7d9f6fc71349f1ce28e2708ff1977f18af\lwjgl-opengl-3.3.4.jar;C:\Users\thrib\.gradle\caches\modules-2\files-2.1\org.lwjgl\lwjgl-par\3.3.4\e91872a46700d4988696453236fca419f26f60b7\lwjgl-par-3.3.4.jar;C:\Users\thrib\.gradle\caches\modules-2\files-2.1\org.lwjgl\lwjgl-stb\3.3.4\5821735d5ef23f6da8542887344e57eb181b7cac\lwjgl-stb-3.3.4.jar;C:\Users\thrib\.gradle\caches\modules-2\files-2.1\org.lwjgl\lwjgl-vulkan\3.3.4\e35906651a321f80f8b140fde29e35bd0d794601\lwjgl-vulkan-3.3.4.jar;C:\Users\thrib\.gradle\caches\modules-2\files-2.1\org.lwjgl\lwjgl\3.3.4\b86c3e4832426e8a6b466013b7cb34b40e9ce956\lwjgl-3.3.4.jar;C:\Users\thrib\.gradle\caches\modules-2\files-2.1\org.tinylog\tinylog-impl\2.7.0\46a5d4d50d3302460a5143e51befdb7245ccba5d\tinylog-impl-2.7.0.jar;C:\Users\thrib\.gradle\caches\modules-2\files-2.1\org.tinylog\tinylog-api\2.7.0\17875aa7c4acfee6a9e9a83a5d1469cc0411be40\tinylog-api-2.7.0.jar;C:\Users\thrib\.gradle\caches\modules-2\files-2.1\org.jetbrains.kotlin\kotlin-stdlib-jdk8\1.8.20\73576ddf378c5b4f1f6b449fe6b119b8183fc078\kotlin-stdlib-jdk8-1.8.20.jar;C:\Users\thrib\.gradle\caches\modules-2\files-2.1\org.jetbrains\annotations\13.0\919f0dfe192fb4e063e7dacadee7f8bb9a2672a9\annotations-13.0.jar;C:\Users\thrib\.gradle\caches\modules-2\files-2.1\org.jetbrains.kotlin\kotlin-stdlib-jdk7\1.8.20\3aa51faf20aae8b31e1a4bc54f8370673d7b7df4\kotlin-stdlib-jdk7-1.8.20.jar;C:\Users\thrib\.gradle\caches\modules-2\files-2.1\org.lwjgl\lwjgl-assimp\3.3.4\65a7534e8a97b340c5e9716e15339b2b8964d656\lwjgl-assimp-3.3.4-natives-windows.jar;C:\Users\thrib\.gradle\caches\modules-2\files-2.1\org.lwjgl\lwjgl-bgfx\3.3.4\244c90b7aa225af02363b167aeaec86f24a08692\lwjgl-bgfx-3.3.4-natives-windows.jar;C:\Users\thrib\.gradle\caches\modules-2\files-2.1\org.lwjgl\lwjgl-glfw\3.3.4\370ef92d15819a123c643dd2b0fc3a2d40bb263c\lwjgl-glfw-3.3.4-natives-windows.jar;C:\Users\thrib\.gradle\caches\modules-2\files-2.1\org.lwjgl\lwjgl-nanovg\3.3.4\2b98206983a95a06fef90a936218b7e086d06023\lwjgl-nanovg-3.3.4-natives-windows.jar;C:\Users\thrib\.gradle\caches\modules-2\files-2.1\org.lwjgl\lwjgl-nuklear\3.3.4\8df43ea7bd20ee99cb46539ff953f59c6f0f9e53\lwjgl-nuklear-3.3.4-natives-windows.jar;C:\Users\thrib\.gradle\caches\modules-2\files-2.1\org.lwjgl\lwjgl-openal\3.3.4\c4de8af803aacda71044418095a71cd63b569a15\lwjgl-openal-3.3.4-natives-windows.jar;C:\Users\thrib\.gradle\caches\modules-2\files-2.1\org.lwjgl\lwjgl-opengl\3.3.4\f7ca4e75573a9ce83075bd86bc8a3e49ff106696\lwjgl-opengl-3.3.4-natives-windows.jar;C:\Users\thrib\.gradle\caches\modules-2\files-2.1\org.lwjgl\lwjgl-par\3.3.4\c2f89043d1bc3e1556299460bb0dbc548ab7ad2a\lwjgl-par-3.3.4-natives-windows.jar;C:\Users\thrib\.gradle\caches\modules-2\files-2.1\org.lwjgl\lwjgl-stb\3.3.4\8310e565463ec8d369528e8b26a9b1518d079a01\lwjgl-stb-3.3.4-natives-windows.jar;C:\Users\thrib\.gradle\caches\modules-2\files-2.1\org.lwjgl\lwjgl\3.3.4\dd0927c1348cdcd9573fa24b7278ec1ac2bb0a76\lwjgl-3.3.4-natives-windows.jar
Launcher Type: SUN_STANDARD

[Global flags]
     intx CICompilerCount                          = 4                                         {product} {ergonomic}
     uint ConcGCThreads                            = 2                                         {product} {ergonomic}
     uint G1ConcRefinementThreads                  = 8                                         {product} {ergonomic}
   size_t G1HeapRegionSize                         = 4194304                                   {product} {ergonomic}
    uintx GCDrainStackTargetSize                   = 64                                        {product} {ergonomic}
   size_t InitialHeapSize                          = 536870912                                 {product} {ergonomic}
   size_t MarkStackSize                            = 4194304                                   {product} {ergonomic}
   size_t MaxHeapSize                              = 8552185856                                {product} {ergonomic}
   size_t MaxNewSize                               = 5129633792                                {product} {ergonomic}
   size_t MinHeapDeltaBytes                        = 4194304                                   {product} {ergonomic}
   size_t MinHeapSize                              = 8388608                                   {product} {ergonomic}
    uintx NonNMethodCodeHeapSize                   = 5839372                                {pd product} {ergonomic}
    uintx NonProfiledCodeHeapSize                  = 122909434                              {pd product} {ergonomic}
    uintx ProfiledCodeHeapSize                     = 122909434                              {pd product} {ergonomic}
    uintx ReservedCodeCacheSize                    = 251658240                              {pd product} {ergonomic}
     bool SegmentedCodeCache                       = true                                      {product} {ergonomic}
   size_t SoftMaxHeapSize                          = 8552185856                             {manageable} {ergonomic}
     bool UseCompressedOops                        = true                           {product lp64_product} {ergonomic}
     bool UseG1GC                                  = true                                      {product} {ergonomic}
     bool UseLargePagesIndividualAllocation        = false                                  {pd product} {ergonomic}

Logging:
Log output configuration:
 #0: stdout all=warning uptime,level,tags foldmultilines=false
 #1: stderr all=off uptime,level,tags foldmultilines=false

Environment Variables:
JAVA_HOME=C:\Program Files\Eclipse Adoptium\jdk-23.0.0.37-hotspot\
PATH=C:\VulkanSDK\1.3.296.0\Bin;C:\Program Files\Eclipse Adoptium\jdk-23.0.0.37-hotspot\bin;C:\ProgramData\anaconda3\Scripts\;C:\ProgramData\anaconda3\;C:\Program Files\Microsoft\jdk-11.0.24.8-hotspot\bin;C:\Program Files\Conan\conan;C:\Program Files\Eclipse Adoptium\jdk-21.0.4.7-hotspot\bin;C:\Program Files\Python312\Scripts\;C:\Program Files\Python312\;C:\Program Files\Eclipse Adoptium\jre-8.0.422.5-hotspot\bin;C:\Program Files\Eclipse Adoptium\jre-11.0.24.8-hotspot\bin;C:\WINDOWS\system32;C:\WINDOWS;C:\WINDOWS\System32\Wbem;C:\WINDOWS\System32\WindowsPowerShell\v1.0\;C:\WINDOWS\System32\OpenSSH\;C:\ProgramData\chocolatey\bin;C:\Program Files\Microsoft SQL Server\150\Tools\Binn\;C:\Program Files\dotnet\;C:\Program Files (x86)\Windows Kits\10\Windows Performance Toolkit\;C:\Program Files\Microsoft SQL Server\Client SDK\ODBC\170\Tools\Binn\;C:\Program Files\Neovim\bin;C:\Program Files\PuTTY\;C:\Program Files\Common Files\Autodesk Shared\;C:\msys64\mingw64\bin;C:\Program Files\CMake\bin;C:\Program Files\gsudo\Current;C:\msys64\;C:\Program Files\GitHub CLI\;C:\Program Files\Microsoft Visual Studio\2022\Community\Common7\IDE;C:\Program Files\PowerShell\7\;C:\Program Files\Streamlink\bin;C:\Users\thrib\AppData\Local\UniGetUI\Chocolatey\lib\mpvio.install\tools;C:\Program Files\nodejs\;C:\Program Files\Cloudflare\Cloudflare WARP\;C:\Program Files\Microsoft Visual Studio\2022\Community\MSBuild\Current\Bin\;C:\Program Files\Git\cmd;C:\Gradle\gradle-8.10.2\bin;C:\dev\kotlin\kotlinc\bin;C:\dev\kotlin\kotlin-native-prebuilt-windows-x86_64-2.0.21\bin;C:\Users\thrib\AppData\Local\UniGetUI\Chocolatey\bin;C:\Users\thrib\scoop\apps\mpv\current;C:\Users\thrib\AppData\Roaming\local\bin;C:\Users\thrib\scoop\shims;C:\Users\thrib\.cargo\bin;C:\Users\thrib\AppData\Local\Microsoft\WindowsApps;C:\Users\thrib\AppData\Local\Programs\Microsoft VS Code\bin;C:\Users\thrib\AppData\Local\JetBrains\Toolbox\scripts;C:\Users\thrib\.dotnet\tools;C:\Users\thrib\AppData\Local\flutter\bin;C:\Program Files\JetBrains\CLion 2024.1.4\bin;C:\Program Files\JetBrains\IntelliJ IDEA 2024.1.5\bin;C:\Users\thrib\AppData\Local\Microsoft\WindowsApps;C:\Users\thrib\.bun\bin;C:\Users\thrib\AppData\Local\Microsoft\WinGet\Links;C:\Users\thrib\AppData\Local\GitHubDesktop\bin;C:\Users\thrib\.dotnet\tools;C:\Users\thrib\AppData\Roaming\Python\Python312\Scripts;C:\Users\thrib\.deno\bin;C:\Users\thrib\AppData\Local\Programs\oh-my-posh\bin;C:\tools\neovim\nvim-win64\bin;C:\Users\thrib\AppData\Roaming\npm;C:\Users\thrib\AppData\Local\gitkraken\bin
USERNAME=thrib
OS=Windows_NT
PROCESSOR_IDENTIFIER=Intel64 Family 6 Model 140 Stepping 1, GenuineIntel
TMP=C:\Users\thrib\AppData\Local\Temp
TEMP=C:\Users\thrib\AppData\Local\Temp




Periodic native trim disabled

---------------  S Y S T E M  ---------------

OS:
 Windows 11 , 64 bit Build 22621 (10.0.22621.4000)
OS uptime: 1 days 17:46 hours
Hyper-V role detected

CPU: total 8 (initial active 8) (4 cores per cpu, 2 threads per core) family 6 model 140 stepping 1 microcode 0xb8, cx8, cmov, fxsr, ht, mmx, 3dnowpref, sse, sse2, sse3, ssse3, sse4.1, sse4.2, popcnt, lzcnt, tsc, tscinvbit, avx, avx2, aes, erms, clmul, bmi1, bmi2, adx, avx512f, avx512dq, avx512cd, avx512bw, avx512vl, sha, fma, vzeroupper, avx512_vpopcntdq, avx512_vpclmulqdq, avx512_vaes, avx512_vnni, clflush, clflushopt, clwb, avx512_vbmi2, avx512_vbmi, hv, rdtscp, rdpid, fsrm, gfni, avx512_bitalg, f16c, cet_ibt, cet_ss, avx512_ifma
Processor Information for processor 0
  Max Mhz: 2803, Current Mhz: 1001, Mhz Limit: 2803
Processor Information for processor 1
  Max Mhz: 2803, Current Mhz: 2803, Mhz Limit: 2803
Processor Information for processor 2
  Max Mhz: 2803, Current Mhz: 2803, Mhz Limit: 2803
Processor Information for processor 3
  Max Mhz: 2803, Current Mhz: 1001, Mhz Limit: 2803
Processor Information for processor 4
  Max Mhz: 2803, Current Mhz: 2803, Mhz Limit: 2803
Processor Information for processor 5
  Max Mhz: 2803, Current Mhz: 2803, Mhz Limit: 2803
Processor Information for processor 6
  Max Mhz: 2803, Current Mhz: 1001, Mhz Limit: 2803
Processor Information for processor 7
  Max Mhz: 2803, Current Mhz: 2803, Mhz Limit: 2803

Memory: 4k page, system-wide physical 32610M (13437M free)
TotalPageFile size 37474M (AvailPageFile size 14869M)
current process WorkingSet (physical memory assigned to process): 63M, peak: 63M
current process commit charge ("private bytes"): 615M, peak: 615M

vm_info: OpenJDK 64-Bit Server VM (21.0.4+7-LTS) for windows-amd64 JRE (21.0.4+7-LTS), built on 2024-07-10T17:34:29Z by "Administrator" with MS VC++ 16.10 / 16.11 (VS2019)

END.
