#
# A fatal error has been detected by the Java Runtime Environment:
#
#  EXCEPTION_ACCESS_VIOLATION (0xc0000005) at pc=0x00007ffd3f51ef27, pid=16764, tid=17504
#
# JRE version: OpenJDK Runtime Environment Corretto-21.0.4.7.1 (21.0.4+7) (build 21.0.4+7-LTS)
# Java VM: OpenJDK 64-Bit Server VM Corretto-21.0.4.7.1 (21.0.4+7-LTS, mixed mode, sharing, tiered, compressed oops, compressed class ptrs, g1 gc, windows-amd64)
# Problematic frame:
# C  [lwjgl_opengl.dll+0xef27]
#
# No core dump will be written. Minidumps are not enabled by default on client versions of Windows
#
# If you would like to submit a bug report, please visit:
#   https://github.com/corretto/corretto-21/issues/
# The crash happened outside the Java Virtual Machine in native code.
# See problematic frame for where to report the bug.
#

---------------  S U M M A R Y ------------

Command Line: -javaagent:C:\Program Files\JetBrains\IntelliJ IDEA 2024.1.5\lib\idea_rt.jar=62865:C:\Program Files\JetBrains\IntelliJ IDEA 2024.1.5\bin -Dfile.encoding=UTF-8 -Dsun.stdout.encoding=UTF-8 -Dsun.stderr.encoding=UTF-8 tk.ff0044.lwkglTutorial.game.MainKt --dev

Host: 11th Gen Intel(R) Core(TM) i7-1165G7 @ 2.80GHz, 8 cores, 31G,  Windows 11 , 64 bit Build 22621 (10.0.22621.4000)
Time: Tue Oct 22 11:27:23 2024 AUS Eastern Summer Time elapsed time: 0.504982 seconds (0d 0h 0m 0s)

---------------  T H R E A D  ---------------

Current thread (0x000001ae40c6ddb0):  JavaThread "main"             [_thread_in_native, id=17504, stack(0x0000007e7bd00000,0x0000007e7be00000) (1024K)]

Stack: [0x0000007e7bd00000,0x0000007e7be00000],  sp=0x0000007e7bdff258,  free space=1020k
Native frames: (J=compiled Java code, j=interpreted, Vv=VM code, C=native code)
C  [lwjgl_opengl.dll+0xef27]

Java frames: (J=compiled Java code, j=interpreted, Vv=VM code)
j  org.lwjgl.opengl.GL20C.glCreateProgram()I+0
j  org.lwjgl.opengl.GL20.glCreateProgram()I+0
j  tk.ff0044.lwkglTutorial.engine.graph.ShaderProgram.<init>()V+20
j  tk.ff0044.lwkglTutorial.game.Renderer.<init>()V+43
j  tk.ff0044.lwkglTutorial.game.DummyGame.<init>()V+188
j  tk.ff0044.lwkglTutorial.game.MainKt.main([Ljava/lang/String;)V+443
v  ~StubRoutines::call_stub 0x000001ae52a810e7

siginfo: EXCEPTION_ACCESS_VIOLATION (0xc0000005), reading address 0x0000000000000e20


Registers:
RAX=0x0000000000000000, RBX=0x000001aea95c32a0, RCX=0x000001ae40c6e168, RDX=0x0000007e7bdff2e0
RSP=0x0000007e7bdff258, RBP=0x0000007e7bdff2d0, RSI=0x000001aea9007d20, RDI=0x000000000000eb72
R8 =0x0000000000000002, R9 =0x0000000000000002, R10=0x000001ae52a8cf1c, R11=0x00000006214cbfe8
R12=0x0000000000000000, R13=0x000001aea95c3298, R14=0x0000007e7bdff2e8, R15=0x000001ae40c6ddb0
RIP=0x00007ffd3f51ef27, EFLAGS=0x0000000000010206


Register to memory mapping:

RAX=0x0 is null
RBX={method} {0x000001aea95c32a8} 'glCreateProgram' '()I' in 'org/lwjgl/opengl/GL20C'
RCX=0x000001ae40c6e168 points into unknown readable memory: 0x000001ae67bed1e0 | e0 d1 be 67 ae 01 00 00
RDX=0x0000007e7bdff2e0 is pointing into the stack for thread: 0x000001ae40c6ddb0
RSP=0x0000007e7bdff258 is pointing into the stack for thread: 0x000001ae40c6ddb0
RBP=0x0000007e7bdff2d0 is pointing into the stack for thread: 0x000001ae40c6ddb0
RSI=0x000001aea9007d20 is pointing into metadata
RDI=0x000000000000eb72 is an unknown value
R8 =0x0000000000000002 is an unknown value
R9 =0x0000000000000002 is an unknown value
R10=0x000001ae52a8cf1c is at code_begin+1020 in an Interpreter codelet
native method entry point (kind = native)  [0x000001ae52a8cb20, 0x000001ae52a8d748]  3112 bytes
R11=0x00000006214cbfe8 is an oop: java.lang.Class 
{0x00000006214cbfe8} - klass: 'java/lang/Class'
 - ---- fields (total size 54 words):
 - private volatile transient 'classRedefinedCount' 'I' @12  0 (0x00000000)
 - injected 'klass' 'J' @16  1848597709312 (0x000001ae69028200)
 - injected 'array_klass' 'J' @24  0 (0x0000000000000000)
 - injected 'oop_size' 'I' @32  54 (0x00000036)
 - injected 'static_oop_field_count' 'I' @36  0 (0x00000000)
 - private volatile transient 'cachedConstructor' 'Ljava/lang/reflect/Constructor;' @40  null (0x00000000)
 - private transient 'name' 'Ljava/lang/String;' @44  "org.lwjgl.opengl.GL20C"{0x00000006214cc198} (0xc4299833)
 - private transient 'module' 'Ljava/lang/Module;' @48  a 'java/lang/Module'{0x0000000622073c70} (0xc440e78e)
 - private final 'classLoader' 'Ljava/lang/ClassLoader;' @52  a 'jdk/internal/loader/ClassLoaders$AppClassLoader'{0x0000000622073ab0} (0xc440e756)
 - private transient 'classData' 'Ljava/lang/Object;' @56  null (0x00000000)
 - private transient 'packageName' 'Ljava/lang/String;' @60  "org.lwjgl.opengl"{0x0000000621980790} (0xc43300f2)
 - private final 'componentType' 'Ljava/lang/Class;' @64  null (0x00000000)
 - private volatile transient 'reflectionData' 'Ljava/lang/ref/SoftReference;' @68  null (0x00000000)
 - private volatile transient 'genericInfo' 'Lsun/reflect/generics/repository/ClassRepository;' @72  null (0x00000000)
 - private volatile transient 'enumConstants' '[Ljava/lang/Object;' @76  null (0x00000000)
 - private volatile transient 'enumConstantDirectory' 'Ljava/util/Map;' @80  null (0x00000000)
 - private volatile transient 'annotationData' 'Ljava/lang/Class$AnnotationData;' @84  null (0x00000000)
 - private volatile transient 'annotationType' 'Lsun/reflect/annotation/AnnotationType;' @88  null (0x00000000)
 - transient 'classValueMap' 'Ljava/lang/ClassValue$ClassValueMap;' @92  null (0x00000000)
 - injected 'protection_domain' 'Ljava/lang/Object;' @96  a 'java/security/ProtectionDomain'{0x00000006219a3b00} (0xc4334760)
 - injected 'signers_name' 'Ljava/lang/Object;' @100  null (0x00000000)
 - injected 'source_file' 'Ljava/lang/Object;' @104  null (0x00000000)
 - signature: Lorg/lwjgl/opengl/GL20C;
 - ---- static fields (0):
 - public static final 'GL_SHADING_LANGUAGE_VERSION' 'I' @112  35724 (0x00008b8c)
 - public static final 'GL_CURRENT_PROGRAM' 'I' @116  35725 (0x00008b8d)
 - public static final 'GL_SHADER_TYPE' 'I' @120  35663 (0x00008b4f)
 - public static final 'GL_DELETE_STATUS' 'I' @124  35712 (0x00008b80)
 - public static final 'GL_COMPILE_STATUS' 'I' @128  35713 (0x00008b81)
 - public static final 'GL_LINK_STATUS' 'I' @132  35714 (0x00008b82)
 - public static final 'GL_VALIDATE_STATUS' 'I' @136  35715 (0x00008b83)
 - public static final 'GL_INFO_LOG_LENGTH' 'I' @140  35716 (0x00008b84)
 - public static final 'GL_ATTACHED_SHADERS' 'I' @144  35717 (0x00008b85)
 - public static final 'GL_ACTIVE_UNIFORMS' 'I' @148  35718 (0x00008b86)
 - public static final 'GL_ACTIVE_UNIFORM_MAX_LENGTH' 'I' @152  35719 (0x00008b87)
 - public static final 'GL_ACTIVE_ATTRIBUTES' 'I' @156  35721 (0x00008b89)
 - public static final 'GL_ACTIVE_ATTRIBUTE_MAX_LENGTH' 'I' @160  35722 (0x00008b8a)
 - public static final 'GL_SHADER_SOURCE_LENGTH' 'I' @164  35720 (0x00008b88)
 - public static final 'GL_FLOAT_VEC2' 'I' @168  35664 (0x00008b50)
 - public static final 'GL_FLOAT_VEC3' 'I' @172  35665 (0x00008b51)
 - public static final 'GL_FLOAT_VEC4' 'I' @176  35666 (0x00008b52)
 - public static final 'GL_INT_VEC2' 'I' @180  35667 (0x00008b53)
 - public static final 'GL_INT_VEC3' 'I' @184  35668 (0x00008b54)
 - public static final 'GL_INT_VEC4' 'I' @188  35669 (0x00008b55)
 - public static final 'GL_BOOL' 'I' @192  35670 (0x00008b56)
 - public static final 'GL_BOOL_VEC2' 'I' @196  35671 (0x00008b57)
 - public static final 'GL_BOOL_VEC3' 'I' @200  35672 (0x00008b58)
 - public static final 'GL_BOOL_VEC4' 'I' @204  35673 (0x00008b59)
 - public static final 'GL_FLOAT_MAT2' 'I' @208  35674 (0x00008b5a)
 - public static final 'GL_FLOAT_MAT3' 'I' @212  35675 (0x00008b5b)
 - public static final 'GL_FLOAT_MAT4' 'I' @216  35676 (0x00008b5c)
 - public static final 'GL_SAMPLER_1D' 'I' @220  35677 (0x00008b5d)
 - public static final 'GL_SAMPLER_2D' 'I' @224  35678 (0x00008b5e)
 - public static final 'GL_SAMPLER_3D' 'I' @228  35679 (0x00008b5f)
 - public static final 'GL_SAMPLER_CUBE' 'I' @232  35680 (0x00008b60)
 - public static final 'GL_SAMPLER_1D_SHADOW' 'I' @236  35681 (0x00008b61)
 - public static final 'GL_SAMPLER_2D_SHADOW' 'I' @240  35682 (0x00008b62)
 - public static final 'GL_VERTEX_SHADER' 'I' @244  35633 (0x00008b31)
 - public static final 'GL_MAX_VERTEX_UNIFORM_COMPONENTS' 'I' @248  35658 (0x00008b4a)
 - public static final 'GL_MAX_VARYING_FLOATS' 'I' @252  35659 (0x00008b4b)
 - public static final 'GL_MAX_VERTEX_ATTRIBS' 'I' @256  34921 (0x00008869)
 - public static final 'GL_MAX_TEXTURE_IMAGE_UNITS' 'I' @260  34930 (0x00008872)
 - public static final 'GL_MAX_VERTEX_TEXTURE_IMAGE_UNITS' 'I' @264  35660 (0x00008b4c)
 - public static final 'GL_MAX_COMBINED_TEXTURE_IMAGE_UNITS' 'I' @268  35661 (0x00008b4d)
 - public static final 'GL_VERTEX_PROGRAM_POINT_SIZE' 'I' @272  34370 (0x00008642)
 - public static final 'GL_VERTEX_ATTRIB_ARRAY_ENABLED' 'I' @276  34338 (0x00008622)
 - public static final 'GL_VERTEX_ATTRIB_ARRAY_SIZE' 'I' @280  34339 (0x00008623)
 - public static final 'GL_VERTEX_ATTRIB_ARRAY_STRIDE' 'I' @284  34340 (0x00008624)
 - public static final 'GL_VERTEX_ATTRIB_ARRAY_TYPE' 'I' @288  34341 (0x00008625)
 - public static final 'GL_VERTEX_ATTRIB_ARRAY_NORMALIZED' 'I' @292  34922 (0x0000886a)
 - public static final 'GL_CURRENT_VERTEX_ATTRIB' 'I' @296  34342 (0x00008626)
 - public static final 'GL_VERTEX_ATTRIB_ARRAY_POINTER' 'I' @300  34373 (0x00008645)
 - public static final 'GL_FRAGMENT_SHADER' 'I' @304  35632 (0x00008b30)
 - public static final 'GL_MAX_FRAGMENT_UNIFORM_COMPONENTS' 'I' @308  35657 (0x00008b49)
 - public static final 'GL_FRAGMENT_SHADER_DERIVATIVE_HINT' 'I' @312  35723 (0x00008b8b)
 - public static final 'GL_MAX_DRAW_BUFFERS' 'I' @316  34852 (0x00008824)
 - public static final 'GL_DRAW_BUFFER0' 'I' @320  34853 (0x00008825)
 - public static final 'GL_DRAW_BUFFER1' 'I' @324  34854 (0x00008826)
 - public static final 'GL_DRAW_BUFFER2' 'I' @328  34855 (0x00008827)
 - public static final 'GL_DRAW_BUFFER3' 'I' @332  34856 (0x00008828)
 - public static final 'GL_DRAW_BUFFER4' 'I' @336  34857 (0x00008829)
 - public static final 'GL_DRAW_BUFFER5' 'I' @340  34858 (0x0000882a)
 - public static final 'GL_DRAW_BUFFER6' 'I' @344  34859 (0x0000882b)
 - public static final 'GL_DRAW_BUFFER7' 'I' @348  34860 (0x0000882c)
 - public static final 'GL_DRAW_BUFFER8' 'I' @352  34861 (0x0000882d)
 - public static final 'GL_DRAW_BUFFER9' 'I' @356  34862 (0x0000882e)
 - public static final 'GL_DRAW_BUFFER10' 'I' @360  34863 (0x0000882f)
 - public static final 'GL_DRAW_BUFFER11' 'I' @364  34864 (0x00008830)
 - public static final 'GL_DRAW_BUFFER12' 'I' @368  34865 (0x00008831)
 - public static final 'GL_DRAW_BUFFER13' 'I' @372  34866 (0x00008832)
 - public static final 'GL_DRAW_BUFFER14' 'I' @376  34867 (0x00008833)
 - public static final 'GL_DRAW_BUFFER15' 'I' @380  34868 (0x00008834)
 - public static final 'GL_POINT_SPRITE_COORD_ORIGIN' 'I' @384  36000 (0x00008ca0)
 - public static final 'GL_LOWER_LEFT' 'I' @388  36001 (0x00008ca1)
 - public static final 'GL_UPPER_LEFT' 'I' @392  36002 (0x00008ca2)
 - public static final 'GL_BLEND_EQUATION_RGB' 'I' @396  32777 (0x00008009)
 - public static final 'GL_BLEND_EQUATION_ALPHA' 'I' @400  34877 (0x0000883d)
 - public static final 'GL_STENCIL_BACK_FUNC' 'I' @404  34816 (0x00008800)
 - public static final 'GL_STENCIL_BACK_FAIL' 'I' @408  34817 (0x00008801)
 - public static final 'GL_STENCIL_BACK_PASS_DEPTH_FAIL' 'I' @412  34818 (0x00008802)
 - public static final 'GL_STENCIL_BACK_PASS_DEPTH_PASS' 'I' @416  34819 (0x00008803)
 - public static final 'GL_STENCIL_BACK_REF' 'I' @420  36003 (0x00008ca3)
 - public static final 'GL_STENCIL_BACK_VALUE_MASK' 'I' @424  36004 (0x00008ca4)
 - public static final 'GL_STENCIL_BACK_WRITEMASK' 'I' @428  36005 (0x00008ca5)
R12=0x0 is null
R13=0x000001aea95c3298 is pointing into metadata
R14=0x0000007e7bdff2e8 is pointing into the stack for thread: 0x000001ae40c6ddb0
R15=0x000001ae40c6ddb0 is a thread

Top of Stack: (sp=0x0000007e7bdff258)
0x0000007e7bdff258:   000001ae52a8cf4b 000001aea95c32a0
0x0000007e7bdff268:   000001aea9007d20 000001aea94e71d8
0x0000007e7bdff278:   000001ae40c6ddb0 000001ae52a8cbdf
0x0000007e7bdff288:   0000007e7bdff288 000001aea95c3298
0x0000007e7bdff298:   0000000000000003 000001aea95f0000
0x0000007e7bdff2a8:   0000000000000000 00000006214cbfe8
0x0000007e7bdff2b8:   000001aea95c32a0 0000000000000000
0x0000007e7bdff2c8:   0000007e7bdff2f0 0000007e7bdff338
0x0000007e7bdff2d8:   000001ae52a88988 00000006214cbfe8
0x0000007e7bdff2e8:   000001ae52a8a3d5 0000007e7bdff2f0
0x0000007e7bdff2f8:   000001aea94e71c0 0000000000000001
0x0000007e7bdff308:   000001aea9548000 0000000000000000
0x0000007e7bdff318:   00000006219eab58 000001aea94e71d8
0x0000007e7bdff328:   0000007e7bdff2f0 0000007e7bdff348
0x0000007e7bdff338:   0000007e7bdff398 000001ae52a88988
0x0000007e7bdff348:   000000062197f170 0000007e7bdff350
0x0000007e7bdff358:   000001aea94e458c 0000000000000003
0x0000007e7bdff368:   000001aea94ddbf8 0000000000000000
0x0000007e7bdff378:   000000062197efd0 000001aea94e45f8
0x0000007e7bdff388:   0000007e7bdff348 0000007e7bdff3b0
0x0000007e7bdff398:   0000007e7bdff410 000001ae52a88860
0x0000007e7bdff3a8:   0000000000000000 000000062197f170
0x0000007e7bdff3b8:   000000062197f170 00000006218f8010
0x0000007e7bdff3c8:   0000007e7bdff3c8 000001aea948958b
0x0000007e7bdff3d8:   0000000000000002 000001aea948a0d0
0x0000007e7bdff3e8:   0000000000000000 00000006218f7e98
0x0000007e7bdff3f8:   000001aea94895b0 0000007e7bdff3b0
0x0000007e7bdff408:   0000007e7bdff420 0000007e7bdff480
0x0000007e7bdff418:   000001ae52a88860 00000006218f8010
0x0000007e7bdff428:   00000006218f8010 00000006218f41e0
0x0000007e7bdff438:   0000007e7bdff438 000001aea9487bdc
0x0000007e7bdff448:   0000000000000003 000001aea94886a8 

Instructions: (pc=0x00007ffd3f51ef27)
0x00007ffd3f51ee27:   8b 40 18 48 8b 80 e0 0d 00 00 44 89 c1 48 ff e0
0x00007ffd3f51ee37:   cc cc cc cc cc cc cc cc cc 4c 89 ca 48 8b 01 48
0x00007ffd3f51ee47:   8b 40 18 48 8b 80 e8 0d 00 00 44 89 c1 48 ff e0
0x00007ffd3f51ee57:   cc cc cc cc cc cc cc cc cc 48 8b 01 48 8b 40 18
0x00007ffd3f51ee67:   44 89 c1 48 ff a0 f0 0d 00 00 cc cc cc cc cc cc
0x00007ffd3f51ee77:   cc cc cc cc cc cc cc cc cc 44 89 ca 48 8b 01 48
0x00007ffd3f51ee87:   8b 40 18 48 8b 80 f8 0d 00 00 44 89 c1 48 ff e0
0x00007ffd3f51ee97:   cc cc cc cc cc cc cc cc cc 48 8b 01 48 8b 40 18
0x00007ffd3f51eea7:   44 89 c1 48 ff a0 00 0e 00 00 cc cc cc cc cc cc
0x00007ffd3f51eeb7:   cc cc cc cc cc cc cc cc cc 44 89 ca 44 89 c0 4c
0x00007ffd3f51eec7:   8b 44 24 28 48 8b 09 48 8b 49 18 4c 8b 89 08 0e
0x00007ffd3f51eed7:   00 00 89 c1 49 ff e1 cc cc 44 89 ca 44 89 c0 4c
0x00007ffd3f51eee7:   8b 44 24 28 48 8b 09 48 8b 49 18 4c 8b 89 10 0e
0x00007ffd3f51eef7:   00 00 89 c1 49 ff e1 cc cc 44 89 ca 44 89 c0 4c
0x00007ffd3f51ef07:   8b 44 24 28 48 8b 09 48 8b 49 18 4c 8b 89 18 0e
0x00007ffd3f51ef17:   00 00 89 c1 49 ff e1 cc cc 48 8b 01 48 8b 40 18
0x00007ffd3f51ef27:   48 ff a0 20 0e 00 00 cc cc 48 8b 01 48 8b 40 18
0x00007ffd3f51ef37:   44 89 c1 48 ff a0 28 0e 00 00 cc cc cc cc cc cc
0x00007ffd3f51ef47:   cc cc cc cc cc cc cc cc cc 48 8b 01 48 8b 40 18
0x00007ffd3f51ef57:   44 89 c1 48 ff a0 30 0e 00 00 cc cc cc cc cc cc
0x00007ffd3f51ef67:   cc cc cc cc cc cc cc cc cc 48 8b 01 48 8b 40 18
0x00007ffd3f51ef77:   44 89 c1 48 ff a0 38 0e 00 00 cc cc cc cc cc cc
0x00007ffd3f51ef87:   cc cc cc cc cc cc cc cc cc 48 8b 01 48 8b 40 18
0x00007ffd3f51ef97:   44 89 c1 48 ff a0 40 0e 00 00 cc cc cc cc cc cc
0x00007ffd3f51efa7:   cc cc cc cc cc cc cc cc cc 48 8b 01 48 8b 40 18
0x00007ffd3f51efb7:   44 89 c1 48 ff a0 48 0e 00 00 cc cc cc cc cc cc
0x00007ffd3f51efc7:   cc cc cc cc cc cc cc cc cc 44 89 ca 48 8b 01 48
0x00007ffd3f51efd7:   8b 40 18 48 8b 80 50 0e 00 00 44 89 c1 48 ff e0
0x00007ffd3f51efe7:   cc cc cc cc cc cc cc cc cc 44 89 ca 48 8b 01 48
0x00007ffd3f51eff7:   8b 40 18 48 8b 80 58 0e 00 00 44 89 c1 48 ff e0
0x00007ffd3f51f007:   cc cc cc cc cc cc cc cc cc 44 89 ca 44 89 c0 4c
0x00007ffd3f51f017:   8b 44 24 28 4c 8b 4c 24 30 48 8b 09 48 8b 49 18 


Stack slot to memory mapping:

stack at sp + 0 slots: 0x000001ae52a8cf4b is at code_begin+1067 in an Interpreter codelet
native method entry point (kind = native)  [0x000001ae52a8cb20, 0x000001ae52a8d748]  3112 bytes
stack at sp + 1 slots: {method} {0x000001aea95c32a8} 'glCreateProgram' '()I' in 'org/lwjgl/opengl/GL20C'
stack at sp + 2 slots: 0x000001aea9007d20 is pointing into metadata
stack at sp + 3 slots: {method} {0x000001aea94e71e0} 'glCreateProgram' '()I' in 'org/lwjgl/opengl/GL20'
stack at sp + 4 slots: 0x000001ae40c6ddb0 is a thread
stack at sp + 5 slots: 0x000001ae52a8cbdf is at code_begin+191 in an Interpreter codelet
native method entry point (kind = native)  [0x000001ae52a8cb20, 0x000001ae52a8d748]  3112 bytes
stack at sp + 6 slots: 0x0000007e7bdff288 is pointing into the stack for thread: 0x000001ae40c6ddb0
stack at sp + 7 slots: 0x000001aea95c3298 is pointing into metadata


---------------  P R O C E S S  ---------------

Threads class SMR info:
_java_thread_list=0x000001ae676061a0, length=13, elements={
0x000001ae40c6ddb0, 0x000001ae67377720, 0x000001ae6737a2a0, 0x000001ae6737ef10,
0x000001ae6737fb70, 0x000001ae67382810, 0x000001ae67385520, 0x000001ae67394b90,
0x000001ae67395d50, 0x000001ae67489c50, 0x000001ae67398630, 0x000001ae6748a970,
0x000001ae6748a2e0
}

Java Threads: ( => current thread )
=>0x000001ae40c6ddb0 JavaThread "main"                              [_thread_in_native, id=17504, stack(0x0000007e7bd00000,0x0000007e7be00000) (1024K)]
  0x000001ae67377720 JavaThread "Reference Handler"          daemon [_thread_blocked, id=2636, stack(0x0000007e7c500000,0x0000007e7c600000) (1024K)]
  0x000001ae6737a2a0 JavaThread "Finalizer"                  daemon [_thread_blocked, id=14144, stack(0x0000007e7c600000,0x0000007e7c700000) (1024K)]
  0x000001ae6737ef10 JavaThread "Signal Dispatcher"          daemon [_thread_blocked, id=1488, stack(0x0000007e7c700000,0x0000007e7c800000) (1024K)]
  0x000001ae6737fb70 JavaThread "Attach Listener"            daemon [_thread_blocked, id=1336, stack(0x0000007e7c800000,0x0000007e7c900000) (1024K)]
  0x000001ae67382810 JavaThread "Service Thread"             daemon [_thread_blocked, id=21336, stack(0x0000007e7c900000,0x0000007e7ca00000) (1024K)]
  0x000001ae67385520 JavaThread "Monitor Deflation Thread"   daemon [_thread_blocked, id=21576, stack(0x0000007e7ca00000,0x0000007e7cb00000) (1024K)]
  0x000001ae67394b90 JavaThread "C2 CompilerThread0"         daemon [_thread_blocked, id=13352, stack(0x0000007e7cb00000,0x0000007e7cc00000) (1024K)]
  0x000001ae67395d50 JavaThread "C1 CompilerThread0"         daemon [_thread_blocked, id=22040, stack(0x0000007e7cc00000,0x0000007e7cd00000) (1024K)]
  0x000001ae67489c50 JavaThread "Common-Cleaner"             daemon [_thread_blocked, id=22128, stack(0x0000007e7cd00000,0x0000007e7ce00000) (1024K)]
  0x000001ae67398630 JavaThread "C2 CompilerThread1"         daemon [_thread_blocked, id=14100, stack(0x0000007e7ce00000,0x0000007e7cf00000) (1024K)]
  0x000001ae6748a970 JavaThread "Monitor Ctrl-Break"         daemon [_thread_in_native, id=18820, stack(0x0000007e7cf00000,0x0000007e7d000000) (1024K)]
  0x000001ae6748a2e0 JavaThread "Notification Thread"        daemon [_thread_blocked, id=12912, stack(0x0000007e7d000000,0x0000007e7d100000) (1024K)]
Total: 13

Other Threads:
  0x000001ae649d66a0 VMThread "VM Thread"                           [id=8640, stack(0x0000007e7c400000,0x0000007e7c500000) (1024K)]
  0x000001ae649bda10 WatcherThread "VM Periodic Task Thread"        [id=4020, stack(0x0000007e7c300000,0x0000007e7c400000) (1024K)]
  0x000001ae42edade0 WorkerThread "GC Thread#0"                     [id=17888, stack(0x0000007e7be00000,0x0000007e7bf00000) (1024K)]
  0x000001ae42eebaa0 ConcurrentGCThread "G1 Main Marker"            [id=11800, stack(0x0000007e7bf00000,0x0000007e7c000000) (1024K)]
  0x000001ae42eec4b0 WorkerThread "G1 Conc#0"                       [id=18416, stack(0x0000007e7c000000,0x0000007e7c100000) (1024K)]
  0x000001ae6487f8b0 ConcurrentGCThread "G1 Refine#0"               [id=13048, stack(0x0000007e7c100000,0x0000007e7c200000) (1024K)]
  0x000001ae64880230 ConcurrentGCThread "G1 Service"                [id=21444, stack(0x0000007e7c200000,0x0000007e7c300000) (1024K)]
Total: 7

Threads with active compile tasks:
Total: 0

VM state: not at safepoint (normal execution)

VM Mutex/Monitor currently owned by a thread: None

Heap address: 0x0000000602400000, size: 8156 MB, Compressed Oops mode: Zero based, Oop shift amount: 3

CDS archive(s) mapped at: [0x000001ae68000000-0x000001ae68c90000-0x000001ae68c90000), size 13172736, SharedBaseAddress: 0x000001ae68000000, ArchiveRelocationMode: 1.
Compressed class space mapped at: 0x000001ae69000000-0x000001aea9000000, reserved size: 1073741824
Narrow klass base: 0x000001ae68000000, Narrow klass shift: 0, Narrow klass range: 0x100000000

GC Precious Log:
 CardTable entry size: 512
 Card Set container configuration: InlinePtr #cards 4 size 8 Array Of Cards #cards 32 size 80 Howl #buckets 8 coarsen threshold 7372 Howl Bitmap #cards 1024 size 144 coarsen threshold 921 Card regions per heap region 1 cards per card region 8192
 CPUs: 8 total, 8 available
 Memory: 32610M
 Large Page Support: Disabled
 NUMA Support: Disabled
 Compressed Oops: Enabled (Zero based)
 Heap Region Size: 4M
 Heap Min Capacity: 8M
 Heap Initial Capacity: 512M
 Heap Max Capacity: 8156M
 Pre-touch: Disabled
 Parallel Workers: 8
 Concurrent Workers: 2
 Concurrent Refinement Workers: 8
 Periodic GC: Disabled

Heap:
 garbage-first heap   total 524288K, used 8192K [0x0000000602400000, 0x0000000800000000)
  region size 4096K, 4 young (16384K), 0 survivors (0K)
 Metaspace       used 5018K, committed 5248K, reserved 1114112K
  class space    used 396K, committed 512K, reserved 1048576K

Heap Regions: E=young(eden), S=young(survivor), O=old, HS=humongous(starts), HC=humongous(continues), CS=collection set, F=free, TAMS=top-at-mark-start, PB=parsable bottom
|   0|0x0000000602400000, 0x0000000602400000, 0x0000000602800000|  0%| F|  |TAMS 0x0000000602400000| PB 0x0000000602400000| Untracked 
|   1|0x0000000602800000, 0x0000000602800000, 0x0000000602c00000|  0%| F|  |TAMS 0x0000000602800000| PB 0x0000000602800000| Untracked 
|   2|0x0000000602c00000, 0x0000000602c00000, 0x0000000603000000|  0%| F|  |TAMS 0x0000000602c00000| PB 0x0000000602c00000| Untracked 
|   3|0x0000000603000000, 0x0000000603000000, 0x0000000603400000|  0%| F|  |TAMS 0x0000000603000000| PB 0x0000000603000000| Untracked 
|   4|0x0000000603400000, 0x0000000603400000, 0x0000000603800000|  0%| F|  |TAMS 0x0000000603400000| PB 0x0000000603400000| Untracked 
|   5|0x0000000603800000, 0x0000000603800000, 0x0000000603c00000|  0%| F|  |TAMS 0x0000000603800000| PB 0x0000000603800000| Untracked 
|   6|0x0000000603c00000, 0x0000000603c00000, 0x0000000604000000|  0%| F|  |TAMS 0x0000000603c00000| PB 0x0000000603c00000| Untracked 
|   7|0x0000000604000000, 0x0000000604000000, 0x0000000604400000|  0%| F|  |TAMS 0x0000000604000000| PB 0x0000000604000000| Untracked 
|   8|0x0000000604400000, 0x0000000604400000, 0x0000000604800000|  0%| F|  |TAMS 0x0000000604400000| PB 0x0000000604400000| Untracked 
|   9|0x0000000604800000, 0x0000000604800000, 0x0000000604c00000|  0%| F|  |TAMS 0x0000000604800000| PB 0x0000000604800000| Untracked 
|  10|0x0000000604c00000, 0x0000000604c00000, 0x0000000605000000|  0%| F|  |TAMS 0x0000000604c00000| PB 0x0000000604c00000| Untracked 
|  11|0x0000000605000000, 0x0000000605000000, 0x0000000605400000|  0%| F|  |TAMS 0x0000000605000000| PB 0x0000000605000000| Untracked 
|  12|0x0000000605400000, 0x0000000605400000, 0x0000000605800000|  0%| F|  |TAMS 0x0000000605400000| PB 0x0000000605400000| Untracked 
|  13|0x0000000605800000, 0x0000000605800000, 0x0000000605c00000|  0%| F|  |TAMS 0x0000000605800000| PB 0x0000000605800000| Untracked 
|  14|0x0000000605c00000, 0x0000000605c00000, 0x0000000606000000|  0%| F|  |TAMS 0x0000000605c00000| PB 0x0000000605c00000| Untracked 
|  15|0x0000000606000000, 0x0000000606000000, 0x0000000606400000|  0%| F|  |TAMS 0x0000000606000000| PB 0x0000000606000000| Untracked 
|  16|0x0000000606400000, 0x0000000606400000, 0x0000000606800000|  0%| F|  |TAMS 0x0000000606400000| PB 0x0000000606400000| Untracked 
|  17|0x0000000606800000, 0x0000000606800000, 0x0000000606c00000|  0%| F|  |TAMS 0x0000000606800000| PB 0x0000000606800000| Untracked 
|  18|0x0000000606c00000, 0x0000000606c00000, 0x0000000607000000|  0%| F|  |TAMS 0x0000000606c00000| PB 0x0000000606c00000| Untracked 
|  19|0x0000000607000000, 0x0000000607000000, 0x0000000607400000|  0%| F|  |TAMS 0x0000000607000000| PB 0x0000000607000000| Untracked 
|  20|0x0000000607400000, 0x0000000607400000, 0x0000000607800000|  0%| F|  |TAMS 0x0000000607400000| PB 0x0000000607400000| Untracked 
|  21|0x0000000607800000, 0x0000000607800000, 0x0000000607c00000|  0%| F|  |TAMS 0x0000000607800000| PB 0x0000000607800000| Untracked 
|  22|0x0000000607c00000, 0x0000000607c00000, 0x0000000608000000|  0%| F|  |TAMS 0x0000000607c00000| PB 0x0000000607c00000| Untracked 
|  23|0x0000000608000000, 0x0000000608000000, 0x0000000608400000|  0%| F|  |TAMS 0x0000000608000000| PB 0x0000000608000000| Untracked 
|  24|0x0000000608400000, 0x0000000608400000, 0x0000000608800000|  0%| F|  |TAMS 0x0000000608400000| PB 0x0000000608400000| Untracked 
|  25|0x0000000608800000, 0x0000000608800000, 0x0000000608c00000|  0%| F|  |TAMS 0x0000000608800000| PB 0x0000000608800000| Untracked 
|  26|0x0000000608c00000, 0x0000000608c00000, 0x0000000609000000|  0%| F|  |TAMS 0x0000000608c00000| PB 0x0000000608c00000| Untracked 
|  27|0x0000000609000000, 0x0000000609000000, 0x0000000609400000|  0%| F|  |TAMS 0x0000000609000000| PB 0x0000000609000000| Untracked 
|  28|0x0000000609400000, 0x0000000609400000, 0x0000000609800000|  0%| F|  |TAMS 0x0000000609400000| PB 0x0000000609400000| Untracked 
|  29|0x0000000609800000, 0x0000000609800000, 0x0000000609c00000|  0%| F|  |TAMS 0x0000000609800000| PB 0x0000000609800000| Untracked 
|  30|0x0000000609c00000, 0x0000000609c00000, 0x000000060a000000|  0%| F|  |TAMS 0x0000000609c00000| PB 0x0000000609c00000| Untracked 
|  31|0x000000060a000000, 0x000000060a000000, 0x000000060a400000|  0%| F|  |TAMS 0x000000060a000000| PB 0x000000060a000000| Untracked 
|  32|0x000000060a400000, 0x000000060a400000, 0x000000060a800000|  0%| F|  |TAMS 0x000000060a400000| PB 0x000000060a400000| Untracked 
|  33|0x000000060a800000, 0x000000060a800000, 0x000000060ac00000|  0%| F|  |TAMS 0x000000060a800000| PB 0x000000060a800000| Untracked 
|  34|0x000000060ac00000, 0x000000060ac00000, 0x000000060b000000|  0%| F|  |TAMS 0x000000060ac00000| PB 0x000000060ac00000| Untracked 
|  35|0x000000060b000000, 0x000000060b000000, 0x000000060b400000|  0%| F|  |TAMS 0x000000060b000000| PB 0x000000060b000000| Untracked 
|  36|0x000000060b400000, 0x000000060b400000, 0x000000060b800000|  0%| F|  |TAMS 0x000000060b400000| PB 0x000000060b400000| Untracked 
|  37|0x000000060b800000, 0x000000060b800000, 0x000000060bc00000|  0%| F|  |TAMS 0x000000060b800000| PB 0x000000060b800000| Untracked 
|  38|0x000000060bc00000, 0x000000060bc00000, 0x000000060c000000|  0%| F|  |TAMS 0x000000060bc00000| PB 0x000000060bc00000| Untracked 
|  39|0x000000060c000000, 0x000000060c000000, 0x000000060c400000|  0%| F|  |TAMS 0x000000060c000000| PB 0x000000060c000000| Untracked 
|  40|0x000000060c400000, 0x000000060c400000, 0x000000060c800000|  0%| F|  |TAMS 0x000000060c400000| PB 0x000000060c400000| Untracked 
|  41|0x000000060c800000, 0x000000060c800000, 0x000000060cc00000|  0%| F|  |TAMS 0x000000060c800000| PB 0x000000060c800000| Untracked 
|  42|0x000000060cc00000, 0x000000060cc00000, 0x000000060d000000|  0%| F|  |TAMS 0x000000060cc00000| PB 0x000000060cc00000| Untracked 
|  43|0x000000060d000000, 0x000000060d000000, 0x000000060d400000|  0%| F|  |TAMS 0x000000060d000000| PB 0x000000060d000000| Untracked 
|  44|0x000000060d400000, 0x000000060d400000, 0x000000060d800000|  0%| F|  |TAMS 0x000000060d400000| PB 0x000000060d400000| Untracked 
|  45|0x000000060d800000, 0x000000060d800000, 0x000000060dc00000|  0%| F|  |TAMS 0x000000060d800000| PB 0x000000060d800000| Untracked 
|  46|0x000000060dc00000, 0x000000060dc00000, 0x000000060e000000|  0%| F|  |TAMS 0x000000060dc00000| PB 0x000000060dc00000| Untracked 
|  47|0x000000060e000000, 0x000000060e000000, 0x000000060e400000|  0%| F|  |TAMS 0x000000060e000000| PB 0x000000060e000000| Untracked 
|  48|0x000000060e400000, 0x000000060e400000, 0x000000060e800000|  0%| F|  |TAMS 0x000000060e400000| PB 0x000000060e400000| Untracked 
|  49|0x000000060e800000, 0x000000060e800000, 0x000000060ec00000|  0%| F|  |TAMS 0x000000060e800000| PB 0x000000060e800000| Untracked 
|  50|0x000000060ec00000, 0x000000060ec00000, 0x000000060f000000|  0%| F|  |TAMS 0x000000060ec00000| PB 0x000000060ec00000| Untracked 
|  51|0x000000060f000000, 0x000000060f000000, 0x000000060f400000|  0%| F|  |TAMS 0x000000060f000000| PB 0x000000060f000000| Untracked 
|  52|0x000000060f400000, 0x000000060f400000, 0x000000060f800000|  0%| F|  |TAMS 0x000000060f400000| PB 0x000000060f400000| Untracked 
|  53|0x000000060f800000, 0x000000060f800000, 0x000000060fc00000|  0%| F|  |TAMS 0x000000060f800000| PB 0x000000060f800000| Untracked 
|  54|0x000000060fc00000, 0x000000060fc00000, 0x0000000610000000|  0%| F|  |TAMS 0x000000060fc00000| PB 0x000000060fc00000| Untracked 
|  55|0x0000000610000000, 0x0000000610000000, 0x0000000610400000|  0%| F|  |TAMS 0x0000000610000000| PB 0x0000000610000000| Untracked 
|  56|0x0000000610400000, 0x0000000610400000, 0x0000000610800000|  0%| F|  |TAMS 0x0000000610400000| PB 0x0000000610400000| Untracked 
|  57|0x0000000610800000, 0x0000000610800000, 0x0000000610c00000|  0%| F|  |TAMS 0x0000000610800000| PB 0x0000000610800000| Untracked 
|  58|0x0000000610c00000, 0x0000000610c00000, 0x0000000611000000|  0%| F|  |TAMS 0x0000000610c00000| PB 0x0000000610c00000| Untracked 
|  59|0x0000000611000000, 0x0000000611000000, 0x0000000611400000|  0%| F|  |TAMS 0x0000000611000000| PB 0x0000000611000000| Untracked 
|  60|0x0000000611400000, 0x0000000611400000, 0x0000000611800000|  0%| F|  |TAMS 0x0000000611400000| PB 0x0000000611400000| Untracked 
|  61|0x0000000611800000, 0x0000000611800000, 0x0000000611c00000|  0%| F|  |TAMS 0x0000000611800000| PB 0x0000000611800000| Untracked 
|  62|0x0000000611c00000, 0x0000000611c00000, 0x0000000612000000|  0%| F|  |TAMS 0x0000000611c00000| PB 0x0000000611c00000| Untracked 
|  63|0x0000000612000000, 0x0000000612000000, 0x0000000612400000|  0%| F|  |TAMS 0x0000000612000000| PB 0x0000000612000000| Untracked 
|  64|0x0000000612400000, 0x0000000612400000, 0x0000000612800000|  0%| F|  |TAMS 0x0000000612400000| PB 0x0000000612400000| Untracked 
|  65|0x0000000612800000, 0x0000000612800000, 0x0000000612c00000|  0%| F|  |TAMS 0x0000000612800000| PB 0x0000000612800000| Untracked 
|  66|0x0000000612c00000, 0x0000000612c00000, 0x0000000613000000|  0%| F|  |TAMS 0x0000000612c00000| PB 0x0000000612c00000| Untracked 
|  67|0x0000000613000000, 0x0000000613000000, 0x0000000613400000|  0%| F|  |TAMS 0x0000000613000000| PB 0x0000000613000000| Untracked 
|  68|0x0000000613400000, 0x0000000613400000, 0x0000000613800000|  0%| F|  |TAMS 0x0000000613400000| PB 0x0000000613400000| Untracked 
|  69|0x0000000613800000, 0x0000000613800000, 0x0000000613c00000|  0%| F|  |TAMS 0x0000000613800000| PB 0x0000000613800000| Untracked 
|  70|0x0000000613c00000, 0x0000000613c00000, 0x0000000614000000|  0%| F|  |TAMS 0x0000000613c00000| PB 0x0000000613c00000| Untracked 
|  71|0x0000000614000000, 0x0000000614000000, 0x0000000614400000|  0%| F|  |TAMS 0x0000000614000000| PB 0x0000000614000000| Untracked 
|  72|0x0000000614400000, 0x0000000614400000, 0x0000000614800000|  0%| F|  |TAMS 0x0000000614400000| PB 0x0000000614400000| Untracked 
|  73|0x0000000614800000, 0x0000000614800000, 0x0000000614c00000|  0%| F|  |TAMS 0x0000000614800000| PB 0x0000000614800000| Untracked 
|  74|0x0000000614c00000, 0x0000000614c00000, 0x0000000615000000|  0%| F|  |TAMS 0x0000000614c00000| PB 0x0000000614c00000| Untracked 
|  75|0x0000000615000000, 0x0000000615000000, 0x0000000615400000|  0%| F|  |TAMS 0x0000000615000000| PB 0x0000000615000000| Untracked 
|  76|0x0000000615400000, 0x0000000615400000, 0x0000000615800000|  0%| F|  |TAMS 0x0000000615400000| PB 0x0000000615400000| Untracked 
|  77|0x0000000615800000, 0x0000000615800000, 0x0000000615c00000|  0%| F|  |TAMS 0x0000000615800000| PB 0x0000000615800000| Untracked 
|  78|0x0000000615c00000, 0x0000000615c00000, 0x0000000616000000|  0%| F|  |TAMS 0x0000000615c00000| PB 0x0000000615c00000| Untracked 
|  79|0x0000000616000000, 0x0000000616000000, 0x0000000616400000|  0%| F|  |TAMS 0x0000000616000000| PB 0x0000000616000000| Untracked 
|  80|0x0000000616400000, 0x0000000616400000, 0x0000000616800000|  0%| F|  |TAMS 0x0000000616400000| PB 0x0000000616400000| Untracked 
|  81|0x0000000616800000, 0x0000000616800000, 0x0000000616c00000|  0%| F|  |TAMS 0x0000000616800000| PB 0x0000000616800000| Untracked 
|  82|0x0000000616c00000, 0x0000000616c00000, 0x0000000617000000|  0%| F|  |TAMS 0x0000000616c00000| PB 0x0000000616c00000| Untracked 
|  83|0x0000000617000000, 0x0000000617000000, 0x0000000617400000|  0%| F|  |TAMS 0x0000000617000000| PB 0x0000000617000000| Untracked 
|  84|0x0000000617400000, 0x0000000617400000, 0x0000000617800000|  0%| F|  |TAMS 0x0000000617400000| PB 0x0000000617400000| Untracked 
|  85|0x0000000617800000, 0x0000000617800000, 0x0000000617c00000|  0%| F|  |TAMS 0x0000000617800000| PB 0x0000000617800000| Untracked 
|  86|0x0000000617c00000, 0x0000000617c00000, 0x0000000618000000|  0%| F|  |TAMS 0x0000000617c00000| PB 0x0000000617c00000| Untracked 
|  87|0x0000000618000000, 0x0000000618000000, 0x0000000618400000|  0%| F|  |TAMS 0x0000000618000000| PB 0x0000000618000000| Untracked 
|  88|0x0000000618400000, 0x0000000618400000, 0x0000000618800000|  0%| F|  |TAMS 0x0000000618400000| PB 0x0000000618400000| Untracked 
|  89|0x0000000618800000, 0x0000000618800000, 0x0000000618c00000|  0%| F|  |TAMS 0x0000000618800000| PB 0x0000000618800000| Untracked 
|  90|0x0000000618c00000, 0x0000000618c00000, 0x0000000619000000|  0%| F|  |TAMS 0x0000000618c00000| PB 0x0000000618c00000| Untracked 
|  91|0x0000000619000000, 0x0000000619000000, 0x0000000619400000|  0%| F|  |TAMS 0x0000000619000000| PB 0x0000000619000000| Untracked 
|  92|0x0000000619400000, 0x0000000619400000, 0x0000000619800000|  0%| F|  |TAMS 0x0000000619400000| PB 0x0000000619400000| Untracked 
|  93|0x0000000619800000, 0x0000000619800000, 0x0000000619c00000|  0%| F|  |TAMS 0x0000000619800000| PB 0x0000000619800000| Untracked 
|  94|0x0000000619c00000, 0x0000000619c00000, 0x000000061a000000|  0%| F|  |TAMS 0x0000000619c00000| PB 0x0000000619c00000| Untracked 
|  95|0x000000061a000000, 0x000000061a000000, 0x000000061a400000|  0%| F|  |TAMS 0x000000061a000000| PB 0x000000061a000000| Untracked 
|  96|0x000000061a400000, 0x000000061a400000, 0x000000061a800000|  0%| F|  |TAMS 0x000000061a400000| PB 0x000000061a400000| Untracked 
|  97|0x000000061a800000, 0x000000061a800000, 0x000000061ac00000|  0%| F|  |TAMS 0x000000061a800000| PB 0x000000061a800000| Untracked 
|  98|0x000000061ac00000, 0x000000061ac00000, 0x000000061b000000|  0%| F|  |TAMS 0x000000061ac00000| PB 0x000000061ac00000| Untracked 
|  99|0x000000061b000000, 0x000000061b000000, 0x000000061b400000|  0%| F|  |TAMS 0x000000061b000000| PB 0x000000061b000000| Untracked 
| 100|0x000000061b400000, 0x000000061b400000, 0x000000061b800000|  0%| F|  |TAMS 0x000000061b400000| PB 0x000000061b400000| Untracked 
| 101|0x000000061b800000, 0x000000061b800000, 0x000000061bc00000|  0%| F|  |TAMS 0x000000061b800000| PB 0x000000061b800000| Untracked 
| 102|0x000000061bc00000, 0x000000061bc00000, 0x000000061c000000|  0%| F|  |TAMS 0x000000061bc00000| PB 0x000000061bc00000| Untracked 
| 103|0x000000061c000000, 0x000000061c000000, 0x000000061c400000|  0%| F|  |TAMS 0x000000061c000000| PB 0x000000061c000000| Untracked 
| 104|0x000000061c400000, 0x000000061c400000, 0x000000061c800000|  0%| F|  |TAMS 0x000000061c400000| PB 0x000000061c400000| Untracked 
| 105|0x000000061c800000, 0x000000061c800000, 0x000000061cc00000|  0%| F|  |TAMS 0x000000061c800000| PB 0x000000061c800000| Untracked 
| 106|0x000000061cc00000, 0x000000061cc00000, 0x000000061d000000|  0%| F|  |TAMS 0x000000061cc00000| PB 0x000000061cc00000| Untracked 
| 107|0x000000061d000000, 0x000000061d000000, 0x000000061d400000|  0%| F|  |TAMS 0x000000061d000000| PB 0x000000061d000000| Untracked 
| 108|0x000000061d400000, 0x000000061d400000, 0x000000061d800000|  0%| F|  |TAMS 0x000000061d400000| PB 0x000000061d400000| Untracked 
| 109|0x000000061d800000, 0x000000061d800000, 0x000000061dc00000|  0%| F|  |TAMS 0x000000061d800000| PB 0x000000061d800000| Untracked 
| 110|0x000000061dc00000, 0x000000061dc00000, 0x000000061e000000|  0%| F|  |TAMS 0x000000061dc00000| PB 0x000000061dc00000| Untracked 
| 111|0x000000061e000000, 0x000000061e000000, 0x000000061e400000|  0%| F|  |TAMS 0x000000061e000000| PB 0x000000061e000000| Untracked 
| 112|0x000000061e400000, 0x000000061e400000, 0x000000061e800000|  0%| F|  |TAMS 0x000000061e400000| PB 0x000000061e400000| Untracked 
| 113|0x000000061e800000, 0x000000061e800000, 0x000000061ec00000|  0%| F|  |TAMS 0x000000061e800000| PB 0x000000061e800000| Untracked 
| 114|0x000000061ec00000, 0x000000061ec00000, 0x000000061f000000|  0%| F|  |TAMS 0x000000061ec00000| PB 0x000000061ec00000| Untracked 
| 115|0x000000061f000000, 0x000000061f000000, 0x000000061f400000|  0%| F|  |TAMS 0x000000061f000000| PB 0x000000061f000000| Untracked 
| 116|0x000000061f400000, 0x000000061f400000, 0x000000061f800000|  0%| F|  |TAMS 0x000000061f400000| PB 0x000000061f400000| Untracked 
| 117|0x000000061f800000, 0x000000061f800000, 0x000000061fc00000|  0%| F|  |TAMS 0x000000061f800000| PB 0x000000061f800000| Untracked 
| 118|0x000000061fc00000, 0x000000061fc00000, 0x0000000620000000|  0%| F|  |TAMS 0x000000061fc00000| PB 0x000000061fc00000| Untracked 
| 119|0x0000000620000000, 0x0000000620000000, 0x0000000620400000|  0%| F|  |TAMS 0x0000000620000000| PB 0x0000000620000000| Untracked 
| 120|0x0000000620400000, 0x0000000620400000, 0x0000000620800000|  0%| F|  |TAMS 0x0000000620400000| PB 0x0000000620400000| Untracked 
| 121|0x0000000620800000, 0x0000000620800000, 0x0000000620c00000|  0%| F|  |TAMS 0x0000000620800000| PB 0x0000000620800000| Untracked 
| 122|0x0000000620c00000, 0x0000000620c00000, 0x0000000621000000|  0%| F|  |TAMS 0x0000000620c00000| PB 0x0000000620c00000| Untracked 
| 123|0x0000000621000000, 0x0000000621000000, 0x0000000621400000|  0%| F|  |TAMS 0x0000000621000000| PB 0x0000000621000000| Untracked 
| 124|0x0000000621400000, 0x00000006215075b0, 0x0000000621800000| 25%| E|  |TAMS 0x0000000621400000| PB 0x0000000621400000| Complete 
| 125|0x0000000621800000, 0x0000000621c00000, 0x0000000621c00000|100%| E|CS|TAMS 0x0000000621800000| PB 0x0000000621800000| Complete 
| 126|0x0000000621c00000, 0x0000000622000000, 0x0000000622000000|100%| E|CS|TAMS 0x0000000621c00000| PB 0x0000000621c00000| Complete 
| 127|0x0000000622000000, 0x0000000622400000, 0x0000000622400000|100%| E|  |TAMS 0x0000000622000000| PB 0x0000000622000000| Complete 

Card table byte_map: [0x000001ae5b880000,0x000001ae5c870000] _byte_map_base: 0x000001ae5886e000

Marking Bits: (CMBitMap*) 0x000001ae42edb2f0
 Bits: [0x000001ae5c870000, 0x000001ae647e0000)

Polling page: 0x000001ae40df0000

Metaspace:

Usage:
  Non-class:      4.51 MB used.
      Class:    396.77 KB used.
       Both:      4.90 MB used.

Virtual space:
  Non-class space:       64.00 MB reserved,       4.62 MB (  7%) committed,  1 nodes.
      Class space:        1.00 GB reserved,     512.00 KB ( <1%) committed,  1 nodes.
             Both:        1.06 GB reserved,       5.12 MB ( <1%) committed. 

Chunk freelists:
   Non-Class:  10.05 MB
       Class:  15.52 MB
        Both:  25.56 MB

MaxMetaspaceSize: unlimited
CompressedClassSpaceSize: 1.00 GB
Initial GC threshold: 21.00 MB
Current GC threshold: 21.00 MB
CDS: on
 - commit_granule_bytes: 65536.
 - commit_granule_words: 8192.
 - virtual_space_node_default_size: 8388608.
 - enlarge_chunks_in_place: 1.
 - use_allocation_guard: 0.


Internal statistics:

num_allocs_failed_limit: 0.
num_arena_births: 112.
num_arena_deaths: 0.
num_vsnodes_births: 2.
num_vsnodes_deaths: 0.
num_space_committed: 82.
num_space_uncommitted: 0.
num_chunks_returned_to_freelist: 0.
num_chunks_taken_from_freelist: 220.
num_chunk_merges: 0.
num_chunk_splits: 144.
num_chunks_enlarged: 94.
num_inconsistent_stats: 0.

CodeHeap 'non-profiled nmethods': size=120000Kb used=299Kb max_used=299Kb free=119700Kb
 bounds [0x000001ae53020000, 0x000001ae53290000, 0x000001ae5a550000]
CodeHeap 'profiled nmethods': size=120000Kb used=1476Kb max_used=1476Kb free=118523Kb
 bounds [0x000001ae4b550000, 0x000001ae4b7c0000, 0x000001ae52a80000]
CodeHeap 'non-nmethods': size=5760Kb used=1643Kb max_used=1657Kb free=4116Kb
 bounds [0x000001ae52a80000, 0x000001ae52cf0000, 0x000001ae53020000]
 total_blobs=1474 nmethods=911 adapters=468
 compilation: enabled
              stopped_count=0, restarted_count=0
 full_count=0

Compilation events (20 events):
Event: 0.484 Thread 0x000001ae67395d50  900       3       java.lang.Character::charCount (12 bytes)
Event: 0.484 Thread 0x000001ae67395d50 nmethod 900 0x000001ae4b6beb10 code [0x000001ae4b6beca0, 0x000001ae4b6bee08]
Event: 0.486 Thread 0x000001ae67394b90  902       4       java.lang.AbstractStringBuilder::newCapacity (59 bytes)
Event: 0.487 Thread 0x000001ae67394b90 nmethod 902 0x000001ae5306a510 code [0x000001ae5306a6a0, 0x000001ae5306a7b8]
Event: 0.487 Thread 0x000001ae67395d50  904       3       java.lang.Integer::toUnsignedLong (7 bytes)
Event: 0.487 Thread 0x000001ae67395d50 nmethod 904 0x000001ae4b6bee90 code [0x000001ae4b6bf020, 0x000001ae4b6bf120]
Event: 0.487 Thread 0x000001ae67395d50  905       3       sun.misc.Unsafe::putLong (11 bytes)
Event: 0.487 Thread 0x000001ae67395d50 nmethod 905 0x000001ae4b6bf190 code [0x000001ae4b6bf320, 0x000001ae4b6bf430]
Event: 0.487 Thread 0x000001ae67395d50  906       3       org.lwjgl.system.MemoryUtil::memPutAddress (29 bytes)
Event: 0.487 Thread 0x000001ae67394b90  907       4       java.lang.Integer::toUnsignedLong (7 bytes)
Event: 0.487 Thread 0x000001ae67398630  908       4       sun.misc.Unsafe::putLong (11 bytes)
Event: 0.487 Thread 0x000001ae67395d50 nmethod 906 0x000001ae4b6bf510 code [0x000001ae4b6bf6c0, 0x000001ae4b6bf8b8]
Event: 0.488 Thread 0x000001ae67394b90 nmethod 907 0x000001ae5306a890 code [0x000001ae5306aa00, 0x000001ae5306aa68]
Event: 0.488 Thread 0x000001ae67398630 nmethod 908 0x000001ae5306ab90 code [0x000001ae5306ad00, 0x000001ae5306adb0]
Event: 0.489 Thread 0x000001ae67395d50  909   !   3       java.util.zip.ZipFile$ZipFileInputStream::read (135 bytes)
Event: 0.489 Thread 0x000001ae67395d50 nmethod 909 0x000001ae4b6bf990 code [0x000001ae4b6bfbc0, 0x000001ae4b6c0288]
Event: 0.489 Thread 0x000001ae67395d50  910       3       java.util.zip.ZipFile::ensureOpenOrZipException (19 bytes)
Event: 0.490 Thread 0x000001ae67395d50 nmethod 910 0x000001ae4b6c0610 code [0x000001ae4b6c07c0, 0x000001ae4b6c0998]
Event: 0.490 Thread 0x000001ae67395d50  911       3       jdk.internal.loader.URLClassPath::getResource (74 bytes)
Event: 0.490 Thread 0x000001ae67395d50 nmethod 911 0x000001ae4b6c0a90 code [0x000001ae4b6c0c60, 0x000001ae4b6c0fb8]

GC Heap History (0 events):
No events

Dll operation events (15 events):
Event: 0.008 Loaded shared library C:\Users\thrib\.jdks\corretto-21.0.4\bin\java.dll
Event: 0.039 Loaded shared library C:\Users\thrib\.jdks\corretto-21.0.4\bin\jsvml.dll
Event: 0.101 Loaded shared library C:\Users\thrib\.jdks\corretto-21.0.4\bin\zip.dll
Event: 0.103 Loaded shared library C:\Users\thrib\.jdks\corretto-21.0.4\bin\instrument.dll
Event: 0.109 Loaded shared library C:\Users\thrib\.jdks\corretto-21.0.4\bin\net.dll
Event: 0.110 Loaded shared library C:\Users\thrib\.jdks\corretto-21.0.4\bin\nio.dll
Event: 0.112 Loaded shared library C:\Users\thrib\.jdks\corretto-21.0.4\bin\zip.dll
Event: 0.154 Loaded shared library C:\Program Files\JetBrains\IntelliJ IDEA 2024.1.5\bin\breakgen64.dll
Event: 0.166 Loaded shared library C:\Users\thrib\.jdks\corretto-21.0.4\bin\extnet.dll
Event: 0.195 Loaded shared library C:\Users\thrib\.jdks\corretto-21.0.4\bin\management.dll
Event: 0.201 Loaded shared library C:\Users\thrib\.jdks\corretto-21.0.4\bin\management_ext.dll
Event: 0.219 Loaded shared library C:\Users\thrib\.jdks\corretto-21.0.4\bin\jimage.dll
Event: 0.334 Loaded shared library C:\Users\thrib\.jdks\corretto-21.0.4\bin\verify.dll
Event: 0.399 Loaded shared library C:\Users\thrib\AppData\Local\Temp\lwjgl_thrib\3.3.4+7\x64\lwjgl.dll
Event: 0.457 Loaded shared library C:\Users\thrib\AppData\Local\Temp\lwjgl_thrib\3.3.4+7\x64\lwjgl_opengl.dll

Deoptimization events (20 events):
Event: 0.323 Thread 0x000001ae40c6ddb0 Uncommon trap: trap_request=0xffffff45 fr.pc=0x000001ae5304fb80 relative=0x0000000000000160
Event: 0.323 Thread 0x000001ae40c6ddb0 Uncommon trap: reason=unstable_if action=reinterpret pc=0x000001ae5304fb80 method=java.util.concurrent.locks.ReentrantLock$NonfairSync.initialTryLock()Z @ 10 c2
Event: 0.323 Thread 0x000001ae40c6ddb0 DEOPT PACKING pc=0x000001ae5304fb80 sp=0x0000007e7bdfedf0
Event: 0.323 Thread 0x000001ae40c6ddb0 DEOPT UNPACKING pc=0x000001ae52ad7da2 sp=0x0000007e7bdfed98 mode 2
Event: 0.323 Thread 0x000001ae40c6ddb0 Uncommon trap: trap_request=0xffffff45 fr.pc=0x000001ae53051b74 relative=0x00000000000000d4
Event: 0.323 Thread 0x000001ae40c6ddb0 Uncommon trap: reason=unstable_if action=reinterpret pc=0x000001ae53051b74 method=java.util.concurrent.locks.ReentrantLock$Sync.tryRelease(I)Z @ 26 c2
Event: 0.323 Thread 0x000001ae40c6ddb0 DEOPT PACKING pc=0x000001ae53051b74 sp=0x0000007e7bdfedf0
Event: 0.323 Thread 0x000001ae40c6ddb0 DEOPT UNPACKING pc=0x000001ae52ad7da2 sp=0x0000007e7bdfed90 mode 2
Event: 0.385 Thread 0x000001ae40c6ddb0 Uncommon trap: trap_request=0xffffff6e fr.pc=0x000001ae53054c4c relative=0x000000000000040c
Event: 0.385 Thread 0x000001ae40c6ddb0 Uncommon trap: reason=loop_limit_check action=maybe_recompile pc=0x000001ae53054c4c method=java.lang.StringLatin1.indexOf([BI[BII)I @ 37 c2
Event: 0.385 Thread 0x000001ae40c6ddb0 DEOPT PACKING pc=0x000001ae53054c4c sp=0x0000007e7bdfbdb0
Event: 0.385 Thread 0x000001ae40c6ddb0 DEOPT UNPACKING pc=0x000001ae52ad7da2 sp=0x0000007e7bdfbd10 mode 2
Event: 0.402 Thread 0x000001ae40c6ddb0 Uncommon trap: trap_request=0xffffff45 fr.pc=0x000001ae5305facc relative=0x000000000000004c
Event: 0.402 Thread 0x000001ae40c6ddb0 Uncommon trap: reason=unstable_if action=reinterpret pc=0x000001ae5305facc method=sun.nio.fs.WindowsPathParser.isSlash(C)Z @ 9 c2
Event: 0.402 Thread 0x000001ae40c6ddb0 DEOPT PACKING pc=0x000001ae5305facc sp=0x0000007e7bdfbc70
Event: 0.402 Thread 0x000001ae40c6ddb0 DEOPT UNPACKING pc=0x000001ae52ad7da2 sp=0x0000007e7bdfbbf8 mode 2
Event: 0.410 Thread 0x000001ae40c6ddb0 Uncommon trap: trap_request=0xffffff45 fr.pc=0x000001ae53062a78 relative=0x0000000000000238
Event: 0.410 Thread 0x000001ae40c6ddb0 Uncommon trap: reason=unstable_if action=reinterpret pc=0x000001ae53062a78 method=java.lang.String.startsWith(Ljava/lang/String;I)Z @ 1 c2
Event: 0.410 Thread 0x000001ae40c6ddb0 DEOPT PACKING pc=0x000001ae53062a78 sp=0x0000007e7bdfae30
Event: 0.410 Thread 0x000001ae40c6ddb0 DEOPT UNPACKING pc=0x000001ae52ad7da2 sp=0x0000007e7bdfadc0 mode 2

Classes loaded (20 events):
Event: 0.467 Loading class java/nio/DirectCharBufferU
Event: 0.468 Loading class java/nio/DirectCharBufferU done
Event: 0.468 Loading class java/nio/DirectFloatBufferU
Event: 0.468 Loading class java/nio/DirectFloatBufferU done
Event: 0.468 Loading class java/nio/DirectDoubleBufferU
Event: 0.468 Loading class java/nio/DirectDoubleBufferU done
Event: 0.468 Loading class sun/misc/Unsafe
Event: 0.468 Loading class sun/misc/Unsafe done
Event: 0.468 Loading class java/lang/invoke/DirectMethodHandle$StaticAccessor
Event: 0.468 Loading class java/lang/invoke/DirectMethodHandle$StaticAccessor done
Event: 0.470 Loading class java/util/function/LongPredicate
Event: 0.470 Loading class java/util/function/LongPredicate done
Event: 0.472 Loading class java/lang/foreign/MemorySegment
Event: 0.472 Loading class java/lang/foreign/MemorySegment done
Event: 0.475 Loading class java/nio/InvalidMarkException
Event: 0.475 Loading class java/nio/InvalidMarkException done
Event: 0.475 Loading class java/nio/BufferUnderflowException
Event: 0.475 Loading class java/nio/BufferUnderflowException done
Event: 0.484 Loading class java/util/Formatter$FixedString
Event: 0.484 Loading class java/util/Formatter$FixedString done

Classes unloaded (0 events):
No events

Classes redefined (0 events):
No events

Internal exceptions (20 events):
Event: 0.320 Thread 0x000001ae40c6ddb0 Exception <a 'java/lang/NoSuchMethodError'{0x00000006218c5bc8}: 'java.lang.Object java.lang.invoke.DirectMethodHandle$Holder.invokeStatic(java.lang.Object, int, java.lang.Object)'> (0x00000006218c5bc8) 
thrown [s\src\hotspot\share\interpreter\linkResolver.cpp, line 773]
Event: 0.366 Thread 0x000001ae40c6ddb0 Exception <a 'java/lang/NoSuchMethodError'{0x0000000621a4db58}: 'void java.lang.System.load(java.lang.String, java.lang.Class)'> (0x0000000621a4db58) 
thrown [s\src\hotspot\share\interpreter\linkResolver.cpp, line 773]
Event: 0.366 Thread 0x000001ae40c6ddb0 Exception <a 'java/lang/NoSuchMethodError'{0x0000000621a4e588}: 'void java.lang.invoke.DirectMethodHandle$Holder.invokeSpecial(java.lang.Object, java.lang.Object, java.lang.Object)'> (0x0000000621a4e588) 
thrown [s\src\hotspot\share\interpreter\linkResolver.cpp, line 773]
Event: 0.369 Thread 0x000001ae40c6ddb0 Exception <a 'java/lang/NoSuchMethodError'{0x0000000621a5bc00}: 'java.lang.Object java.lang.invoke.DirectMethodHandle$Holder.invokeStatic(java.lang.Object, java.lang.Object, int)'> (0x0000000621a5bc00) 
thrown [s\src\hotspot\share\interpreter\linkResolver.cpp, line 773]
Event: 0.370 Thread 0x000001ae40c6ddb0 Exception <a 'java/lang/NoSuchMethodError'{0x0000000621a67380}: 'void java.lang.invoke.DelegatingMethodHandle$Holder.delegate(java.lang.Object, java.lang.Object, int, java.lang.Object)'> (0x0000000621a67380) 
thrown [s\src\hotspot\share\interpreter\linkResolver.cpp, line 773]
Event: 0.374 Thread 0x000001ae40c6ddb0 Exception <a 'java/lang/NoSuchMethodError'{0x0000000621a80c48}: 'void java.lang.System.loadLibrary(java.lang.String, java.lang.Class)'> (0x0000000621a80c48) 
thrown [s\src\hotspot\share\interpreter\linkResolver.cpp, line 773]
Event: 0.383 Thread 0x000001ae40c6ddb0 Exception <a 'java/lang/NoSuchMethodError'{0x0000000621ad8758}: 'void java.lang.System.load(java.lang.String, java.lang.Class)'> (0x0000000621ad8758) 
thrown [s\src\hotspot\share\interpreter\linkResolver.cpp, line 773]
Event: 0.384 Thread 0x000001ae40c6ddb0 Exception <a 'java/lang/NoSuchMethodError'{0x0000000621adb1c0}: 'void java.lang.System.loadLibrary(java.lang.String, java.lang.Class)'> (0x0000000621adb1c0) 
thrown [s\src\hotspot\share\interpreter\linkResolver.cpp, line 773]
Event: 0.403 Thread 0x000001ae40c6ddb0 Exception <a 'sun/nio/fs/WindowsException'{0x0000000621b129c0}> (0x0000000621b129c0) 
thrown [s\src\hotspot\share\prims\jni.cpp, line 520]
Event: 0.403 Thread 0x000001ae40c6ddb0 Exception <a 'sun/nio/fs/WindowsException'{0x0000000621b12ef0}> (0x0000000621b12ef0) 
thrown [s\src\hotspot\share\prims\jni.cpp, line 520]
Event: 0.455 Thread 0x000001ae40c6ddb0 Exception <a 'sun/nio/fs/WindowsException'{0x0000000621b85dd0}> (0x0000000621b85dd0) 
thrown [s\src\hotspot\share\prims\jni.cpp, line 520]
Event: 0.455 Thread 0x000001ae40c6ddb0 Exception <a 'sun/nio/fs/WindowsException'{0x0000000621b86170}> (0x0000000621b86170) 
thrown [s\src\hotspot\share\prims\jni.cpp, line 520]
Event: 0.461 Thread 0x000001ae40c6ddb0 Exception <a 'sun/nio/fs/WindowsException'{0x0000000621b90c98}> (0x0000000621b90c98) 
thrown [s\src\hotspot\share\prims\jni.cpp, line 520]
Event: 0.461 Thread 0x000001ae40c6ddb0 Exception <a 'sun/nio/fs/WindowsException'{0x0000000621b90f68}> (0x0000000621b90f68) 
thrown [s\src\hotspot\share\prims\jni.cpp, line 520]
Event: 0.471 Thread 0x000001ae40c6ddb0 Exception <a 'java/lang/NoSuchMethodError'{0x0000000621be2bb8}: 'int java.lang.invoke.DirectMethodHandle$Holder.invokeStaticInit(java.lang.Object, java.lang.Object, int, long)'> (0x0000000621be2bb8) 
thrown [s\src\hotspot\share\interpreter\linkResolver.cpp, line 773]
Event: 0.471 Thread 0x000001ae40c6ddb0 Exception <a 'java/lang/NoSuchMethodError'{0x0000000621be7f70}: 'java.lang.Object java.lang.invoke.DirectMethodHandle$Holder.newInvokeSpecial(java.lang.Object, java.lang.Object, int)'> (0x0000000621be7f70) 
thrown [s\src\hotspot\share\interpreter\linkResolver.cpp, line 773]
Event: 0.473 Thread 0x000001ae40c6ddb0 Exception <a 'java/lang/NoSuchMethodError'{0x0000000621bf7b38}: 'int java.lang.invoke.DirectMethodHandle$Holder.invokeStaticInit(java.lang.Object, java.lang.Object, long, long)'> (0x0000000621bf7b38) 
thrown [s\src\hotspot\share\interpreter\linkResolver.cpp, line 773]
Event: 0.474 Thread 0x000001ae40c6ddb0 Exception <a 'java/lang/NoSuchMethodError'{0x0000000621bfd418}: 'java.lang.Object java.lang.invoke.DirectMethodHandle$Holder.newInvokeSpecial(java.lang.Object, java.lang.Object, long)'> (0x0000000621bfd418) 
thrown [s\src\hotspot\share\interpreter\linkResolver.cpp, line 773]
Event: 0.474 Thread 0x000001ae40c6ddb0 Exception <a 'java/lang/NoSuchMethodError'{0x00000006214011f8}: 'java.lang.Object java.lang.invoke.Invokers$Holder.linkToTargetMethod(java.lang.Object, long, java.lang.Object)'> (0x00000006214011f8) 
thrown [s\src\hotspot\share\interpreter\linkResolver.cpp, line 773]
Event: 0.474 Thread 0x000001ae40c6ddb0 Exception <a 'java/lang/NoSuchMethodError'{0x00000006214082f0}: 'int java.lang.invoke.DirectMethodHandle$Holder.invokeStaticInit(java.lang.Object, java.lang.Object, java.lang.Object, long)'> (0x00000006214082f0) 
thrown [s\src\hotspot\share\interpreter\linkResolver.cpp, line 773]

ZGC Phase Switch (0 events):
No events

VM Operations (6 events):
Event: 0.089 Executing VM operation: HandshakeAllThreads (Deoptimize)
Event: 0.089 Executing VM operation: HandshakeAllThreads (Deoptimize) done
Event: 0.223 Executing VM operation: HandshakeAllThreads (Deoptimize)
Event: 0.223 Executing VM operation: HandshakeAllThreads (Deoptimize) done
Event: 0.368 Executing VM operation: HandshakeAllThreads (Deoptimize)
Event: 0.369 Executing VM operation: HandshakeAllThreads (Deoptimize) done

Memory protections (0 events):
No events

Nmethod flushes (0 events):
No events

Events (13 events):
Event: 0.022 Thread 0x000001ae40c6ddb0 Thread added: 0x000001ae40c6ddb0
Event: 0.035 Thread 0x000001ae40c6ddb0 Thread added: 0x000001ae67377720
Event: 0.035 Thread 0x000001ae40c6ddb0 Thread added: 0x000001ae6737a2a0
Event: 0.035 Thread 0x000001ae40c6ddb0 Thread added: 0x000001ae6737ef10
Event: 0.035 Thread 0x000001ae40c6ddb0 Thread added: 0x000001ae6737fb70
Event: 0.036 Thread 0x000001ae40c6ddb0 Thread added: 0x000001ae67382810
Event: 0.036 Thread 0x000001ae40c6ddb0 Thread added: 0x000001ae67385520
Event: 0.036 Thread 0x000001ae40c6ddb0 Thread added: 0x000001ae67394b90
Event: 0.036 Thread 0x000001ae40c6ddb0 Thread added: 0x000001ae67395d50
Event: 0.082 Thread 0x000001ae40c6ddb0 Thread added: 0x000001ae67489c50
Event: 0.131 Thread 0x000001ae67395d50 Thread added: 0x000001ae67398630
Event: 0.154 Thread 0x000001ae40c6ddb0 Thread added: 0x000001ae6748a970
Event: 0.155 Thread 0x000001ae40c6ddb0 Thread added: 0x000001ae6748a2e0


Dynamic libraries:
0x00007ff6e8950000 - 0x00007ff6e895e000 	C:\Users\thrib\.jdks\corretto-21.0.4\bin\java.exe
0x00007ffda7f50000 - 0x00007ffda8167000 	C:\WINDOWS\SYSTEM32\ntdll.dll
0x00007ffda70d0000 - 0x00007ffda7194000 	C:\WINDOWS\System32\KERNEL32.DLL
0x00007ffda5360000 - 0x00007ffda571a000 	C:\WINDOWS\System32\KERNELBASE.dll
0x00007ffda5240000 - 0x00007ffda5351000 	C:\WINDOWS\System32\ucrtbase.dll
0x00007ffd87570000 - 0x00007ffd8758b000 	C:\Users\thrib\.jdks\corretto-21.0.4\bin\VCRUNTIME140.dll
0x00007ffd87550000 - 0x00007ffd87568000 	C:\Users\thrib\.jdks\corretto-21.0.4\bin\jli.dll
0x00007ffda5f60000 - 0x00007ffda610f000 	C:\WINDOWS\System32\USER32.dll
0x00007ffda57c0000 - 0x00007ffda57e6000 	C:\WINDOWS\System32\win32u.dll
0x00007ffd9b230000 - 0x00007ffd9b4c2000 	C:\WINDOWS\WinSxS\amd64_microsoft.windows.common-controls_6595b64144ccf1df_6.0.22621.4291_none_2715d3a373803e45\COMCTL32.dll
0x00007ffda6710000 - 0x00007ffda6739000 	C:\WINDOWS\System32\GDI32.dll
0x00007ffda62b0000 - 0x00007ffda6357000 	C:\WINDOWS\System32\msvcrt.dll
0x00007ffda5a00000 - 0x00007ffda5b1b000 	C:\WINDOWS\System32\gdi32full.dll
0x00007ffda5960000 - 0x00007ffda59fa000 	C:\WINDOWS\System32\msvcp_win.dll
0x00007ffda7540000 - 0x00007ffda7571000 	C:\WINDOWS\System32\IMM32.DLL
0x00007ffd9d230000 - 0x00007ffd9d23c000 	C:\Users\thrib\.jdks\corretto-21.0.4\bin\vcruntime140_1.dll
0x00007ffd64630000 - 0x00007ffd646bd000 	C:\Users\thrib\.jdks\corretto-21.0.4\bin\msvcp140.dll
0x00007ffd0c970000 - 0x00007ffd0d706000 	C:\Users\thrib\.jdks\corretto-21.0.4\bin\server\jvm.dll
0x00007ffda7480000 - 0x00007ffda7532000 	C:\WINDOWS\System32\ADVAPI32.dll
0x00007ffda5e30000 - 0x00007ffda5ed8000 	C:\WINDOWS\System32\sechost.dll
0x00007ffda5720000 - 0x00007ffda5748000 	C:\WINDOWS\System32\bcrypt.dll
0x00007ffda6440000 - 0x00007ffda6554000 	C:\WINDOWS\System32\RPCRT4.dll
0x00007ffda6360000 - 0x00007ffda63d1000 	C:\WINDOWS\System32\WS2_32.dll
0x00007ffda42f0000 - 0x00007ffda433d000 	C:\WINDOWS\SYSTEM32\POWRPROF.dll
0x00007ffd9f240000 - 0x00007ffd9f274000 	C:\WINDOWS\SYSTEM32\WINMM.dll
0x00007ffd9bb50000 - 0x00007ffd9bb5a000 	C:\WINDOWS\SYSTEM32\VERSION.dll
0x00007ffda42d0000 - 0x00007ffda42e3000 	C:\WINDOWS\SYSTEM32\UMPDC.dll
0x00007ffda4340000 - 0x00007ffda4358000 	C:\WINDOWS\SYSTEM32\kernel.appcore.dll
0x00007ffd9d040000 - 0x00007ffd9d04a000 	C:\Users\thrib\.jdks\corretto-21.0.4\bin\jimage.dll
0x00007ffda0e80000 - 0x00007ffda10b2000 	C:\WINDOWS\SYSTEM32\DBGHELP.DLL
0x00007ffda7580000 - 0x00007ffda790f000 	C:\WINDOWS\System32\combase.dll
0x00007ffda71a0000 - 0x00007ffda7277000 	C:\WINDOWS\System32\OLEAUT32.dll
0x00007ffd9bc70000 - 0x00007ffd9bca2000 	C:\WINDOWS\SYSTEM32\dbgcore.DLL
0x00007ffda5b20000 - 0x00007ffda5b9b000 	C:\WINDOWS\System32\bcryptPrimitives.dll
0x00007ffd8c680000 - 0x00007ffd8c68e000 	C:\Users\thrib\.jdks\corretto-21.0.4\bin\instrument.dll
0x00007ffd874f0000 - 0x00007ffd8750f000 	C:\Users\thrib\.jdks\corretto-21.0.4\bin\java.dll
0x00007ffda6850000 - 0x00007ffda70cb000 	C:\WINDOWS\System32\SHELL32.dll
0x00007ffda3150000 - 0x00007ffda3a59000 	C:\WINDOWS\SYSTEM32\windows.storage.dll
0x00007ffda3010000 - 0x00007ffda314f000 	C:\WINDOWS\SYSTEM32\wintypes.dll
0x00007ffda7280000 - 0x00007ffda737a000 	C:\WINDOWS\System32\SHCORE.dll
0x00007ffda63e0000 - 0x00007ffda643e000 	C:\WINDOWS\System32\shlwapi.dll
0x00007ffda5170000 - 0x00007ffda519b000 	C:\WINDOWS\SYSTEM32\profapi.dll
0x00007ffd60630000 - 0x00007ffd60707000 	C:\Users\thrib\.jdks\corretto-21.0.4\bin\jsvml.dll
0x00007ffd874b0000 - 0x00007ffd874c8000 	C:\Users\thrib\.jdks\corretto-21.0.4\bin\zip.dll
0x00007ffd874a0000 - 0x00007ffd874b0000 	C:\Users\thrib\.jdks\corretto-21.0.4\bin\net.dll
0x00007ffda03b0000 - 0x00007ffda04e6000 	C:\WINDOWS\SYSTEM32\WINHTTP.dll
0x00007ffda47a0000 - 0x00007ffda4809000 	C:\WINDOWS\system32\mswsock.dll
0x00007ffd87480000 - 0x00007ffd87496000 	C:\Users\thrib\.jdks\corretto-21.0.4\bin\nio.dll
0x00007ffd7e740000 - 0x00007ffd7e75a000 	C:\Program Files\JetBrains\IntelliJ IDEA 2024.1.5\bin\breakgen64.dll
0x00007ffd87470000 - 0x00007ffd87479000 	C:\Users\thrib\.jdks\corretto-21.0.4\bin\extnet.dll
0x00007ffd7d570000 - 0x00007ffd7d579000 	C:\Users\thrib\.jdks\corretto-21.0.4\bin\management.dll
0x00007ffd7d3d0000 - 0x00007ffd7d3db000 	C:\Users\thrib\.jdks\corretto-21.0.4\bin\management_ext.dll
0x00007ffda5c60000 - 0x00007ffda5c68000 	C:\WINDOWS\System32\PSAPI.DLL
0x00007ffd7d3c0000 - 0x00007ffd7d3d0000 	C:\Users\thrib\.jdks\corretto-21.0.4\bin\verify.dll
0x00007ffd60500000 - 0x00007ffd6057b000 	C:\Users\thrib\AppData\Local\Temp\lwjgl_thrib\3.3.4+7\x64\lwjgl.dll
0x00007ffd3f510000 - 0x00007ffd3f571000 	C:\Users\thrib\AppData\Local\Temp\lwjgl_thrib\3.3.4+7\x64\lwjgl_opengl.dll
0x00007ffd88bc0000 - 0x00007ffd88cc0000 	C:\WINDOWS\SYSTEM32\opengl32.dll
0x00007ffd97810000 - 0x00007ffd9783d000 	C:\WINDOWS\SYSTEM32\GLU32.dll
0x00007ffda2800000 - 0x00007ffda2837000 	C:\WINDOWS\SYSTEM32\dxcore.dll

dbghelp: loaded successfully - version: 4.0.5 - missing functions: none
symbol engine: initialized successfully - sym options: 0x614 - pdb path: .;C:\Users\thrib\.jdks\corretto-21.0.4\bin;C:\WINDOWS\SYSTEM32;C:\WINDOWS\WinSxS\amd64_microsoft.windows.common-controls_6595b64144ccf1df_6.0.22621.4291_none_2715d3a373803e45;C:\Users\thrib\.jdks\corretto-21.0.4\bin\server;C:\Program Files\JetBrains\IntelliJ IDEA 2024.1.5\bin;C:\Users\thrib\AppData\Local\Temp\lwjgl_thrib\3.3.4+7\x64

VM Arguments:
jvm_args: -javaagent:C:\Program Files\JetBrains\IntelliJ IDEA 2024.1.5\lib\idea_rt.jar=62865:C:\Program Files\JetBrains\IntelliJ IDEA 2024.1.5\bin -Dfile.encoding=UTF-8 -Dsun.stdout.encoding=UTF-8 -Dsun.stderr.encoding=UTF-8 
java_command: tk.ff0044.lwkglTutorial.game.MainKt --dev
java_class_path (initial): C:\Users\thrib\code\Java\LWJGLTutorial\build\classes\kotlin\main;C:\Users\thrib\code\Java\LWJGLTutorial\build\classes\java\main;C:\Users\thrib\code\Java\LWJGLTutorial\build\resources\main;C:\Users\thrib\.gradle\caches\modules-2\files-2.1\org.joml\joml-primitives\1.10.0\b3ae3ae0dfee0bf5aef9f7964205cca0f3c6ea07\joml-primitives-1.10.0.jar;C:\Users\thrib\.gradle\caches\modules-2\files-2.1\org.joml\joml\1.10.7\f8c3f2e7db281bde099342dd36133de4bbba390c\joml-1.10.7.jar;C:\Users\thrib\.gradle\caches\modules-2\files-2.1\org.jetbrains.kotlin\kotlin-stdlib\2.0.0\b48df2c4aede9586cc931ead433bc02d6fd7879e\kotlin-stdlib-2.0.0.jar;C:\Users\thrib\.gradle\caches\modules-2\files-2.1\org.lwjgl\lwjgl-assimp\3.3.4\4651577de25afb21511c4b39e1ee3002ab1cad5d\lwjgl-assimp-3.3.4.jar;C:\Users\thrib\.gradle\caches\modules-2\files-2.1\org.lwjgl\lwjgl-bgfx\3.3.4\6a1a1c3a909b0d9213426a9ccaf25c5d3809d248\lwjgl-bgfx-3.3.4.jar;C:\Users\thrib\.gradle\caches\modules-2\files-2.1\org.lwjgl\lwjgl-glfw\3.3.4\7e46ecdec85db8738053cfde1414352cd62dab74\lwjgl-glfw-3.3.4.jar;C:\Users\thrib\.gradle\caches\modules-2\files-2.1\org.lwjgl\lwjgl-nanovg\3.3.4\4bf3cb1a4f5265b9c739d427bbb019ec5b3f3864\lwjgl-nanovg-3.3.4.jar;C:\Users\thrib\.gradle\caches\modules-2\files-2.1\org.lwjgl\lwjgl-nuklear\3.3.4\6f28233021581c9a1c303a3b2f361c734529eb69\lwjgl-nuklear-3.3.4.jar;C:\Users\thrib\.gradle\caches\modules-2\files-2.1\org.lwjgl\lwjgl-openal\3.3.4\9b74d3ea380c83353d42af43ad9659e04dabe84a\lwjgl-openal-3.3.4.jar;C:\Users\thrib\.gradle\caches\modules-2\files-2.1\org.lwjgl\lwjgl-opengl\3.3.4\2852ac7d9f6fc71349f1ce28e2708ff1977f18af\lwjgl-opengl-3.3.4.jar;C:\Users\thrib\.gradle\caches\modules-2\files-2.1\org.lwjgl\lwjgl-par\3.3.4\e91872a46700d4988696453236fca419f26f60b7\lwjgl-par-3.3.4.jar;C:\Users\thrib\.gradle\caches\modules-2\files-2.1\org.lwjgl\lwjgl-stb\3.3.4\5821735d5ef23f6da8542887344e57eb181b7cac\lwjgl-stb-3.3.4.jar;C:\Users\thrib\.gradle\caches\modules-2\files-2.1\org.lwjgl\lwjgl-vulkan\3.3.4\e35906651a321f80f8b140fde29e35bd0d794601\lwjgl-vulkan-3.3.4.jar;C:\Users\thrib\.gradle\caches\modules-2\files-2.1\org.lwjgl\lwjgl\3.3.4\b86c3e4832426e8a6b466013b7cb34b40e9ce956\lwjgl-3.3.4.jar;C:\Users\thrib\.gradle\caches\modules-2\files-2.1\org.tinylog\tinylog-impl\2.7.0\46a5d4d50d3302460a5143e51befdb7245ccba5d\tinylog-impl-2.7.0.jar;C:\Users\thrib\.gradle\caches\modules-2\files-2.1\org.tinylog\tinylog-api\2.7.0\17875aa7c4acfee6a9e9a83a5d1469cc0411be40\tinylog-api-2.7.0.jar;C:\Users\thrib\.gradle\caches\modules-2\files-2.1\org.jetbrains.kotlin\kotlin-stdlib-jdk8\1.8.20\73576ddf378c5b4f1f6b449fe6b119b8183fc078\kotlin-stdlib-jdk8-1.8.20.jar;C:\Users\thrib\.gradle\caches\modules-2\files-2.1\org.jetbrains\annotations\13.0\919f0dfe192fb4e063e7dacadee7f8bb9a2672a9\annotations-13.0.jar;C:\Users\thrib\.gradle\caches\modules-2\files-2.1\org.jetbrains.kotlin\kotlin-stdlib-jdk7\1.8.20\3aa51faf20aae8b31e1a4bc54f8370673d7b7df4\kotlin-stdlib-jdk7-1.8.20.jar;C:\Users\thrib\.gradle\caches\modules-2\files-2.1\org.lwjgl\lwjgl-assimp\3.3.4\65a7534e8a97b340c5e9716e15339b2b8964d656\lwjgl-assimp-3.3.4-natives-windows.jar;C:\Users\thrib\.gradle\caches\modules-2\files-2.1\org.lwjgl\lwjgl-bgfx\3.3.4\244c90b7aa225af02363b167aeaec86f24a08692\lwjgl-bgfx-3.3.4-natives-windows.jar;C:\Users\thrib\.gradle\caches\modules-2\files-2.1\org.lwjgl\lwjgl-glfw\3.3.4\370ef92d15819a123c643dd2b0fc3a2d40bb263c\lwjgl-glfw-3.3.4-natives-windows.jar;C:\Users\thrib\.gradle\caches\modules-2\files-2.1\org.lwjgl\lwjgl-nanovg\3.3.4\2b98206983a95a06fef90a936218b7e086d06023\lwjgl-nanovg-3.3.4-natives-windows.jar;C:\Users\thrib\.gradle\caches\modules-2\files-2.1\org.lwjgl\lwjgl-nuklear\3.3.4\8df43ea7bd20ee99cb46539ff953f59c6f0f9e53\lwjgl-nuklear-3.3.4-natives-windows.jar;C:\Users\thrib\.gradle\caches\modules-2\files-2.1\org.lwjgl\lwjgl-openal\3.3.4\c4de8af803aacda71044418095a71cd63b569a15\lwjgl-openal-3.3.4-natives-windows.jar;C:\Users\thrib\.gradle\caches\modules-2\files-2.1\org.lwjgl\lwjgl-opengl\3.3.4\f7ca4e75573a9ce83075bd86bc8a3e49ff106696\lwjgl-opengl-3.3.4-natives-windows.jar;C:\Users\thrib\.gradle\caches\modules-2\files-2.1\org.lwjgl\lwjgl-par\3.3.4\c2f89043d1bc3e1556299460bb0dbc548ab7ad2a\lwjgl-par-3.3.4-natives-windows.jar;C:\Users\thrib\.gradle\caches\modules-2\files-2.1\org.lwjgl\lwjgl-stb\3.3.4\8310e565463ec8d369528e8b26a9b1518d079a01\lwjgl-stb-3.3.4-natives-windows.jar;C:\Users\thrib\.gradle\caches\modules-2\files-2.1\org.lwjgl\lwjgl\3.3.4\dd0927c1348cdcd9573fa24b7278ec1ac2bb0a76\lwjgl-3.3.4-natives-windows.jar
Launcher Type: SUN_STANDARD

[Global flags]
     intx CICompilerCount                          = 4                                         {product} {ergonomic}
     uint ConcGCThreads                            = 2                                         {product} {ergonomic}
     uint G1ConcRefinementThreads                  = 8                                         {product} {ergonomic}
   size_t G1HeapRegionSize                         = 4194304                                   {product} {ergonomic}
    uintx GCDrainStackTargetSize                   = 64                                        {product} {ergonomic}
   size_t InitialHeapSize                          = 536870912                                 {product} {ergonomic}
   size_t MarkStackSize                            = 4194304                                   {product} {ergonomic}
   size_t MaxHeapSize                              = 8552185856                                {product} {ergonomic}
   size_t MaxNewSize                               = 5129633792                                {product} {ergonomic}
   size_t MinHeapDeltaBytes                        = 4194304                                   {product} {ergonomic}
   size_t MinHeapSize                              = 8388608                                   {product} {ergonomic}
    uintx NonNMethodCodeHeapSize                   = 5839372                                {pd product} {ergonomic}
    uintx NonProfiledCodeHeapSize                  = 122909434                              {pd product} {ergonomic}
    uintx ProfiledCodeHeapSize                     = 122909434                              {pd product} {ergonomic}
    uintx ReservedCodeCacheSize                    = 251658240                              {pd product} {ergonomic}
     bool SegmentedCodeCache                       = true                                      {product} {ergonomic}
   size_t SoftMaxHeapSize                          = 8552185856                             {manageable} {ergonomic}
     bool UseCompressedOops                        = true                           {product lp64_product} {ergonomic}
     bool UseG1GC                                  = true                                      {product} {ergonomic}
     bool UseLargePagesIndividualAllocation        = false                                  {pd product} {ergonomic}

Logging:
Log output configuration:
 #0: stdout all=warning uptime,level,tags foldmultilines=false
 #1: stderr all=off uptime,level,tags foldmultilines=false

Environment Variables:
JAVA_HOME=C:\Program Files\Eclipse Adoptium\jdk-23.0.0.37-hotspot\
PATH=C:\VulkanSDK\1.3.296.0\Bin;C:\Program Files\Eclipse Adoptium\jdk-23.0.0.37-hotspot\bin;C:\ProgramData\anaconda3\Scripts\;C:\ProgramData\anaconda3\;C:\Program Files\Microsoft\jdk-11.0.24.8-hotspot\bin;C:\Program Files\Conan\conan;C:\Program Files\Eclipse Adoptium\jdk-21.0.4.7-hotspot\bin;C:\Program Files\Python312\Scripts\;C:\Program Files\Python312\;C:\Program Files\Eclipse Adoptium\jre-8.0.422.5-hotspot\bin;C:\Program Files\Eclipse Adoptium\jre-11.0.24.8-hotspot\bin;C:\WINDOWS\system32;C:\WINDOWS;C:\WINDOWS\System32\Wbem;C:\WINDOWS\System32\WindowsPowerShell\v1.0\;C:\WINDOWS\System32\OpenSSH\;C:\ProgramData\chocolatey\bin;C:\Program Files\Microsoft SQL Server\150\Tools\Binn\;C:\Program Files\dotnet\;C:\Program Files (x86)\Windows Kits\10\Windows Performance Toolkit\;C:\Program Files\Microsoft SQL Server\Client SDK\ODBC\170\Tools\Binn\;C:\Program Files\Neovim\bin;C:\Program Files\PuTTY\;C:\Program Files\Common Files\Autodesk Shared\;C:\msys64\mingw64\bin;C:\Program Files\CMake\bin;C:\Program Files\gsudo\Current;C:\msys64\;C:\Program Files\GitHub CLI\;C:\Program Files\Microsoft Visual Studio\2022\Community\Common7\IDE;C:\Program Files\PowerShell\7\;C:\Program Files\Streamlink\bin;C:\Users\thrib\AppData\Local\UniGetUI\Chocolatey\lib\mpvio.install\tools;C:\Program Files\nodejs\;C:\Program Files\Cloudflare\Cloudflare WARP\;C:\Program Files\Microsoft Visual Studio\2022\Community\MSBuild\Current\Bin\;C:\Program Files\Git\cmd;C:\Gradle\gradle-8.10.2\bin;C:\dev\kotlin\kotlinc\bin;C:\dev\kotlin\kotlin-native-prebuilt-windows-x86_64-2.0.21\bin;C:\Users\thrib\AppData\Local\UniGetUI\Chocolatey\bin;C:\Users\thrib\scoop\apps\mpv\current;C:\Users\thrib\AppData\Roaming\local\bin;C:\Users\thrib\scoop\shims;C:\Users\thrib\.cargo\bin;C:\Users\thrib\AppData\Local\Microsoft\WindowsApps;C:\Users\thrib\AppData\Local\Programs\Microsoft VS Code\bin;C:\Users\thrib\AppData\Local\JetBrains\Toolbox\scripts;C:\Users\thrib\.dotnet\tools;C:\Users\thrib\AppData\Local\flutter\bin;C:\Program Files\JetBrains\CLion 2024.1.4\bin;C:\Program Files\JetBrains\IntelliJ IDEA 2024.1.5\bin;C:\Users\thrib\AppData\Local\Microsoft\WindowsApps;C:\Users\thrib\.bun\bin;C:\Users\thrib\AppData\Local\Microsoft\WinGet\Links;C:\Users\thrib\AppData\Local\GitHubDesktop\bin;C:\Users\thrib\.dotnet\tools;C:\Users\thrib\AppData\Roaming\Python\Python312\Scripts;C:\Users\thrib\.deno\bin;C:\Users\thrib\AppData\Local\Programs\oh-my-posh\bin;C:\tools\neovim\nvim-win64\bin;C:\Users\thrib\AppData\Roaming\npm;C:\Users\thrib\AppData\Local\gitkraken\bin
USERNAME=thrib
OS=Windows_NT
PROCESSOR_IDENTIFIER=Intel64 Family 6 Model 140 Stepping 1, GenuineIntel
TMP=C:\Users\thrib\AppData\Local\Temp
TEMP=C:\Users\thrib\AppData\Local\Temp




Periodic native trim disabled

---------------  S Y S T E M  ---------------

OS:
 Windows 11 , 64 bit Build 22621 (10.0.22621.4000)
OS uptime: 0 days 8:19 hours
Hyper-V role detected

CPU: total 8 (initial active 8) (4 cores per cpu, 2 threads per core) family 6 model 140 stepping 1 microcode 0xb8, cx8, cmov, fxsr, ht, mmx, 3dnowpref, sse, sse2, sse3, ssse3, sse4.1, sse4.2, popcnt, lzcnt, tsc, tscinvbit, avx, avx2, aes, erms, clmul, bmi1, bmi2, adx, avx512f, avx512dq, avx512cd, avx512bw, avx512vl, sha, fma, vzeroupper, avx512_vpopcntdq, avx512_vpclmulqdq, avx512_vaes, avx512_vnni, clflush, clflushopt, clwb, avx512_vbmi2, avx512_vbmi, hv, rdtscp, rdpid, fsrm, gfni, avx512_bitalg, f16c, cet_ibt, cet_ss, avx512_ifma
Processor Information for all 8 processors :
  Max Mhz: 2803, Current Mhz: 2803, Mhz Limit: 2803

Memory: 4k page, system-wide physical 32610M (16490M free)
TotalPageFile size 37474M (AvailPageFile size 17180M)
current process WorkingSet (physical memory assigned to process): 65M, peak: 65M
current process commit charge ("private bytes"): 615M, peak: 615M

vm_info: OpenJDK 64-Bit Server VM (21.0.4+7-LTS) for windows-amd64 JRE (21.0.4+7-LTS), built on 2024-07-10T17:34:29Z by "Administrator" with MS VC++ 16.10 / 16.11 (VS2019)

END.
