2024-10-21 17:52:19 [INFO] tk.ff0044.lwkglTutorial.game.MainKt.main()	vSync is true	
2024-10-21 17:52:19 [DEBUG] tk.ff0044.lwkglTutorial.engine.GameEngine.<init>()	Initialising Game Engine	
2024-10-21 17:52:19 [DEBUG] tk.ff0044.lwkglTutorial.engine.GameEngine.<init>()	Window is initialised with LWJGL Kotlin Tutorial, 1024, 786vSync is true	
2024-10-21 17:52:19 [DEBUG] tk.ff0044.lwkglTutorial.engine.GameEngine.<init>()	Timer is initialised	
2024-10-21 17:52:19 [INFO] tk.ff0044.lwkglTutorial.game.MainKt.main()	Running game engine	
2024-10-21 17:52:19 [DEBUG] tk.ff0044.lwkglTutorial.engine.GameEngine.init()	Window is initialised	
2024-10-21 17:52:19 [DEBUG] tk.ff0044.lwkglTutorial.engine.Window.init()	Initialising GLFW	
2024-10-21 17:52:19 [DEBUG] tk.ff0044.lwkglTutorial.engine.Window.init()	Using default window hints	
2024-10-21 17:52:19 [DEBUG] tk.ff0044.lwkglTutorial.engine.Window.init()	GLFW_VISIBLE is false	
2024-10-21 17:52:19 [DEBUG] tk.ff0044.lwkglTutorial.engine.Window.init()	GLFW_RESIZABLE is true	
2024-10-21 17:52:19 [DEBUG] tk.ff0044.lwkglTutorial.engine.Window.init()	GLFW_CONTEXT_VERSION is 3.3	
2024-10-21 17:52:19 [DEBUG] tk.ff0044.lwkglTutorial.engine.Window.init()	GLFW_OPENGL_PROFILE is core	
2024-10-21 17:52:19 [DEBUG] tk.ff0044.lwkglTutorial.engine.Window.init()	GLFW_OPENGL_FORWARD_COMPAT is true	
2024-10-21 17:52:19 [DEBUG] tk.ff0044.lwkglTutorial.engine.Window.init()	Creating GLFW Window	
2024-10-21 17:52:19 [DEBUG] tk.ff0044.lwkglTutorial.engine.Window.init()	Setting up the resize callback	
2024-10-21 17:52:19 [DEBUG] tk.ff0044.lwkglTutorial.engine.Window.init()	Centering the window	
2024-10-21 17:52:19 [DEBUG] tk.ff0044.lwkglTutorial.engine.Window.init()	Cleared color to 0,0,0,0 (rgba)	
2024-10-21 17:52:19 [DEBUG] tk.ff0044.lwkglTutorial.engine.Window.init()	Showing the window	
2024-10-21 17:52:19 [DEBUG] tk.ff0044.lwkglTutorial.engine.GameEngine.init()	Timer is initialised	
2024-10-21 17:52:19 [DEBUG] tk.ff0044.lwkglTutorial.engine.GameEngine.init()	Game Logic is initialised	
2024-10-21 17:52:19 [DEBUG] tk.ff0044.lwkglTutorial.engine.graph.ShaderProgram.createVertexShader()	Creating vertex shader	
2024-10-21 17:52:19 [DEBUG] tk.ff0044.lwkglTutorial.engine.graph.ShaderProgram.createShader()	Creating shader	
2024-10-21 17:52:19 [DEBUG] tk.ff0044.lwkglTutorial.engine.graph.ShaderProgram.createShader()	Referencing shader source	
2024-10-21 17:52:19 [INFO] tk.ff0044.lwkglTutorial.engine.graph.ShaderProgram.createShader()	Compiling Shaders	
2024-10-21 17:52:19 [INFO] tk.ff0044.lwkglTutorial.engine.graph.ShaderProgram.createShader()	Checking compile status	
2024-10-21 17:52:19 [INFO] tk.ff0044.lwkglTutorial.engine.graph.ShaderProgram.createShader()	Compile status: 1	
2024-10-21 17:52:19 [DEBUG] tk.ff0044.lwkglTutorial.engine.graph.ShaderProgram.createShader()	Attaching shader to program	
2024-10-21 17:52:19 [DEBUG] tk.ff0044.lwkglTutorial.engine.graph.ShaderProgram.createFragmentShader()	Creating fragment shader	
2024-10-21 17:52:19 [DEBUG] tk.ff0044.lwkglTutorial.engine.graph.ShaderProgram.createShader()	Creating shader	
2024-10-21 17:52:19 [DEBUG] tk.ff0044.lwkglTutorial.engine.graph.ShaderProgram.createShader()	Referencing shader source	
2024-10-21 17:52:19 [INFO] tk.ff0044.lwkglTutorial.engine.graph.ShaderProgram.createShader()	Compiling Shaders	
2024-10-21 17:52:19 [INFO] tk.ff0044.lwkglTutorial.engine.graph.ShaderProgram.createShader()	Checking compile status	
2024-10-21 17:52:19 [INFO] tk.ff0044.lwkglTutorial.engine.graph.ShaderProgram.createShader()	Compile status: 1	
2024-10-21 17:52:19 [DEBUG] tk.ff0044.lwkglTutorial.engine.graph.ShaderProgram.createShader()	Attaching shader to program	
2024-10-21 17:52:19 [DEBUG] tk.ff0044.lwkglTutorial.engine.graph.ShaderProgram.link()		
2024-10-21 17:52:19 [DEBUG] tk.ff0044.lwkglTutorial.engine.graph.ShaderProgram.link()	Detaching vertex shader	
2024-10-21 17:52:19 [DEBUG] tk.ff0044.lwkglTutorial.engine.graph.ShaderProgram.link()	Successfully detached vertex shader	
2024-10-21 17:52:19 [DEBUG] tk.ff0044.lwkglTutorial.engine.graph.ShaderProgram.link()	Detaching fragment shader	
2024-10-21 17:52:19 [DEBUG] tk.ff0044.lwkglTutorial.engine.graph.ShaderProgram.link()	Successfully detached fragment shader	
2024-10-21 17:52:19 [DEBUG] tk.ff0044.lwkglTutorial.engine.graph.ShaderProgram.link()	Validating shader code	
2024-10-21 17:52:59 [INFO] tk.ff0044.lwkglTutorial.game.MainKt.main()	vSync is true	
2024-10-21 17:52:59 [DEBUG] tk.ff0044.lwkglTutorial.engine.GameEngine.<init>()	Initialising Game Engine	
2024-10-21 17:52:59 [DEBUG] tk.ff0044.lwkglTutorial.engine.GameEngine.<init>()	Window is initialised with LWJGL Kotlin Tutorial, 1024, 786vSync is true	
2024-10-21 17:52:59 [DEBUG] tk.ff0044.lwkglTutorial.engine.GameEngine.<init>()	Timer is initialised	
2024-10-21 17:52:59 [INFO] tk.ff0044.lwkglTutorial.game.MainKt.main()	Running game engine	
2024-10-21 17:52:59 [DEBUG] tk.ff0044.lwkglTutorial.engine.GameEngine.init()	Window is initialised	
2024-10-21 17:52:59 [DEBUG] tk.ff0044.lwkglTutorial.engine.Window.init()	Initialising GLFW	
2024-10-21 17:52:59 [DEBUG] tk.ff0044.lwkglTutorial.engine.Window.init()	Using default window hints	
2024-10-21 17:52:59 [DEBUG] tk.ff0044.lwkglTutorial.engine.Window.init()	GLFW_VISIBLE is false	
2024-10-21 17:52:59 [DEBUG] tk.ff0044.lwkglTutorial.engine.Window.init()	GLFW_RESIZABLE is true	
2024-10-21 17:52:59 [DEBUG] tk.ff0044.lwkglTutorial.engine.Window.init()	GLFW_CONTEXT_VERSION is 3.3	
2024-10-21 17:52:59 [DEBUG] tk.ff0044.lwkglTutorial.engine.Window.init()	GLFW_OPENGL_PROFILE is core	
2024-10-21 17:52:59 [DEBUG] tk.ff0044.lwkglTutorial.engine.Window.init()	GLFW_OPENGL_FORWARD_COMPAT is true	
2024-10-21 17:52:59 [DEBUG] tk.ff0044.lwkglTutorial.engine.Window.init()	Creating GLFW Window	
2024-10-21 17:52:59 [DEBUG] tk.ff0044.lwkglTutorial.engine.Window.init()	Setting up the resize callback	
2024-10-21 17:52:59 [DEBUG] tk.ff0044.lwkglTutorial.engine.Window.init()	Centering the window	
2024-10-21 17:52:59 [DEBUG] tk.ff0044.lwkglTutorial.engine.Window.init()	Cleared color to 0,0,0,0 (rgba)	
2024-10-21 17:52:59 [DEBUG] tk.ff0044.lwkglTutorial.engine.Window.init()	Showing the window	
2024-10-21 17:52:59 [DEBUG] tk.ff0044.lwkglTutorial.engine.GameEngine.init()	Timer is initialised	
2024-10-21 17:52:59 [DEBUG] tk.ff0044.lwkglTutorial.engine.GameEngine.init()	Game Logic is initialised	
2024-10-21 17:52:59 [DEBUG] tk.ff0044.lwkglTutorial.engine.graph.ShaderProgram.createVertexShader()	Creating vertex shader	
2024-10-21 17:52:59 [DEBUG] tk.ff0044.lwkglTutorial.engine.graph.ShaderProgram.createShader()	Creating shader	
2024-10-21 17:52:59 [DEBUG] tk.ff0044.lwkglTutorial.engine.graph.ShaderProgram.createShader()	Referencing shader source	
2024-10-21 17:52:59 [INFO] tk.ff0044.lwkglTutorial.engine.graph.ShaderProgram.createShader()	Compiling Shaders	
2024-10-21 17:52:59 [INFO] tk.ff0044.lwkglTutorial.engine.graph.ShaderProgram.createShader()	Checking compile status	
2024-10-21 17:52:59 [INFO] tk.ff0044.lwkglTutorial.engine.graph.ShaderProgram.createShader()	Compile status: 1	
2024-10-21 17:52:59 [DEBUG] tk.ff0044.lwkglTutorial.engine.graph.ShaderProgram.createShader()	Attaching shader to program	
2024-10-21 17:52:59 [DEBUG] tk.ff0044.lwkglTutorial.engine.graph.ShaderProgram.createFragmentShader()	Creating fragment shader	
2024-10-21 17:52:59 [DEBUG] tk.ff0044.lwkglTutorial.engine.graph.ShaderProgram.createShader()	Creating shader	
2024-10-21 17:52:59 [DEBUG] tk.ff0044.lwkglTutorial.engine.graph.ShaderProgram.createShader()	Referencing shader source	
2024-10-21 17:52:59 [INFO] tk.ff0044.lwkglTutorial.engine.graph.ShaderProgram.createShader()	Compiling Shaders	
2024-10-21 17:52:59 [INFO] tk.ff0044.lwkglTutorial.engine.graph.ShaderProgram.createShader()	Checking compile status	
2024-10-21 17:52:59 [INFO] tk.ff0044.lwkglTutorial.engine.graph.ShaderProgram.createShader()	Compile status: 1	
2024-10-21 17:52:59 [DEBUG] tk.ff0044.lwkglTutorial.engine.graph.ShaderProgram.createShader()	Attaching shader to program	
2024-10-21 17:52:59 [DEBUG] tk.ff0044.lwkglTutorial.engine.graph.ShaderProgram.link()		
2024-10-21 17:52:59 [DEBUG] tk.ff0044.lwkglTutorial.engine.graph.ShaderProgram.link()	Detaching vertex shader	
2024-10-21 17:52:59 [DEBUG] tk.ff0044.lwkglTutorial.engine.graph.ShaderProgram.link()	Successfully detached vertex shader	
2024-10-21 17:52:59 [DEBUG] tk.ff0044.lwkglTutorial.engine.graph.ShaderProgram.link()	Detaching fragment shader	
2024-10-21 17:52:59 [DEBUG] tk.ff0044.lwkglTutorial.engine.graph.ShaderProgram.link()	Successfully detached fragment shader	
2024-10-21 17:52:59 [DEBUG] tk.ff0044.lwkglTutorial.engine.graph.ShaderProgram.link()	Validating shader code	
2024-10-21 17:53:16 [INFO] tk.ff0044.lwkglTutorial.game.MainKt.main()	vSync is true	
2024-10-21 17:53:16 [DEBUG] tk.ff0044.lwkglTutorial.engine.GameEngine.<init>()	Initialising Game Engine	
2024-10-21 17:53:16 [DEBUG] tk.ff0044.lwkglTutorial.engine.GameEngine.<init>()	Window is initialised with LWJGL Kotlin Tutorial, 1024, 786vSync is true	
2024-10-21 17:53:16 [DEBUG] tk.ff0044.lwkglTutorial.engine.GameEngine.<init>()	Timer is initialised	
2024-10-21 17:53:16 [INFO] tk.ff0044.lwkglTutorial.game.MainKt.main()	Running game engine	
2024-10-21 17:53:16 [DEBUG] tk.ff0044.lwkglTutorial.engine.GameEngine.init()	Window is initialised	
2024-10-21 17:53:16 [DEBUG] tk.ff0044.lwkglTutorial.engine.Window.init()	Initialising GLFW	
2024-10-21 17:53:16 [DEBUG] tk.ff0044.lwkglTutorial.engine.Window.init()	Using default window hints	
2024-10-21 17:53:16 [DEBUG] tk.ff0044.lwkglTutorial.engine.Window.init()	GLFW_VISIBLE is false	
2024-10-21 17:53:16 [DEBUG] tk.ff0044.lwkglTutorial.engine.Window.init()	GLFW_RESIZABLE is true	
2024-10-21 17:53:16 [DEBUG] tk.ff0044.lwkglTutorial.engine.Window.init()	GLFW_CONTEXT_VERSION is 3.3	
2024-10-21 17:53:16 [DEBUG] tk.ff0044.lwkglTutorial.engine.Window.init()	GLFW_OPENGL_PROFILE is core	
2024-10-21 17:53:16 [DEBUG] tk.ff0044.lwkglTutorial.engine.Window.init()	GLFW_OPENGL_FORWARD_COMPAT is true	
2024-10-21 17:53:16 [DEBUG] tk.ff0044.lwkglTutorial.engine.Window.init()	Creating GLFW Window	
2024-10-21 17:53:16 [DEBUG] tk.ff0044.lwkglTutorial.engine.Window.init()	Setting up the resize callback	
2024-10-21 17:53:16 [DEBUG] tk.ff0044.lwkglTutorial.engine.Window.init()	Centering the window	
2024-10-21 17:53:16 [DEBUG] tk.ff0044.lwkglTutorial.engine.Window.init()	Cleared color to 0,0,0,0 (rgba)	
2024-10-21 17:53:16 [DEBUG] tk.ff0044.lwkglTutorial.engine.Window.init()	Showing the window	
2024-10-21 17:53:16 [DEBUG] tk.ff0044.lwkglTutorial.engine.GameEngine.init()	Timer is initialised	
2024-10-21 17:53:16 [DEBUG] tk.ff0044.lwkglTutorial.engine.GameEngine.init()	Game Logic is initialised	
2024-10-21 17:53:16 [DEBUG] tk.ff0044.lwkglTutorial.engine.graph.ShaderProgram.createVertexShader()	Creating vertex shader	
2024-10-21 17:53:16 [DEBUG] tk.ff0044.lwkglTutorial.engine.graph.ShaderProgram.createShader()	Creating shader	
2024-10-21 17:53:16 [DEBUG] tk.ff0044.lwkglTutorial.engine.graph.ShaderProgram.createShader()	Referencing shader source	
2024-10-21 17:53:16 [INFO] tk.ff0044.lwkglTutorial.engine.graph.ShaderProgram.createShader()	Compiling Shaders	
2024-10-21 17:53:16 [INFO] tk.ff0044.lwkglTutorial.engine.graph.ShaderProgram.createShader()	Checking compile status	
2024-10-21 17:53:16 [INFO] tk.ff0044.lwkglTutorial.engine.graph.ShaderProgram.createShader()	Compile status: 1	
2024-10-21 17:53:16 [DEBUG] tk.ff0044.lwkglTutorial.engine.graph.ShaderProgram.createShader()	Attaching shader to program	
2024-10-21 17:53:16 [DEBUG] tk.ff0044.lwkglTutorial.engine.graph.ShaderProgram.createFragmentShader()	Creating fragment shader	
2024-10-21 17:53:16 [DEBUG] tk.ff0044.lwkglTutorial.engine.graph.ShaderProgram.createShader()	Creating shader	
2024-10-21 17:53:16 [DEBUG] tk.ff0044.lwkglTutorial.engine.graph.ShaderProgram.createShader()	Referencing shader source	
2024-10-21 17:53:16 [INFO] tk.ff0044.lwkglTutorial.engine.graph.ShaderProgram.createShader()	Compiling Shaders	
2024-10-21 17:53:16 [INFO] tk.ff0044.lwkglTutorial.engine.graph.ShaderProgram.createShader()	Checking compile status	
2024-10-21 17:53:16 [INFO] tk.ff0044.lwkglTutorial.engine.graph.ShaderProgram.createShader()	Compile status: 1	
2024-10-21 17:53:16 [DEBUG] tk.ff0044.lwkglTutorial.engine.graph.ShaderProgram.createShader()	Attaching shader to program	
2024-10-21 17:53:16 [DEBUG] tk.ff0044.lwkglTutorial.engine.graph.ShaderProgram.link()		
2024-10-21 17:53:16 [DEBUG] tk.ff0044.lwkglTutorial.engine.graph.ShaderProgram.link()	Detaching vertex shader	
2024-10-21 17:53:16 [DEBUG] tk.ff0044.lwkglTutorial.engine.graph.ShaderProgram.link()	Successfully detached vertex shader	
2024-10-21 17:53:16 [DEBUG] tk.ff0044.lwkglTutorial.engine.graph.ShaderProgram.link()	Detaching fragment shader	
2024-10-21 17:53:16 [DEBUG] tk.ff0044.lwkglTutorial.engine.graph.ShaderProgram.link()	Successfully detached fragment shader	
2024-10-21 17:53:16 [DEBUG] tk.ff0044.lwkglTutorial.engine.graph.ShaderProgram.link()	Validating shader code	
2024-10-21 17:55:28 [INFO] tk.ff0044.lwkglTutorial.game.MainKt.main()	Developer mode enabled, watch out 👻👻👻	
2024-10-21 17:55:28 [INFO] tk.ff0044.lwkglTutorial.game.MainKt.main()	vSync is true	
2024-10-21 17:55:28 [DEBUG] tk.ff0044.lwkglTutorial.engine.GameEngine.<init>()	Initialising Game Engine	
2024-10-21 17:55:28 [DEBUG] tk.ff0044.lwkglTutorial.engine.GameEngine.<init>()	Window is initialised with LWJGL Kotlin Tutorial [DEV], 1024, 786vSync is true	
2024-10-21 17:55:28 [DEBUG] tk.ff0044.lwkglTutorial.engine.GameEngine.<init>()	Timer is initialised	
2024-10-21 17:55:28 [INFO] tk.ff0044.lwkglTutorial.game.MainKt.main()	Running game engine	
2024-10-21 17:55:28 [DEBUG] tk.ff0044.lwkglTutorial.engine.GameEngine.init()	Window is initialised	
2024-10-21 17:55:28 [DEBUG] tk.ff0044.lwkglTutorial.engine.Window.init()	Initialising GLFW	
2024-10-21 17:55:28 [DEBUG] tk.ff0044.lwkglTutorial.engine.Window.init()	Using default window hints	
2024-10-21 17:55:28 [DEBUG] tk.ff0044.lwkglTutorial.engine.Window.init()	GLFW_VISIBLE is false	
2024-10-21 17:55:28 [DEBUG] tk.ff0044.lwkglTutorial.engine.Window.init()	GLFW_RESIZABLE is true	
2024-10-21 17:55:28 [DEBUG] tk.ff0044.lwkglTutorial.engine.Window.init()	GLFW_CONTEXT_VERSION is 3.3	
2024-10-21 17:55:28 [DEBUG] tk.ff0044.lwkglTutorial.engine.Window.init()	GLFW_OPENGL_PROFILE is core	
2024-10-21 17:55:28 [DEBUG] tk.ff0044.lwkglTutorial.engine.Window.init()	GLFW_OPENGL_FORWARD_COMPAT is true	
2024-10-21 17:55:28 [DEBUG] tk.ff0044.lwkglTutorial.engine.Window.init()	Creating GLFW Window	
2024-10-21 17:55:28 [DEBUG] tk.ff0044.lwkglTutorial.engine.Window.init()	Setting up the resize callback	
2024-10-21 17:55:28 [DEBUG] tk.ff0044.lwkglTutorial.engine.Window.init()	Centering the window	
2024-10-21 17:55:28 [DEBUG] tk.ff0044.lwkglTutorial.engine.Window.init()	Cleared color to 0,0,0,0 (rgba)	
2024-10-21 17:55:28 [DEBUG] tk.ff0044.lwkglTutorial.engine.Window.init()	Showing the window	
2024-10-21 17:55:28 [DEBUG] tk.ff0044.lwkglTutorial.engine.GameEngine.init()	Timer is initialised	
2024-10-21 17:55:28 [DEBUG] tk.ff0044.lwkglTutorial.engine.GameEngine.init()	Game Logic is initialised	
2024-10-21 17:55:28 [DEBUG] tk.ff0044.lwkglTutorial.engine.graph.ShaderProgram.createVertexShader()	Creating vertex shader	
2024-10-21 17:55:28 [DEBUG] tk.ff0044.lwkglTutorial.engine.graph.ShaderProgram.createShader()	Creating shader	
2024-10-21 17:55:28 [DEBUG] tk.ff0044.lwkglTutorial.engine.graph.ShaderProgram.createShader()	Referencing shader source	
2024-10-21 17:55:28 [INFO] tk.ff0044.lwkglTutorial.engine.graph.ShaderProgram.createShader()	Compiling Shaders	
2024-10-21 17:55:28 [INFO] tk.ff0044.lwkglTutorial.engine.graph.ShaderProgram.createShader()	Checking compile status	
2024-10-21 17:55:28 [INFO] tk.ff0044.lwkglTutorial.engine.graph.ShaderProgram.createShader()	Compile status: 1	
2024-10-21 17:55:28 [DEBUG] tk.ff0044.lwkglTutorial.engine.graph.ShaderProgram.createShader()	Attaching shader to program	
2024-10-21 17:55:28 [DEBUG] tk.ff0044.lwkglTutorial.engine.graph.ShaderProgram.createFragmentShader()	Creating fragment shader	
2024-10-21 17:55:28 [DEBUG] tk.ff0044.lwkglTutorial.engine.graph.ShaderProgram.createShader()	Creating shader	
2024-10-21 17:55:28 [DEBUG] tk.ff0044.lwkglTutorial.engine.graph.ShaderProgram.createShader()	Referencing shader source	
2024-10-21 17:55:28 [INFO] tk.ff0044.lwkglTutorial.engine.graph.ShaderProgram.createShader()	Compiling Shaders	
2024-10-21 17:55:28 [INFO] tk.ff0044.lwkglTutorial.engine.graph.ShaderProgram.createShader()	Checking compile status	
2024-10-21 17:55:28 [INFO] tk.ff0044.lwkglTutorial.engine.graph.ShaderProgram.createShader()	Compile status: 1	
2024-10-21 17:55:28 [DEBUG] tk.ff0044.lwkglTutorial.engine.graph.ShaderProgram.createShader()	Attaching shader to program	
2024-10-21 17:55:28 [DEBUG] tk.ff0044.lwkglTutorial.engine.graph.ShaderProgram.link()		
2024-10-21 17:55:28 [DEBUG] tk.ff0044.lwkglTutorial.engine.graph.ShaderProgram.link()	Detaching vertex shader	
2024-10-21 17:55:28 [DEBUG] tk.ff0044.lwkglTutorial.engine.graph.ShaderProgram.link()	Successfully detached vertex shader	
2024-10-21 17:55:28 [DEBUG] tk.ff0044.lwkglTutorial.engine.graph.ShaderProgram.link()	Detaching fragment shader	
2024-10-21 17:55:28 [DEBUG] tk.ff0044.lwkglTutorial.engine.graph.ShaderProgram.link()	Successfully detached fragment shader	
2024-10-21 17:55:28 [DEBUG] tk.ff0044.lwkglTutorial.engine.graph.ShaderProgram.link()	Validating shader code	
